Log file open, 03/29/22 15:26:19
LogWindows: Failed to load 'aqProf.dll' (GetLastError=126)
LogWindows: File 'aqProf.dll' does not exist
LogWindows: Failed to load 'VtuneApi.dll' (GetLastError=126)
LogWindows: File 'VtuneApi.dll' does not exist
LogWindows: Failed to load 'VtuneApi32e.dll' (GetLastError=126)
LogWindows: File 'VtuneApi32e.dll' does not exist
LogConsoleResponse: Display: Failed to find resolution value strings in scalability ini. Falling back to default.
LogConsoleResponse: Display: Failed to find resolution value strings in scalability ini. Falling back to default.
LogInit: Display: Running engine for game: Team6_LevelBlockout
LogPlatformFile: Not using cached read wrapper
LogTaskGraph: Started task graph with 5 named threads and 14 total threads with 3 sets of task threads.
LogStats: Stats thread started at 0.418812
LogICUInternationalization: ICU TimeZone Detection - Raw Offset: +1:00, Platform Override: ''
LogInit: Display: Loading text-based GConfig....
LogPluginManager: Mounting plugin MeshPainting
LogPluginManager: Mounting plugin XGEController
LogPluginManager: Mounting plugin Paper2D
LogPluginManager: Mounting plugin LiveLink
LogPluginManager: Mounting plugin LightPropagationVolume
LogPluginManager: Mounting plugin GameplayCameras
LogPluginManager: Mounting plugin OodleNetwork
LogPluginManager: Mounting plugin CameraShakePreviewer
LogPluginManager: Mounting plugin AnimationSharing
LogPluginManager: Mounting plugin OodleData
LogPluginManager: Mounting plugin CLionSourceCodeAccess
LogPluginManager: Mounting plugin CodeLiteSourceCodeAccess
LogPluginManager: Mounting plugin GitSourceControl
LogPluginManager: Mounting plugin NullSourceCodeAccess
LogPluginManager: Mounting plugin PerforceSourceControl
LogPluginManager: Mounting plugin PixWinPlugin
LogPluginManager: Mounting plugin KDevelopSourceCodeAccess
LogPluginManager: Mounting plugin PlasticSourceControl
LogPluginManager: Mounting plugin PluginUtils
LogPluginManager: Mounting plugin RiderSourceCodeAccess
LogPluginManager: Mounting plugin SubversionSourceControl
LogPluginManager: Mounting plugin PropertyAccessNode
LogPluginManager: Mounting plugin TextureFormatOodle
LogPluginManager: Mounting plugin UObjectPlugin
LogPluginManager: Mounting plugin VisualStudioCodeSourceCodeAccess
LogPluginManager: Mounting plugin VisualStudioSourceCodeAccess
LogPluginManager: Mounting plugin XCodeSourceCodeAccess
LogPluginManager: Mounting plugin AssetManagerEditor
LogPluginManager: Mounting plugin CryptoKeys
LogPluginManager: Mounting plugin CurveEditorTools
LogPluginManager: Mounting plugin DataValidation
LogPluginManager: Mounting plugin FacialAnimation
LogPluginManager: Mounting plugin GeometryMode
LogPluginManager: Mounting plugin MacGraphicsSwitching
LogPluginManager: Mounting plugin MaterialAnalyzer
LogPluginManager: Mounting plugin MobileLauncherProfileWizard
LogPluginManager: Mounting plugin PluginBrowser
LogPluginManager: Mounting plugin DatasmithContent
LogPluginManager: Mounting plugin VariantManagerContent
LogPluginManager: Mounting plugin AlembicImporter
LogPluginManager: Mounting plugin AutomationUtils
LogPluginManager: Mounting plugin BackChannel
LogPluginManager: Mounting plugin ChaosCloth
LogPluginManager: Mounting plugin ChaosClothEditor
LogPluginManager: Mounting plugin SpeedTreeImporter
LogPluginManager: Mounting plugin ChaosEditor
LogPluginManager: Mounting plugin ChaosNiagara
LogPluginManager: Mounting plugin GameplayTagsEditor
LogPluginManager: Mounting plugin CharacterAI
LogPluginManager: Mounting plugin ChaosSolverPlugin
LogPluginManager: Mounting plugin ControlRig
LogPluginManager: Mounting plugin Niagara
LogPluginManager: Mounting plugin GeometryCache
LogPluginManager: Mounting plugin GeometryCollectionPlugin
LogPluginManager: Mounting plugin GeometryProcessing
LogPluginManager: Mounting plugin MotoSynth
LogPluginManager: Mounting plugin OpenImageDenoise
LogPluginManager: Mounting plugin PlanarCut
LogPluginManager: Mounting plugin PlatformCrypto
LogPluginManager: Mounting plugin ProxyLODPlugin
LogPluginManager: Mounting plugin PythonScriptPlugin
LogPluginManager: Mounting plugin SkeletalReduction
LogPluginManager: Mounting plugin LuminPlatformFeatures
LogPluginManager: Mounting plugin MagicLeap
LogPluginManager: Mounting plugin MagicLeapLightEstimation
LogPluginManager: Mounting plugin MagicLeapMedia
LogPluginManager: Mounting plugin MagicLeapPassableWorld
LogPluginManager: Mounting plugin MLSDK
LogPluginManager: Mounting plugin BlockoutToolsPlugin
LogPluginManager: Mounting plugin ElectronicNodes
LogPluginManager: Mounting plugin AndroidMedia
LogPluginManager: Mounting plugin AvfMedia
LogPluginManager: Mounting plugin ImgMedia
LogPluginManager: Mounting plugin MediaCompositing
LogPluginManager: Mounting plugin MediaPlayerEditor
LogPluginManager: Mounting plugin WebMMedia
LogPluginManager: Mounting plugin WmfMedia
LogPluginManager: Mounting plugin TcpMessaging
LogPluginManager: Mounting plugin UdpMessaging
LogPluginManager: Mounting plugin ActorSequence
LogPluginManager: Mounting plugin MatineeToLevelSequence
LogPluginManager: Mounting plugin TemplateSequence
LogPluginManager: Mounting plugin LevelSequenceEditor
LogPluginManager: Mounting plugin OnlineSubsystem
LogPluginManager: Mounting plugin OnlineSubsystemNull
LogPluginManager: Mounting plugin OnlineSubsystemUtils
LogPluginManager: Mounting plugin LauncherChunkInstaller
LogPluginManager: Mounting plugin ActorLayerUtilities
LogPluginManager: Mounting plugin AndroidDeviceProfileSelector
LogPluginManager: Mounting plugin AndroidMoviePlayer
LogPluginManager: Mounting plugin AndroidPermission
LogPluginManager: Mounting plugin AppleImageUtils
LogPluginManager: Mounting plugin AppleMoviePlayer
LogPluginManager: Mounting plugin ArchVisCharacter
LogPluginManager: Mounting plugin AssetTags
LogPluginManager: Mounting plugin AudioCapture
LogPluginManager: Mounting plugin AudioSynesthesia
LogPluginManager: Mounting plugin CableComponent
LogPluginManager: Mounting plugin ChunkDownloader
LogPluginManager: Mounting plugin CustomMeshComponent
LogPluginManager: Mounting plugin EditableMesh
LogPluginManager: Mounting plugin ExampleDeviceProfileSelector
LogPluginManager: Mounting plugin GoogleCloudMessaging
LogPluginManager: Mounting plugin GooglePAD
LogPluginManager: Mounting plugin IOSDeviceProfileSelector
LogPluginManager: Mounting plugin LinuxDeviceProfileSelector
LogPluginManager: Mounting plugin LocationServicesBPLibrary
LogPluginManager: Mounting plugin MobilePatchingUtils
LogPluginManager: Mounting plugin OpenXRHandTracking
LogPluginManager: Mounting plugin OpenXR
LogPluginManager: Mounting plugin PhysXVehicles
LogPluginManager: Mounting plugin PostSplashScreen
LogPluginManager: Mounting plugin ProceduralMeshComponent
LogPluginManager: Mounting plugin PropertyAccessEditor
LogPluginManager: Mounting plugin RuntimePhysXCooking
LogPluginManager: Mounting plugin SignificanceManager
LogPluginManager: Mounting plugin OpenXREyeTracker
LogPluginManager: Mounting plugin SoundFields
LogPluginManager: Mounting plugin Synthesis
LogPluginManager: Mounting plugin WebMMoviePlayer
LogPluginManager: Mounting plugin WindowsMoviePlayer
LogPluginManager: Mounting plugin ScreenshotTools
LogPluginManager: Mounting plugin Takes
LogPluginManager: Mounting plugin AISupport
LogPluginManager: Mounting plugin EnvironmentQueryEditor
LogPluginManager: Mounting plugin ContentBrowserAssetDataSource
LogPluginManager: Mounting plugin ContentBrowserClassDataSource
LogPluginManager: Mounting plugin ContentBrowserFileDataSource
LogPluginManager: Mounting plugin OnlineSubsystemGooglePlay
LogPluginManager: Mounting plugin OnlineSubsystemIOS
LogPluginManager: Mounting plugin OculusVR
LogPluginManager: Mounting plugin SteamVR
PixWinPlugin: PIX capture plugin failed to initialize! Check that the process is launched from PIX.
LogInit: Using libcurl 7.55.1-DEV
LogInit:  - built for x86_64-pc-win32
LogInit:  - supports SSL with OpenSSL/1.1.1
LogInit:  - supports HTTP deflate (compression) using libz 1.2.8
LogInit:  - other features:
LogInit:      CURL_VERSION_SSL
LogInit:      CURL_VERSION_LIBZ
LogInit:      CURL_VERSION_IPV6
LogInit:      CURL_VERSION_ASYNCHDNS
LogInit:      CURL_VERSION_LARGEFILE
LogInit:      CURL_VERSION_IDN
LogInit:  CurlRequestOptions (configurable via config and command line):
LogInit:  - bVerifyPeer = true  - Libcurl will verify peer certificate
LogInit:  - bUseHttpProxy = false  - Libcurl will NOT use HTTP proxy
LogInit:  - bDontReuseConnections = false  - Libcurl will reuse connections
LogInit:  - MaxHostConnections = 16  - Libcurl will limit the number of connections to a host
LogInit:  - LocalHostAddr = Default
LogInit:  - BufferSize = 65536
LogOnline: OSS: Creating online subsystem instance for: NULL
LogInit: WinSock: version 1.1 (2.2), MaxSocks=32767, MaxUdp=65467
LogOnline: OSS: TryLoadSubsystemAndSetDefault: Loaded subsystem for module [NULL]
LogOculusPluginWrapper: OculusPlugin initialized successfully
LogHMD: Failed initializing OVRPlugin 1.59.0
LogInit: Build: ++UE4+Release-4.27-CL-18319896
LogInit: Engine Version: 4.27.2-18319896+++UE4+Release-4.27
LogInit: Compatible Engine Version: 4.27.0-17155196+++UE4+Release-4.27
LogInit: Net CL: 17155196
LogInit: OS: Windows 10 (Release 2009) (), CPU: Intel(R) Core(TM) i5-6600 CPU @ 3.30GHz, GPU: NVIDIA GeForce GTX 1070
LogInit: Compiled (64-bit): Nov 30 2021 07:12:08
LogInit: Compiled with Visual C++: 19.24.28315.00
LogInit: Build Configuration: Development
LogInit: Branch Name: ++UE4+Release-4.27
LogInit: Command Line:  -EpicPortal -epicusername=Katjakajo -epicuserid=2f57c2d046e94936a63b7a07e8eda430 -epiclocale=en -epicsandboxid=ue
LogInit: Base Directory: D:/Program/UE_4.27/Engine/Binaries/Win64/
LogInit: Allocator: TBB
LogInit: Installed Engine Build: 1
LogDevObjectVersion: Number of dev versions registered: 29
LogDevObjectVersion:   Dev-Blueprints (B0D832E4-1F89-4F0D-ACCF-7EB736FD4AA2): 10
LogDevObjectVersion:   Dev-Build (E1C64328-A22C-4D53-A36C-8E866417BD8C): 0
LogDevObjectVersion:   Dev-Core (375EC13C-06E4-48FB-B500-84F0262A717E): 4
LogDevObjectVersion:   Dev-Editor (E4B068ED-F494-42E9-A231-DA0B2E46BB41): 40
LogDevObjectVersion:   Dev-Framework (CFFC743F-43B0-4480-9391-14DF171D2073): 37
LogDevObjectVersion:   Dev-Mobile (B02B49B5-BB20-44E9-A304-32B752E40360): 3
LogDevObjectVersion:   Dev-Networking (A4E4105C-59A1-49B5-A7C5-40C4547EDFEE): 0
LogDevObjectVersion:   Dev-Online (39C831C9-5AE6-47DC-9A44-9C173E1C8E7C): 0
LogDevObjectVersion:   Dev-Physics (78F01B33-EBEA-4F98-B9B4-84EACCB95AA2): 14
LogDevObjectVersion:   Dev-Platform (6631380F-2D4D-43E0-8009-CF276956A95A): 0
LogDevObjectVersion:   Dev-Rendering (12F88B9F-8875-4AFC-A67C-D90C383ABD29): 45
LogDevObjectVersion:   Dev-Sequencer (7B5AE74C-D270-4C10-A958-57980B212A5A): 13
LogDevObjectVersion:   Dev-VR (D7296918-1DD6-4BDD-9DE2-64A83CC13884): 3
LogDevObjectVersion:   Dev-LoadTimes (C2A15278-BFE7-4AFE-6C17-90FF531DF755): 1
LogDevObjectVersion:   Private-Geometry (6EACA3D4-40EC-4CC1-B786-8BED09428FC5): 3
LogDevObjectVersion:   Dev-AnimPhys (29E575DD-E0A3-4627-9D10-D276232CDCEA): 17
LogDevObjectVersion:   Dev-Anim (AF43A65D-7FD3-4947-9873-3E8ED9C1BB05): 15
LogDevObjectVersion:   Dev-ReflectionCapture (6B266CEC-1EC7-4B8F-A30B-E4D90942FC07): 1
LogDevObjectVersion:   Dev-Automation (0DF73D61-A23F-47EA-B727-89E90C41499A): 1
LogDevObjectVersion:   FortniteMain (601D1886-AC64-4F84-AA16-D3DE0DEAC7D6): 47
LogDevObjectVersion:   FortniteRelease (E7086368-6B23-4C58-8439-1B7016265E91): 1
LogDevObjectVersion:   Dev-Enterprise (9DFFBCD6-494F-0158-E221-12823C92A888): 10
LogDevObjectVersion:   Dev-Niagara (F2AED0AC-9AFE-416F-8664-AA7FFA26D6FC): 1
LogDevObjectVersion:   Dev-Destruction (174F1F0B-B4C6-45A5-B13F-2EE8D0FB917D): 10
LogDevObjectVersion:   Dev-Physics-Ext (35F94A83-E258-406C-A318-09F59610247C): 41
LogDevObjectVersion:   Dev-PhysicsMaterial-Chaos (B68FC16E-8B1B-42E2-B453-215C058844FE): 1
LogDevObjectVersion:   Dev-CineCamera (B2E18506-4273-CFC2-A54E-F4BB758BBA07): 1
LogDevObjectVersion:   Dev-VirtualProduction (64F58936-FD1B-42BA-BA96-7289D5D0FA4E): 1
LogDevObjectVersion:   Dev-MediaFramework (6F0ED827-A609-4895-9C91-998D90180EA4): 2
LogInit: Presizing for max 25165824 objects, including 0 objects not considered by GC, pre-allocating 0 bytes for permanent pool.
LogConfig: Applying CVar settings from Section [/Script/Engine.StreamingSettings] File [D:/Dokument/Github/urban-factory-doodle/Team6_LevelBlockout/Saved/Config/Windows/Engine.ini]
LogConfig: Setting CVar [[s.MinBulkDataSizeForAsyncLoading:131072]]
LogConfig: Setting CVar [[s.AsyncLoadingThreadEnabled:0]]
LogConfig: Setting CVar [[s.EventDrivenLoaderEnabled:1]]
LogConfig: Setting CVar [[s.WarnIfTimeLimitExceeded:0]]
LogConfig: Setting CVar [[s.TimeLimitExceededMultiplier:1.5]]
LogConfig: Setting CVar [[s.TimeLimitExceededMinTime:0.005]]
LogConfig: Setting CVar [[s.UseBackgroundLevelStreaming:1]]
LogConfig: Setting CVar [[s.PriorityAsyncLoadingExtraTime:15.0]]
LogConfig: Setting CVar [[s.LevelStreamingActorsUpdateTimeLimit:5.0]]
LogConfig: Setting CVar [[s.PriorityLevelStreamingActorsUpdateExtraTime:5.0]]
LogConfig: Setting CVar [[s.LevelStreamingComponentsRegistrationGranularity:10]]
LogConfig: Setting CVar [[s.UnregisterComponentsTimeLimit:1.0]]
LogConfig: Setting CVar [[s.LevelStreamingComponentsUnregistrationGranularity:5]]
LogConfig: Setting CVar [[s.FlushStreamingOnExit:1]]
LogInit: Object subsystem initialized
LogConfig: Setting CVar [[con.DebugEarlyDefault:1]]
LogConfig: Setting CVar [[r.setres:1280x720]]
[2022.03.29-13.26.20:390][  0]LogConfig: Setting CVar [[r.VSync:0]]
[2022.03.29-13.26.20:390][  0]LogConfig: Setting CVar [[r.RHICmdBypass:0]]
[2022.03.29-13.26.20:390][  0]LogConfig: Applying CVar settings from Section [/Script/Engine.RendererSettings] File [D:/Dokument/Github/urban-factory-doodle/Team6_LevelBlockout/Saved/Config/Windows/Engine.ini]
[2022.03.29-13.26.20:390][  0]LogConfig: Setting CVar [[r.GPUCrashDebugging:0]]
[2022.03.29-13.26.20:390][  0]LogConfig: Applying CVar settings from Section [/Script/Engine.RendererOverrideSettings] File [D:/Dokument/Github/urban-factory-doodle/Team6_LevelBlockout/Saved/Config/Windows/Engine.ini]
[2022.03.29-13.26.20:390][  0]LogConfig: Applying CVar settings from Section [/Script/Engine.StreamingSettings] File [D:/Dokument/Github/urban-factory-doodle/Team6_LevelBlockout/Saved/Config/Windows/Engine.ini]
[2022.03.29-13.26.20:390][  0]LogConfig: Setting CVar [[s.MinBulkDataSizeForAsyncLoading:131072]]
[2022.03.29-13.26.20:390][  0]LogConfig: Setting CVar [[s.AsyncLoadingThreadEnabled:0]]
[2022.03.29-13.26.20:390][  0]LogConfig: Setting CVar [[s.EventDrivenLoaderEnabled:1]]
[2022.03.29-13.26.20:390][  0]LogConfig: Setting CVar [[s.WarnIfTimeLimitExceeded:0]]
[2022.03.29-13.26.20:390][  0]LogConfig: Setting CVar [[s.TimeLimitExceededMultiplier:1.5]]
[2022.03.29-13.26.20:390][  0]LogConfig: Setting CVar [[s.TimeLimitExceededMinTime:0.005]]
[2022.03.29-13.26.20:390][  0]LogConfig: Setting CVar [[s.UseBackgroundLevelStreaming:1]]
[2022.03.29-13.26.20:390][  0]LogConfig: Setting CVar [[s.PriorityAsyncLoadingExtraTime:15.0]]
[2022.03.29-13.26.20:390][  0]LogConfig: Setting CVar [[s.LevelStreamingActorsUpdateTimeLimit:5.0]]
[2022.03.29-13.26.20:390][  0]LogConfig: Setting CVar [[s.PriorityLevelStreamingActorsUpdateExtraTime:5.0]]
[2022.03.29-13.26.20:390][  0]LogConfig: Setting CVar [[s.LevelStreamingComponentsRegistrationGranularity:10]]
[2022.03.29-13.26.20:390][  0]LogConfig: Setting CVar [[s.UnregisterComponentsTimeLimit:1.0]]
[2022.03.29-13.26.20:390][  0]LogConfig: Setting CVar [[s.LevelStreamingComponentsUnregistrationGranularity:5]]
[2022.03.29-13.26.20:390][  0]LogConfig: Setting CVar [[s.FlushStreamingOnExit:1]]
[2022.03.29-13.26.20:390][  0]LogConfig: Applying CVar settings from Section [/Script/Engine.GarbageCollectionSettings] File [D:/Dokument/Github/urban-factory-doodle/Team6_LevelBlockout/Saved/Config/Windows/Engine.ini]
[2022.03.29-13.26.20:390][  0]LogConfig: Setting CVar [[gc.MaxObjectsNotConsideredByGC:1]]
[2022.03.29-13.26.20:390][  0]LogConfig: Setting CVar [[gc.SizeOfPermanentObjectPool:0]]
[2022.03.29-13.26.20:390][  0]LogConfig: Setting CVar [[gc.FlushStreamingOnGC:0]]
[2022.03.29-13.26.20:390][  0]LogConfig: Setting CVar [[gc.NumRetriesBeforeForcingGC:10]]
[2022.03.29-13.26.20:390][  0]LogConfig: Setting CVar [[gc.AllowParallelGC:1]]
[2022.03.29-13.26.20:390][  0]LogConfig: Setting CVar [[gc.TimeBetweenPurgingPendingKillObjects:61.1]]
[2022.03.29-13.26.20:391][  0]LogConfig: Setting CVar [[gc.MaxObjectsInEditor:25165824]]
[2022.03.29-13.26.20:391][  0]LogConfig: Setting CVar [[gc.IncrementalBeginDestroyEnabled:1]]
[2022.03.29-13.26.20:391][  0]LogConfig: Setting CVar [[gc.CreateGCClusters:1]]
[2022.03.29-13.26.20:391][  0]LogConfig: Setting CVar [[gc.MinGCClusterSize:5]]
[2022.03.29-13.26.20:391][  0]LogConfig: Setting CVar [[gc.ActorClusteringEnabled:0]]
[2022.03.29-13.26.20:391][  0]LogConfig: Setting CVar [[gc.BlueprintClusteringEnabled:0]]
[2022.03.29-13.26.20:391][  0]LogConfig: Setting CVar [[gc.UseDisregardForGCOnDedicatedServers:0]]
[2022.03.29-13.26.20:391][  0]LogConfig: Setting CVar [[gc.MultithreadedDestructionEnabled:1]]
[2022.03.29-13.26.20:391][  0]LogConfig: Applying CVar settings from Section [/Script/Engine.NetworkSettings] File [D:/Dokument/Github/urban-factory-doodle/Team6_LevelBlockout/Saved/Config/Windows/Engine.ini]
[2022.03.29-13.26.20:391][  0]LogConfig: Applying CVar settings from Section [/Script/UnrealEd.CookerSettings] File [D:/Dokument/Github/urban-factory-doodle/Team6_LevelBlockout/Saved/Config/Windows/Engine.ini]
[2022.03.29-13.26.20:465][  0]LogConfig: Applying CVar settings from Section [ViewDistanceQuality@3] File [D:/Dokument/Github/urban-factory-doodle/Team6_LevelBlockout/Saved/Config/Windows/Scalability.ini]
[2022.03.29-13.26.20:465][  0]LogConfig: Setting CVar [[r.SkeletalMeshLODBias:0]]
[2022.03.29-13.26.20:465][  0]LogConfig: Setting CVar [[r.ViewDistanceScale:1.0]]
[2022.03.29-13.26.20:465][  0]LogConfig: Applying CVar settings from Section [AntiAliasingQuality@3] File [D:/Dokument/Github/urban-factory-doodle/Team6_LevelBlockout/Saved/Config/Windows/Scalability.ini]
[2022.03.29-13.26.20:465][  0]LogConfig: Setting CVar [[r.PostProcessAAQuality:4]]
[2022.03.29-13.26.20:465][  0]LogConfig: Applying CVar settings from Section [ShadowQuality@3] File [D:/Dokument/Github/urban-factory-doodle/Team6_LevelBlockout/Saved/Config/Windows/Scalability.ini]
[2022.03.29-13.26.20:465][  0]LogConfig: Setting CVar [[r.LightFunctionQuality:1]]
[2022.03.29-13.26.20:465][  0]LogConfig: Setting CVar [[r.ShadowQuality:5]]
[2022.03.29-13.26.20:465][  0]LogConfig: Setting CVar [[r.Shadow.CSM.MaxCascades:10]]
[2022.03.29-13.26.20:465][  0]LogConfig: Setting CVar [[r.Shadow.MaxResolution:2048]]
[2022.03.29-13.26.20:465][  0]LogConfig: Setting CVar [[r.Shadow.MaxCSMResolution:2048]]
[2022.03.29-13.26.20:465][  0]LogConfig: Setting CVar [[r.Shadow.RadiusThreshold:0.01]]
[2022.03.29-13.26.20:465][  0]LogConfig: Setting CVar [[r.Shadow.DistanceScale:1.0]]
[2022.03.29-13.26.20:465][  0]LogConfig: Setting CVar [[r.Shadow.CSM.TransitionScale:1.0]]
[2022.03.29-13.26.20:465][  0]LogConfig: Setting CVar [[r.Shadow.PreShadowResolutionFactor:1.0]]
[2022.03.29-13.26.20:465][  0]LogConfig: Setting CVar [[r.DistanceFieldShadowing:1]]
[2022.03.29-13.26.20:465][  0]LogConfig: Setting CVar [[r.DistanceFieldAO:1]]
[2022.03.29-13.26.20:465][  0]LogConfig: Setting CVar [[r.AOQuality:2]]
[2022.03.29-13.26.20:465][  0]LogConfig: Setting CVar [[r.VolumetricFog:1]]
[2022.03.29-13.26.20:465][  0]LogConfig: Setting CVar [[r.VolumetricFog.GridPixelSize:8]]
[2022.03.29-13.26.20:465][  0]LogConfig: Setting CVar [[r.VolumetricFog.GridSizeZ:128]]
[2022.03.29-13.26.20:465][  0]LogConfig: Setting CVar [[r.VolumetricFog.HistoryMissSupersampleCount:4]]
[2022.03.29-13.26.20:465][  0]LogConfig: Setting CVar [[r.LightMaxDrawDistanceScale:1]]
[2022.03.29-13.26.20:465][  0]LogConfig: Setting CVar [[r.CapsuleShadows:1]]
[2022.03.29-13.26.20:465][  0]LogConfig: Applying CVar settings from Section [PostProcessQuality@3] File [D:/Dokument/Github/urban-factory-doodle/Team6_LevelBlockout/Saved/Config/Windows/Scalability.ini]
[2022.03.29-13.26.20:466][  0]LogConfig: Setting CVar [[r.MotionBlurQuality:4]]
[2022.03.29-13.26.20:466][  0]LogConfig: Setting CVar [[r.AmbientOcclusionMipLevelFactor:0.4]]
[2022.03.29-13.26.20:466][  0]LogConfig: Setting CVar [[r.AmbientOcclusionMaxQuality:100]]
[2022.03.29-13.26.20:466][  0]LogConfig: Setting CVar [[r.AmbientOcclusionLevels:-1]]
[2022.03.29-13.26.20:466][  0]LogConfig: Setting CVar [[r.AmbientOcclusionRadiusScale:1.0]]
[2022.03.29-13.26.20:466][  0]LogConfig: Setting CVar [[r.DepthOfFieldQuality:2]]
[2022.03.29-13.26.20:466][  0]LogConfig: Setting CVar [[r.RenderTargetPoolMin:400]]
[2022.03.29-13.26.20:466][  0]LogConfig: Setting CVar [[r.LensFlareQuality:2]]
[2022.03.29-13.26.20:466][  0]LogConfig: Setting CVar [[r.SceneColorFringeQuality:1]]
[2022.03.29-13.26.20:466][  0]LogConfig: Setting CVar [[r.EyeAdaptationQuality:2]]
[2022.03.29-13.26.20:466][  0]LogConfig: Setting CVar [[r.BloomQuality:5]]
[2022.03.29-13.26.20:466][  0]LogConfig: Setting CVar [[r.FastBlurThreshold:100]]
[2022.03.29-13.26.20:467][  0]LogConfig: Setting CVar [[r.Upscale.Quality:3]]
[2022.03.29-13.26.20:467][  0]LogConfig: Setting CVar [[r.Tonemapper.GrainQuantization:1]]
[2022.03.29-13.26.20:467][  0]LogConfig: Setting CVar [[r.LightShaftQuality:1]]
[2022.03.29-13.26.20:467][  0]LogConfig: Setting CVar [[r.Filter.SizeScale:1]]
[2022.03.29-13.26.20:467][  0]LogConfig: Setting CVar [[r.Tonemapper.Quality:5]]
[2022.03.29-13.26.20:467][  0]LogConfig: Setting CVar [[r.DOF.Gather.AccumulatorQuality:1        ; higher gathering accumulator quality]]
[2022.03.29-13.26.20:467][  0]LogConfig: Setting CVar [[r.DOF.Gather.PostfilterMethod:1          ; Median3x3 postfilering method]]
[2022.03.29-13.26.20:467][  0]LogConfig: Setting CVar [[r.DOF.Gather.EnableBokehSettings:0       ; no bokeh simulation when gathering]]
[2022.03.29-13.26.20:467][  0]LogConfig: Setting CVar [[r.DOF.Gather.RingCount:4                 ; medium number of samples when gathering]]
[2022.03.29-13.26.20:467][  0]LogConfig: Setting CVar [[r.DOF.Scatter.ForegroundCompositing:1    ; additive foreground scattering]]
[2022.03.29-13.26.20:467][  0]LogConfig: Setting CVar [[r.DOF.Scatter.BackgroundCompositing:2    ; additive background scattering]]
[2022.03.29-13.26.20:467][  0]LogConfig: Setting CVar [[r.DOF.Scatter.EnableBokehSettings:1      ; bokeh simulation when scattering]]
[2022.03.29-13.26.20:467][  0]LogConfig: Setting CVar [[r.DOF.Scatter.MaxSpriteRatio:0.1         ; only a maximum of 10% of scattered bokeh]]
[2022.03.29-13.26.20:467][  0]LogConfig: Setting CVar [[r.DOF.Recombine.Quality:1                ; cheap slight out of focus]]
[2022.03.29-13.26.20:467][  0]LogConfig: Setting CVar [[r.DOF.Recombine.EnableBokehSettings:0    ; no bokeh simulation on slight out of focus]]
[2022.03.29-13.26.20:467][  0]LogConfig: Setting CVar [[r.DOF.TemporalAAQuality:1                ; more stable temporal accumulation]]
[2022.03.29-13.26.20:467][  0]LogConfig: Setting CVar [[r.DOF.Kernel.MaxForegroundRadius:0.025]]
[2022.03.29-13.26.20:467][  0]LogConfig: Setting CVar [[r.DOF.Kernel.MaxBackgroundRadius:0.025]]
[2022.03.29-13.26.20:467][  0]LogConfig: Applying CVar settings from Section [TextureQuality@3] File [D:/Dokument/Github/urban-factory-doodle/Team6_LevelBlockout/Saved/Config/Windows/Scalability.ini]
[2022.03.29-13.26.20:467][  0]LogConfig: Setting CVar [[r.Streaming.MipBias:0]]
[2022.03.29-13.26.20:467][  0]LogConfig: Setting CVar [[r.Streaming.AmortizeCPUToGPUCopy:0]]
[2022.03.29-13.26.20:467][  0]LogConfig: Setting CVar [[r.Streaming.MaxNumTexturesToStreamPerFrame:0]]
[2022.03.29-13.26.20:467][  0]LogConfig: Setting CVar [[r.Streaming.Boost:1]]
[2022.03.29-13.26.20:467][  0]LogConfig: Setting CVar [[r.MaxAnisotropy:8]]
[2022.03.29-13.26.20:467][  0]LogConfig: Setting CVar [[r.VT.MaxAnisotropy:8]]
[2022.03.29-13.26.20:467][  0]LogConfig: Setting CVar [[r.Streaming.LimitPoolSizeToVRAM:0]]
[2022.03.29-13.26.20:467][  0]LogConfig: Setting CVar [[r.Streaming.PoolSize:1000]]
[2022.03.29-13.26.20:467][  0]LogConfig: Setting CVar [[r.Streaming.MaxEffectiveScreenSize:0]]
[2022.03.29-13.26.20:467][  0]LogConfig: Applying CVar settings from Section [EffectsQuality@3] File [D:/Dokument/Github/urban-factory-doodle/Team6_LevelBlockout/Saved/Config/Windows/Scalability.ini]
[2022.03.29-13.26.20:467][  0]LogConfig: Setting CVar [[r.TranslucencyLightingVolumeDim:64]]
[2022.03.29-13.26.20:467][  0]LogConfig: Setting CVar [[r.RefractionQuality:2]]
[2022.03.29-13.26.20:467][  0]LogConfig: Setting CVar [[r.SSR.Quality:3]]
[2022.03.29-13.26.20:467][  0]LogConfig: Setting CVar [[r.SSR.HalfResSceneColor:0]]
[2022.03.29-13.26.20:467][  0]LogConfig: Setting CVar [[r.SceneColorFormat:4]]
[2022.03.29-13.26.20:467][  0]LogConfig: Setting CVar [[r.DetailMode:2]]
[2022.03.29-13.26.20:467][  0]LogConfig: Setting CVar [[r.TranslucencyVolumeBlur:1]]
[2022.03.29-13.26.20:468][  0]LogConfig: Setting CVar [[r.MaterialQualityLevel:1 ; High quality]]
[2022.03.29-13.26.20:468][  0]LogConfig: Setting CVar [[r.AnisotropicMaterials:1]]
[2022.03.29-13.26.20:468][  0]LogConfig: Setting CVar [[r.SSS.Scale:1]]
[2022.03.29-13.26.20:468][  0]LogConfig: Setting CVar [[r.SSS.SampleSet:2]]
[2022.03.29-13.26.20:468][  0]LogConfig: Setting CVar [[r.SSS.Quality:1]]
[2022.03.29-13.26.20:468][  0]LogConfig: Setting CVar [[r.SSS.HalfRes:0]]
[2022.03.29-13.26.20:468][  0]LogConfig: Setting CVar [[r.SSGI.Quality:3]]
[2022.03.29-13.26.20:468][  0]LogConfig: Setting CVar [[r.EmitterSpawnRateScale:1.0]]
[2022.03.29-13.26.20:468][  0]LogConfig: Setting CVar [[r.ParticleLightQuality:2]]
[2022.03.29-13.26.20:468][  0]LogConfig: Setting CVar [[r.SkyAtmosphere.AerialPerspectiveLUT.FastApplyOnOpaque:1 ; Always have FastSkyLUT 1 in this case to avoid wrong sky]]
[2022.03.29-13.26.20:468][  0]LogConfig: Setting CVar [[r.SkyAtmosphere.AerialPerspectiveLUT.SampleCountMaxPerSlice:4]]
[2022.03.29-13.26.20:468][  0]LogConfig: Setting CVar [[r.SkyAtmosphere.AerialPerspectiveLUT.DepthResolution:16.0]]
[2022.03.29-13.26.20:468][  0]LogConfig: Setting CVar [[r.SkyAtmosphere.FastSkyLUT:1]]
[2022.03.29-13.26.20:468][  0]LogConfig: Setting CVar [[r.SkyAtmosphere.FastSkyLUT.SampleCountMin:4.0]]
[2022.03.29-13.26.20:468][  0]LogConfig: Setting CVar [[r.SkyAtmosphere.FastSkyLUT.SampleCountMax:128.0]]
[2022.03.29-13.26.20:468][  0]LogConfig: Setting CVar [[r.SkyAtmosphere.SampleCountMin:4.0]]
[2022.03.29-13.26.20:468][  0]LogConfig: Setting CVar [[r.SkyAtmosphere.SampleCountMax:128.0]]
[2022.03.29-13.26.20:468][  0]LogConfig: Setting CVar [[r.SkyAtmosphere.TransmittanceLUT.UseSmallFormat:0]]
[2022.03.29-13.26.20:468][  0]LogConfig: Setting CVar [[r.SkyAtmosphere.TransmittanceLUT.SampleCount:10.0]]
[2022.03.29-13.26.20:468][  0]LogConfig: Setting CVar [[r.SkyAtmosphere.MultiScatteringLUT.SampleCount:15.0]]
[2022.03.29-13.26.20:468][  0]LogConfig: Setting CVar [[r.SkyLight.RealTimeReflectionCapture:1]]
[2022.03.29-13.26.20:468][  0]LogConfig: Applying CVar settings from Section [FoliageQuality@3] File [D:/Dokument/Github/urban-factory-doodle/Team6_LevelBlockout/Saved/Config/Windows/Scalability.ini]
[2022.03.29-13.26.20:468][  0]LogConfig: Setting CVar [[foliage.DensityScale:1.0]]
[2022.03.29-13.26.20:468][  0]LogConfig: Setting CVar [[grass.DensityScale:1.0]]
[2022.03.29-13.26.20:468][  0]LogConfig: Applying CVar settings from Section [ShadingQuality@3] File [D:/Dokument/Github/urban-factory-doodle/Team6_LevelBlockout/Saved/Config/Windows/Scalability.ini]
[2022.03.29-13.26.20:468][  0]LogConfig: Setting CVar [[r.HairStrands.SkyLighting.IntegrationType:2]]
[2022.03.29-13.26.20:468][  0]LogConfig: Setting CVar [[r.HairStrands.SkyAO.SampleCount:4]]
[2022.03.29-13.26.20:468][  0]LogConfig: Setting CVar [[r.HairStrands.Visibility.MSAA.SamplePerPixel:4]]
[2022.03.29-13.26.20:468][  0]LogInit: Selected Device Profile: [Windows]
[2022.03.29-13.26.20:468][  0]LogInit: Applying CVar settings loaded from the selected device profile: [Windows]
[2022.03.29-13.26.20:468][  0]LogHAL: Display: Platform has ~ 16 GB [17110474752 / 17179869184 / 16], which maps to Larger [LargestMinGB=32, LargerMinGB=12, DefaultMinGB=8, SmallerMinGB=6, SmallestMinGB=0)
[2022.03.29-13.26.20:468][  0]LogInit: Going up to parent DeviceProfile []
[2022.03.29-13.26.20:469][  0]LogConfig: Applying CVar settings from Section [ViewDistanceQuality@3] File [D:/Dokument/Github/urban-factory-doodle/Team6_LevelBlockout/Saved/Config/Windows/Scalability.ini]
[2022.03.29-13.26.20:469][  0]LogConfig: Setting CVar [[r.SkeletalMeshLODBias:0]]
[2022.03.29-13.26.20:469][  0]LogConfig: Setting CVar [[r.ViewDistanceScale:1.0]]
[2022.03.29-13.26.20:469][  0]LogConfig: Applying CVar settings from Section [AntiAliasingQuality@3] File [D:/Dokument/Github/urban-factory-doodle/Team6_LevelBlockout/Saved/Config/Windows/Scalability.ini]
[2022.03.29-13.26.20:469][  0]LogConfig: Setting CVar [[r.PostProcessAAQuality:4]]
[2022.03.29-13.26.20:469][  0]LogConfig: Applying CVar settings from Section [ShadowQuality@3] File [D:/Dokument/Github/urban-factory-doodle/Team6_LevelBlockout/Saved/Config/Windows/Scalability.ini]
[2022.03.29-13.26.20:469][  0]LogConfig: Setting CVar [[r.LightFunctionQuality:1]]
[2022.03.29-13.26.20:469][  0]LogConfig: Setting CVar [[r.ShadowQuality:5]]
[2022.03.29-13.26.20:469][  0]LogConfig: Setting CVar [[r.Shadow.CSM.MaxCascades:10]]
[2022.03.29-13.26.20:469][  0]LogConfig: Setting CVar [[r.Shadow.MaxResolution:2048]]
[2022.03.29-13.26.20:469][  0]LogConfig: Setting CVar [[r.Shadow.MaxCSMResolution:2048]]
[2022.03.29-13.26.20:469][  0]LogConfig: Setting CVar [[r.Shadow.RadiusThreshold:0.01]]
[2022.03.29-13.26.20:469][  0]LogConfig: Setting CVar [[r.Shadow.DistanceScale:1.0]]
[2022.03.29-13.26.20:469][  0]LogConfig: Setting CVar [[r.Shadow.CSM.TransitionScale:1.0]]
[2022.03.29-13.26.20:469][  0]LogConfig: Setting CVar [[r.Shadow.PreShadowResolutionFactor:1.0]]
[2022.03.29-13.26.20:469][  0]LogConfig: Setting CVar [[r.DistanceFieldShadowing:1]]
[2022.03.29-13.26.20:469][  0]LogConfig: Setting CVar [[r.DistanceFieldAO:1]]
[2022.03.29-13.26.20:469][  0]LogConfig: Setting CVar [[r.AOQuality:2]]
[2022.03.29-13.26.20:469][  0]LogConfig: Setting CVar [[r.VolumetricFog:1]]
[2022.03.29-13.26.20:469][  0]LogConfig: Setting CVar [[r.VolumetricFog.GridPixelSize:8]]
[2022.03.29-13.26.20:469][  0]LogConfig: Setting CVar [[r.VolumetricFog.GridSizeZ:128]]
[2022.03.29-13.26.20:469][  0]LogConfig: Setting CVar [[r.VolumetricFog.HistoryMissSupersampleCount:4]]
[2022.03.29-13.26.20:469][  0]LogConfig: Setting CVar [[r.LightMaxDrawDistanceScale:1]]
[2022.03.29-13.26.20:469][  0]LogConfig: Setting CVar [[r.CapsuleShadows:1]]
[2022.03.29-13.26.20:469][  0]LogConfig: Applying CVar settings from Section [PostProcessQuality@3] File [D:/Dokument/Github/urban-factory-doodle/Team6_LevelBlockout/Saved/Config/Windows/Scalability.ini]
[2022.03.29-13.26.20:469][  0]LogConfig: Setting CVar [[r.MotionBlurQuality:4]]
[2022.03.29-13.26.20:469][  0]LogConfig: Setting CVar [[r.AmbientOcclusionMipLevelFactor:0.4]]
[2022.03.29-13.26.20:469][  0]LogConfig: Setting CVar [[r.AmbientOcclusionMaxQuality:100]]
[2022.03.29-13.26.20:469][  0]LogConfig: Setting CVar [[r.AmbientOcclusionLevels:-1]]
[2022.03.29-13.26.20:469][  0]LogConfig: Setting CVar [[r.AmbientOcclusionRadiusScale:1.0]]
[2022.03.29-13.26.20:469][  0]LogConfig: Setting CVar [[r.DepthOfFieldQuality:2]]
[2022.03.29-13.26.20:469][  0]LogConfig: Setting CVar [[r.RenderTargetPoolMin:400]]
[2022.03.29-13.26.20:469][  0]LogConfig: Setting CVar [[r.LensFlareQuality:2]]
[2022.03.29-13.26.20:469][  0]LogConfig: Setting CVar [[r.SceneColorFringeQuality:1]]
[2022.03.29-13.26.20:469][  0]LogConfig: Setting CVar [[r.EyeAdaptationQuality:2]]
[2022.03.29-13.26.20:469][  0]LogConfig: Setting CVar [[r.BloomQuality:5]]
[2022.03.29-13.26.20:469][  0]LogConfig: Setting CVar [[r.FastBlurThreshold:100]]
[2022.03.29-13.26.20:469][  0]LogConfig: Setting CVar [[r.Upscale.Quality:3]]
[2022.03.29-13.26.20:469][  0]LogConfig: Setting CVar [[r.Tonemapper.GrainQuantization:1]]
[2022.03.29-13.26.20:469][  0]LogConfig: Setting CVar [[r.LightShaftQuality:1]]
[2022.03.29-13.26.20:469][  0]LogConfig: Setting CVar [[r.Filter.SizeScale:1]]
[2022.03.29-13.26.20:470][  0]LogConfig: Setting CVar [[r.Tonemapper.Quality:5]]
[2022.03.29-13.26.20:470][  0]LogConfig: Setting CVar [[r.DOF.Gather.AccumulatorQuality:1        ; higher gathering accumulator quality]]
[2022.03.29-13.26.20:470][  0]LogConfig: Setting CVar [[r.DOF.Gather.PostfilterMethod:1          ; Median3x3 postfilering method]]
[2022.03.29-13.26.20:470][  0]LogConfig: Setting CVar [[r.DOF.Gather.EnableBokehSettings:0       ; no bokeh simulation when gathering]]
[2022.03.29-13.26.20:470][  0]LogConfig: Setting CVar [[r.DOF.Gather.RingCount:4                 ; medium number of samples when gathering]]
[2022.03.29-13.26.20:470][  0]LogConfig: Setting CVar [[r.DOF.Scatter.ForegroundCompositing:1    ; additive foreground scattering]]
[2022.03.29-13.26.20:470][  0]LogConfig: Setting CVar [[r.DOF.Scatter.BackgroundCompositing:2    ; additive background scattering]]
[2022.03.29-13.26.20:470][  0]LogConfig: Setting CVar [[r.DOF.Scatter.EnableBokehSettings:1      ; bokeh simulation when scattering]]
[2022.03.29-13.26.20:470][  0]LogConfig: Setting CVar [[r.DOF.Scatter.MaxSpriteRatio:0.1         ; only a maximum of 10% of scattered bokeh]]
[2022.03.29-13.26.20:470][  0]LogConfig: Setting CVar [[r.DOF.Recombine.Quality:1                ; cheap slight out of focus]]
[2022.03.29-13.26.20:470][  0]LogConfig: Setting CVar [[r.DOF.Recombine.EnableBokehSettings:0    ; no bokeh simulation on slight out of focus]]
[2022.03.29-13.26.20:470][  0]LogConfig: Setting CVar [[r.DOF.TemporalAAQuality:1                ; more stable temporal accumulation]]
[2022.03.29-13.26.20:470][  0]LogConfig: Setting CVar [[r.DOF.Kernel.MaxForegroundRadius:0.025]]
[2022.03.29-13.26.20:470][  0]LogConfig: Setting CVar [[r.DOF.Kernel.MaxBackgroundRadius:0.025]]
[2022.03.29-13.26.20:470][  0]LogConfig: Applying CVar settings from Section [TextureQuality@3] File [D:/Dokument/Github/urban-factory-doodle/Team6_LevelBlockout/Saved/Config/Windows/Scalability.ini]
[2022.03.29-13.26.20:470][  0]LogConfig: Setting CVar [[r.Streaming.MipBias:0]]
[2022.03.29-13.26.20:470][  0]LogConfig: Setting CVar [[r.Streaming.AmortizeCPUToGPUCopy:0]]
[2022.03.29-13.26.20:470][  0]LogConfig: Setting CVar [[r.Streaming.MaxNumTexturesToStreamPerFrame:0]]
[2022.03.29-13.26.20:470][  0]LogConfig: Setting CVar [[r.Streaming.Boost:1]]
[2022.03.29-13.26.20:470][  0]LogConfig: Setting CVar [[r.MaxAnisotropy:8]]
[2022.03.29-13.26.20:470][  0]LogConfig: Setting CVar [[r.VT.MaxAnisotropy:8]]
[2022.03.29-13.26.20:470][  0]LogConfig: Setting CVar [[r.Streaming.LimitPoolSizeToVRAM:0]]
[2022.03.29-13.26.20:470][  0]LogConfig: Setting CVar [[r.Streaming.PoolSize:1000]]
[2022.03.29-13.26.20:470][  0]LogConfig: Setting CVar [[r.Streaming.MaxEffectiveScreenSize:0]]
[2022.03.29-13.26.20:470][  0]LogConfig: Applying CVar settings from Section [EffectsQuality@3] File [D:/Dokument/Github/urban-factory-doodle/Team6_LevelBlockout/Saved/Config/Windows/Scalability.ini]
[2022.03.29-13.26.20:470][  0]LogConfig: Setting CVar [[r.TranslucencyLightingVolumeDim:64]]
[2022.03.29-13.26.20:470][  0]LogConfig: Setting CVar [[r.RefractionQuality:2]]
[2022.03.29-13.26.20:470][  0]LogConfig: Setting CVar [[r.SSR.Quality:3]]
[2022.03.29-13.26.20:470][  0]LogConfig: Setting CVar [[r.SSR.HalfResSceneColor:0]]
[2022.03.29-13.26.20:470][  0]LogConfig: Setting CVar [[r.SceneColorFormat:4]]
[2022.03.29-13.26.20:470][  0]LogConfig: Setting CVar [[r.DetailMode:2]]
[2022.03.29-13.26.20:470][  0]LogConfig: Setting CVar [[r.TranslucencyVolumeBlur:1]]
[2022.03.29-13.26.20:470][  0]LogConfig: Setting CVar [[r.MaterialQualityLevel:1 ; High quality]]
[2022.03.29-13.26.20:470][  0]LogConfig: Setting CVar [[r.AnisotropicMaterials:1]]
[2022.03.29-13.26.20:470][  0]LogConfig: Setting CVar [[r.SSS.Scale:1]]
[2022.03.29-13.26.20:470][  0]LogConfig: Setting CVar [[r.SSS.SampleSet:2]]
[2022.03.29-13.26.20:470][  0]LogConfig: Setting CVar [[r.SSS.Quality:1]]
[2022.03.29-13.26.20:471][  0]LogConfig: Setting CVar [[r.SSS.HalfRes:0]]
[2022.03.29-13.26.20:471][  0]LogConfig: Setting CVar [[r.SSGI.Quality:3]]
[2022.03.29-13.26.20:471][  0]LogConfig: Setting CVar [[r.EmitterSpawnRateScale:1.0]]
[2022.03.29-13.26.20:471][  0]LogConfig: Setting CVar [[r.ParticleLightQuality:2]]
[2022.03.29-13.26.20:471][  0]LogConfig: Setting CVar [[r.SkyAtmosphere.AerialPerspectiveLUT.FastApplyOnOpaque:1 ; Always have FastSkyLUT 1 in this case to avoid wrong sky]]
[2022.03.29-13.26.20:471][  0]LogConfig: Setting CVar [[r.SkyAtmosphere.AerialPerspectiveLUT.SampleCountMaxPerSlice:4]]
[2022.03.29-13.26.20:471][  0]LogConfig: Setting CVar [[r.SkyAtmosphere.AerialPerspectiveLUT.DepthResolution:16.0]]
[2022.03.29-13.26.20:471][  0]LogConfig: Setting CVar [[r.SkyAtmosphere.FastSkyLUT:1]]
[2022.03.29-13.26.20:471][  0]LogConfig: Setting CVar [[r.SkyAtmosphere.FastSkyLUT.SampleCountMin:4.0]]
[2022.03.29-13.26.20:471][  0]LogConfig: Setting CVar [[r.SkyAtmosphere.FastSkyLUT.SampleCountMax:128.0]]
[2022.03.29-13.26.20:471][  0]LogConfig: Setting CVar [[r.SkyAtmosphere.SampleCountMin:4.0]]
[2022.03.29-13.26.20:471][  0]LogConfig: Setting CVar [[r.SkyAtmosphere.SampleCountMax:128.0]]
[2022.03.29-13.26.20:471][  0]LogConfig: Setting CVar [[r.SkyAtmosphere.TransmittanceLUT.UseSmallFormat:0]]
[2022.03.29-13.26.20:471][  0]LogConfig: Setting CVar [[r.SkyAtmosphere.TransmittanceLUT.SampleCount:10.0]]
[2022.03.29-13.26.20:471][  0]LogConfig: Setting CVar [[r.SkyAtmosphere.MultiScatteringLUT.SampleCount:15.0]]
[2022.03.29-13.26.20:471][  0]LogConfig: Setting CVar [[r.SkyLight.RealTimeReflectionCapture:1]]
[2022.03.29-13.26.20:471][  0]LogConfig: Applying CVar settings from Section [FoliageQuality@3] File [D:/Dokument/Github/urban-factory-doodle/Team6_LevelBlockout/Saved/Config/Windows/Scalability.ini]
[2022.03.29-13.26.20:471][  0]LogConfig: Setting CVar [[foliage.DensityScale:1.0]]
[2022.03.29-13.26.20:471][  0]LogConfig: Setting CVar [[grass.DensityScale:1.0]]
[2022.03.29-13.26.20:471][  0]LogConfig: Applying CVar settings from Section [ShadingQuality@3] File [D:/Dokument/Github/urban-factory-doodle/Team6_LevelBlockout/Saved/Config/Windows/Scalability.ini]
[2022.03.29-13.26.20:471][  0]LogConfig: Setting CVar [[r.HairStrands.SkyLighting.IntegrationType:2]]
[2022.03.29-13.26.20:471][  0]LogConfig: Setting CVar [[r.HairStrands.SkyAO.SampleCount:4]]
[2022.03.29-13.26.20:471][  0]LogConfig: Setting CVar [[r.HairStrands.Visibility.MSAA.SamplePerPixel:4]]
[2022.03.29-13.26.20:471][  0]LogConfig: Applying CVar settings from Section [Startup] File [../../../Engine/Config/ConsoleVariables.ini]
[2022.03.29-13.26.20:472][  0]LogConfig: Setting CVar [[net.UseAdaptiveNetUpdateFrequency:0]]
[2022.03.29-13.26.20:472][  0]LogConfig: Setting CVar [[p.chaos.AllowCreatePhysxBodies:1]]
[2022.03.29-13.26.20:472][  0]LogConfig: Setting CVar [[fx.SkipVectorVMBackendOptimizations:1]]
[2022.03.29-13.26.20:472][  0]LogConfig: Applying CVar settings from Section [ConsoleVariables] File [D:/Dokument/Github/urban-factory-doodle/Team6_LevelBlockout/Saved/Config/Windows/Engine.ini]
[2022.03.29-13.26.20:472][  0]LogConfig: Applying CVar settings from Section [ConsoleVariables] File [D:/Dokument/Github/urban-factory-doodle/Team6_LevelBlockout/Saved/Config/Windows/Editor.ini]
[2022.03.29-13.26.20:472][  0]LogInit: Computer: DESKTOP-0R11B1V
[2022.03.29-13.26.20:472][  0]LogInit: User: Madmin
[2022.03.29-13.26.20:472][  0]LogInit: CPU Page size=4096, Cores=4
[2022.03.29-13.26.20:472][  0]LogInit: High frequency timer resolution =10.000000 MHz
[2022.03.29-13.26.20:472][  0]LogMemory: Memory total: Physical=15.9GB (16GB approx)
[2022.03.29-13.26.20:472][  0]LogMemory: Platform Memory Stats for Windows
[2022.03.29-13.26.20:472][  0]LogMemory: Process Physical Memory: 142.39 MB used, 142.39 MB peak
[2022.03.29-13.26.20:472][  0]LogMemory: Process Virtual Memory: 127.46 MB used, 127.46 MB peak
[2022.03.29-13.26.20:472][  0]LogMemory: Physical Memory: 11546.59 MB used,  4771.23 MB free, 16317.82 MB total
[2022.03.29-13.26.20:472][  0]LogMemory: Virtual Memory: 134202464.00 MB used,  15261.97 MB free, 134217728.00 MB total
[2022.03.29-13.26.20:480][  0]LogWindows: WindowsPlatformFeatures enabled
[2022.03.29-13.26.20:550][  0]LogInit: Physics initialised using underlying interface: PhysX
[2022.03.29-13.26.20:551][  0]LogInit: Using OS detected language (sv-SE).
[2022.03.29-13.26.20:551][  0]LogInit: Using OS detected locale (sv-SE).
[2022.03.29-13.26.20:555][  0]LogTextLocalizationManager: No localization for 'sv-SE' exists, so 'en' will be used for the language.
[2022.03.29-13.26.20:957][  0]LogInit: Setting process to per monitor DPI aware
[2022.03.29-13.26.20:974][  0]LogWindowsTextInputMethodSystem: Display: IME system deactivated.
[2022.03.29-13.26.20:995][  0]LogSlate: New Slate User Created.  User Index 0, Is Virtual User: 0
[2022.03.29-13.26.20:995][  0]LogSlate: Slate User Registered.  User Index 0, Is Virtual User: 0
[2022.03.29-13.26.21:324][  0]LogD3D11RHI: Loaded GFSDK_Aftermath_Lib.x64.dll
[2022.03.29-13.26.21:328][  0]LogHMD: Failed to initialize OpenVR with code 110
[2022.03.29-13.26.21:328][  0]LogD3D11RHI: D3D11 min allowed feature level: 11_0
[2022.03.29-13.26.21:328][  0]LogD3D11RHI: D3D11 max allowed feature level: 11_0
[2022.03.29-13.26.21:328][  0]LogD3D11RHI: D3D11 adapters:
[2022.03.29-13.26.21:465][  0]LogD3D11RHI:    0. 'NVIDIA GeForce GTX 1070' (Feature Level 11_0)
[2022.03.29-13.26.21:465][  0]LogD3D11RHI:       8088/0/8158 MB DedicatedVideo/DedicatedSystem/SharedSystem, Outputs:2, VendorId:0x10de
[2022.03.29-13.26.21:468][  0]LogD3D11RHI:    1. 'Microsoft Basic Render Driver' (Feature Level 11_0)
[2022.03.29-13.26.21:468][  0]LogD3D11RHI:       0/0/8158 MB DedicatedVideo/DedicatedSystem/SharedSystem, Outputs:0, VendorId:0x1414
[2022.03.29-13.26.21:468][  0]LogD3D11RHI: Chosen D3D11 Adapter:
[2022.03.29-13.26.21:469][  0]LogD3D11RHI:     Description : NVIDIA GeForce GTX 1070
[2022.03.29-13.26.21:469][  0]LogD3D11RHI:     VendorId    : 10de
[2022.03.29-13.26.21:469][  0]LogD3D11RHI:     DeviceId    : 1b81
[2022.03.29-13.26.21:469][  0]LogD3D11RHI:     SubSysId    : 859f1043
[2022.03.29-13.26.21:469][  0]LogD3D11RHI:     Revision    : 00a1
[2022.03.29-13.26.21:469][  0]LogD3D11RHI:     DedicatedVideoMemory : 8480882688 bytes
[2022.03.29-13.26.21:469][  0]LogD3D11RHI:     DedicatedSystemMemory : 0 bytes
[2022.03.29-13.26.21:469][  0]LogD3D11RHI:     SharedSystemMemory : 8555237376 bytes
[2022.03.29-13.26.21:469][  0]LogD3D11RHI:     AdapterLuid : 0 41568
[2022.03.29-13.26.21:479][  0]LogD3D11RHI: Creating new Direct3DDevice
[2022.03.29-13.26.21:479][  0]LogD3D11RHI:     GPU DeviceId: 0x1b81 (for the marketing name, search the web for "GPU Device Id")
[2022.03.29-13.26.21:479][  0]LogWindows: EnumDisplayDevices:
[2022.03.29-13.26.21:479][  0]LogWindows:    0. 'NVIDIA GeForce GTX 1070' (P:1 D:1)
[2022.03.29-13.26.21:480][  0]LogWindows:    1. 'NVIDIA GeForce GTX 1070' (P:0 D:1)
[2022.03.29-13.26.21:480][  0]LogWindows:    2. 'NVIDIA GeForce GTX 1070' (P:0 D:0)
[2022.03.29-13.26.21:480][  0]LogWindows:    3. 'NVIDIA GeForce GTX 1070' (P:0 D:0)
[2022.03.29-13.26.21:481][  0]LogWindows: DebugString: FoundDriverCount:4 
[2022.03.29-13.26.21:481][  0]LogD3D11RHI:     Adapter Name: NVIDIA GeForce GTX 1070
[2022.03.29-13.26.21:481][  0]LogD3D11RHI:   Driver Version: 511.79 (internal:30.0.15.1179, unified:511.79)
[2022.03.29-13.26.21:481][  0]LogD3D11RHI:      Driver Date: 2-10-2022
[2022.03.29-13.26.21:481][  0]LogRHI: Texture pool is 5661 MB (70% of 8088 MB)
[2022.03.29-13.26.21:481][  0]LogD3D11RHI: Creating D3DDevice using adapter:
[2022.03.29-13.26.21:481][  0]LogD3D11RHI:     Description : NVIDIA GeForce GTX 1070
[2022.03.29-13.26.21:481][  0]LogD3D11RHI:     VendorId    : 10de
[2022.03.29-13.26.21:481][  0]LogD3D11RHI:     DeviceId    : 1b81
[2022.03.29-13.26.21:481][  0]LogD3D11RHI:     SubSysId    : 859f1043
[2022.03.29-13.26.21:481][  0]LogD3D11RHI:     Revision    : 00a1
[2022.03.29-13.26.21:481][  0]LogD3D11RHI:     DedicatedVideoMemory : 8480882688 bytes
[2022.03.29-13.26.21:481][  0]LogD3D11RHI:     DedicatedSystemMemory : 0 bytes
[2022.03.29-13.26.21:481][  0]LogD3D11RHI:     SharedSystemMemory : 8555237376 bytes
[2022.03.29-13.26.21:481][  0]LogD3D11RHI:     AdapterLuid : 0 41568
[2022.03.29-13.26.21:554][  0]LogD3D11RHI: RHI has support for 64 bit atomics
[2022.03.29-13.26.21:555][  0]LogD3D11RHI: Async texture creation enabled
[2022.03.29-13.26.21:555][  0]LogD3D11RHI: Array index from any shader is supported
[2022.03.29-13.26.21:583][  0]LogD3D11RHI: GPU Timing Frequency: 1000.000000 (Debug: 2 1)
[2022.03.29-13.26.21:650][  0]LogRHI: GeForceNow SDK initialized: 1
[2022.03.29-13.26.22:563][  0]LogTargetPlatformManager: Display: Loaded TargetPlatform 'AllDesktop'
[2022.03.29-13.26.22:593][  0]LogTargetPlatformManager: Display: Loaded TargetPlatform 'Android'
[2022.03.29-13.26.22:593][  0]LogTargetPlatformManager: Display: Loaded TargetPlatform 'Android_ASTC'
[2022.03.29-13.26.22:594][  0]LogTargetPlatformManager: Display: Loaded TargetPlatform 'Android_DXT'
[2022.03.29-13.26.22:594][  0]LogTargetPlatformManager: Display: Loaded TargetPlatform 'Android_ETC2'
[2022.03.29-13.26.22:594][  0]LogTargetPlatformManager: Display: Loaded TargetPlatform 'AndroidClient'
[2022.03.29-13.26.22:594][  0]LogTargetPlatformManager: Display: Loaded TargetPlatform 'Android_ASTCClient'
[2022.03.29-13.26.22:594][  0]LogTargetPlatformManager: Display: Loaded TargetPlatform 'Android_DXTClient'
[2022.03.29-13.26.22:594][  0]LogTargetPlatformManager: Display: Loaded TargetPlatform 'Android_ETC2Client'
[2022.03.29-13.26.22:594][  0]LogTargetPlatformManager: Display: Loaded TargetPlatform 'Android_Multi'
[2022.03.29-13.26.22:594][  0]LogTargetPlatformManager: Display: Loaded TargetPlatform 'Android_MultiClient'
[2022.03.29-13.26.22:623][  0]LogTargetPlatformManager: Display: Loaded TargetPlatform 'IOSClient'
[2022.03.29-13.26.22:623][  0]LogTargetPlatformManager: Display: Loaded TargetPlatform 'IOS'
[2022.03.29-13.26.22:634][  0]LogTargetPlatformManager: Display: Loaded TargetPlatform 'Linux'
[2022.03.29-13.26.22:640][  0]LogTargetPlatformManager: Display: Loaded TargetPlatform 'LinuxNoEditor'
[2022.03.29-13.26.22:646][  0]LogTargetPlatformManager: Display: Loaded TargetPlatform 'LinuxClient'
[2022.03.29-13.26.22:652][  0]LogTargetPlatformManager: Display: Loaded TargetPlatform 'LinuxServer'
[2022.03.29-13.26.22:663][  0]LogTargetPlatformManager: Display: Loaded TargetPlatform 'LinuxAArch64NoEditor'
[2022.03.29-13.26.22:669][  0]LogTargetPlatformManager: Display: Loaded TargetPlatform 'LinuxAArch64Client'
[2022.03.29-13.26.22:675][  0]LogTargetPlatformManager: Display: Loaded TargetPlatform 'LinuxAArch64Server'
[2022.03.29-13.26.22:703][  0]LogTargetPlatformManager: Display: Loaded TargetPlatform 'Lumin'
[2022.03.29-13.26.22:703][  0]LogTargetPlatformManager: Display: Loaded TargetPlatform 'LuminClient'
[2022.03.29-13.26.22:713][  0]LogTargetPlatformManager: Display: Loaded TargetPlatform 'MacNoEditor'
[2022.03.29-13.26.22:719][  0]LogTargetPlatformManager: Display: Loaded TargetPlatform 'Mac'
[2022.03.29-13.26.22:724][  0]LogTargetPlatformManager: Display: Loaded TargetPlatform 'MacClient'
[2022.03.29-13.26.22:730][  0]LogTargetPlatformManager: Display: Loaded TargetPlatform 'MacServer'
[2022.03.29-13.26.22:743][  0]LogTargetPlatformManager: Display: Loaded TargetPlatform 'TVOSClient'
[2022.03.29-13.26.22:743][  0]LogTargetPlatformManager: Display: Loaded TargetPlatform 'TVOS'
[2022.03.29-13.26.22:754][  0]LogTargetPlatformManager: Display: Loaded TargetPlatform 'WindowsNoEditor'
[2022.03.29-13.26.22:760][  0]LogTargetPlatformManager: Display: Loaded TargetPlatform 'Windows'
[2022.03.29-13.26.22:766][  0]LogTargetPlatformManager: Display: Loaded TargetPlatform 'WindowsClient'
[2022.03.29-13.26.22:772][  0]LogTargetPlatformManager: Display: Loaded TargetPlatform 'WindowsServer'
[2022.03.29-13.26.22:772][  0]LogTargetPlatformManager: Display: Building Assets For Windows
[2022.03.29-13.26.22:782][  0]LogAudioDebug: Display: Lib vorbis DLL was dynamically loaded.
[2022.03.29-13.26.22:823][  0]LogTextureFormatOodle: Display: Oodle Texture 2.9.0 init RDO Off
[2022.03.29-13.26.22:869][  0]LogRendererCore: Ray tracing is disabled. Reason: r.RayTracing=0.
[2022.03.29-13.26.22:869][  0]LogShaderCompilers: Guid format shader working directory is -24 characters bigger than the processId version (../../../../../Dokument/Github/urban-factory-doodle/Team6_LevelBlockout/Intermediate/Shaders/WorkingDirectory/6320/).
[2022.03.29-13.26.22:869][  0]LogShaderCompilers: Cleaned the shader compiler working directory 'C:/Users/Madmin/AppData/Local/Temp/UnrealShaderWorkingDir/7299105649830C6681970BB58C9CED63/'.
[2022.03.29-13.26.22:869][  0]LogXGEController: Cannot use XGE Controller as Incredibuild is not installed on this machine.
[2022.03.29-13.26.22:869][  0]LogShaderCompilers: Cannot use XGE Shader Compiler as Incredibuild is not installed on this machine.
[2022.03.29-13.26.22:869][  0]LogShaderCompilers: Display: Using Local Shader Compiler.
[2022.03.29-13.26.23:957][  0]LogDerivedDataCache: Display: Max Cache Size: 512 MB
[2022.03.29-13.26.24:056][  0]LogDerivedDataCache: Loaded boot cache 0.10s 94MB C:/Users/Madmin/AppData/Local/UnrealEngine/4.27/DerivedDataCache/Boot.ddc.
[2022.03.29-13.26.24:056][  0]LogDerivedDataCache: Display: Loaded Boot cache: C:/Users/Madmin/AppData/Local/UnrealEngine/4.27/DerivedDataCache/Boot.ddc
[2022.03.29-13.26.24:056][  0]LogDerivedDataCache: FDerivedDataBackendGraph:  Pak pak cache file ../../../../../Dokument/Github/urban-factory-doodle/Team6_LevelBlockout/DerivedDataCache/DDC.ddp not found, will not use a pak cache.
[2022.03.29-13.26.24:056][  0]LogDerivedDataCache: Unable to find inner node Pak for hierarchical cache Hierarchy.
[2022.03.29-13.26.24:056][  0]LogDerivedDataCache: FDerivedDataBackendGraph:  CompressedPak pak cache file ../../../../../Dokument/Github/urban-factory-doodle/Team6_LevelBlockout/DerivedDataCache/Compressed.ddp not found, will not use a pak cache.
[2022.03.29-13.26.24:056][  0]LogDerivedDataCache: Unable to find inner node CompressedPak for hierarchical cache Hierarchy.
[2022.03.29-13.26.24:079][  0]LogDerivedDataCache: Display: Pak cache opened for reading ../../../Engine/DerivedDataCache/Compressed.ddp.
[2022.03.29-13.26.24:079][  0]LogDerivedDataCache: FDerivedDataBackendGraph:  EnterprisePak pak cache file ../../../Enterprise/DerivedDataCache/Compressed.ddp not found, will not use a pak cache.
[2022.03.29-13.26.24:079][  0]LogDerivedDataCache: Unable to find inner node EnterprisePak for hierarchical cache Hierarchy.
[2022.03.29-13.26.24:088][  0]LogDerivedDataCache: Speed tests for C:/Users/Madmin/AppData/Local/UnrealEngine/Common/DerivedDataCache took 0.01 seconds
[2022.03.29-13.26.24:088][  0]LogDerivedDataCache: Display: Performance to C:/Users/Madmin/AppData/Local/UnrealEngine/Common/DerivedDataCache: Latency=0.04ms. RandomReadSpeed=995.60MBs, RandomWriteSpeed=134.55MBs. Assigned SpeedClass 'Local'
[2022.03.29-13.26.24:088][  0]LogDerivedDataCache: Using Local data cache path C:/Users/Madmin/AppData/Local/UnrealEngine/Common/DerivedDataCache: Writable
[2022.03.29-13.26.24:088][  0]LogDerivedDataCache: Shared data cache path not found in *engine.ini, will not use an Shared cache.
[2022.03.29-13.26.24:088][  0]LogDerivedDataCache: Unable to find inner node Shared for hierarchical cache Hierarchy.
[2022.03.29-13.26.24:154][  0]LogSlate: Using FreeType 2.10.0
[2022.03.29-13.26.24:154][  0]LogSlate: SlateFontServices - WITH_FREETYPE: 1, WITH_HARFBUZZ: 1
[2022.03.29-13.26.24:196][  0]LogAssetRegistry: FAssetRegistry took 0.0037 seconds to start up
[2022.03.29-13.26.24:541][  0]LogInit: Selected Device Profile: [Windows]
[2022.03.29-13.26.24:541][  0]LogInit: Active device profile: [000001E5B3F72A00][000001E5B10EAE80 49] Windows
[2022.03.29-13.26.24:541][  0]LogInit: Profiles: [000001E5B3F72A00][000001E5B10EAE80 49] Windows, [000001E5B3F75800][000001E5B345EFC0 49] WindowsNoEditor, [000001E5B3F71800][000001E5B3463100 49] WindowsServer, [000001E5B3F76100][000001E5B346B280 49] WindowsClient, [000001E5B3F71200][000001E5B346F400 49] IOS, [000001E5B3F77C00][000001E5B3473580 49] iPadAir, [000001E5B3F73F00][000001E5B3477700 49] iPadAir2, [000001E5B3F32A00][000001E5B347F9C0 49] IPadPro, [000001E5B3F32B00][000001E5B347BA00 49] iPadAir3, [000001E5B3F71900][000001E5B3483B80 49] iPadAir4, [000001E5B3F33400][000001E5B3486180 49] iPadMini2, [000001E5B3F71A00][000001E5B348A300 49] iPadMini3, [000001E5B3F31B00][000001E5B348E480 49] iPadMini4, [000001E5B3F72D00][000001E5B3492600 49] iPadMini5, [000001E5B3F52300][000001E5B349A8C0 49] iPhone6, [000001E5B3F52400][000001E5B3496900 49] iPodTouch6, [000001E5B3F31F00][000001E5B34A2BC0 49] iPhone7, [000001E5B3F32000][000001E5B349EC00 49] iPodTouch7, [000001E5B3F52C00][000001E5B34A6D80 49] iPhone5S, [000001E5B3F30A00][000001E5B34AAF00 49] iPhone6Plus, [000001E5B3F51200][000001E5B3467040 49] iPhone6S, [000001E5B3F33E00][000001E5B34AF180 49] iPhone6SPlus, [000001E5B3F52100][000001E5B34B32C0 49] iPhone7Plus, [000001E5B3F32700][000001E5B34BB440 49] iPhoneSE, [000001E5B3F53D00][000001E5B34BF5C0 49] iPhone8, [000001E5B3F32200][000001E5B34C3740 49] iPhone8Plus, [000001E5B3F53E00][000001E5B34C78C0 49] iPhoneX, [000001E5B3F33F00][000001E5B34CBA40 49] iPhoneXS, [000001E5B3F51900][000001E5B34CFBC0 49] iPhoneXSMax, [000001E5B3F31500][000001E5B34D21C0 49] iPhoneXR, [000001E5B3F52700][000001E5B34D6340 49] iPhone11, [000001E5B3F32800][000001E5B34DA4C0 49] iPhone11Pro, [000001E5B3F52000][000001E5B34DE640 49] iPhone11ProMax, [000001E5B3F31900][000001E5B34E27C0 49] iPhoneSE2, [000001E5B3F53800][000001E5B34E6940 49] iPhone12Mini, [000001E5B3F32100][000001E5B34EAAC0 49] iPhone12, [000001E5B3F50A00][000001E5B34EEC40 49] iPhone12Pro, [000001E5B3F33700][000001E5B34F2DC0 49] iPhone12ProMax, [000001E5B3F53500][000001E5B34F6F40 49] iPadPro105, [000001E5B3F30500][000001E5B34FB0C0 49] iPadPro129, [000001E5B3F51A00][000001E5B34B7200 49] iPadPro97, [000001E5B3F30900][000001E5B4511340 49] iPadPro2_129, [000001E5B3F53200][000001E5B4515480 49] iPad5, [000001E5B3F32600][000001E5B45195C0 49] iPad6, [000001E5B3F50500][000001E5B4521740 49] iPad7, [000001E5B3F33200][000001E5B45258C0 49] iPad8, [000001E5B3F53400][000001E5B4529A40 49] iPadPro11, [000001E5B3F33900][000001E5B452DBC0 49] iPadPro2_11, [000001E5B3F52E00][000001E5B45301C0 49] iPadPro3_129, [000001E5B3F76C00][000001E5B4534340 49] iPadPro4_129, [000001E5B4011000][000001E5B45384C0 49] AppleTV, [000001E5B3F75D00][000001E5B453C640 49] AppleTV4K, [000001E5B4010A00][000001E5B45407C0 49] TVOS, [000001E5B3F76F00][000001E5B4544940 49] Mac, [000001E5B4011100][000001E5B4548AC0 49] MacClient, [000001E5B3F75200][000001E5B454CC40 49] MacNoEditor, [000001E5B4011A00][000001E5B4550DC0 49] MacServer, [000001E5B3F77200][000001E5B4554F40 49] Linux, [000001E5B4010400][000001E5B45590C0 49] LinuxAArch64, [000001E5B3F76400][000001E5B455D240 49] LinuxNoEditor, [000001E5B4010100][000001E5B451D380 49] LinuxAArch64NoEditor, [000001E5B3F53300][000001E5B45614C0 49] LinuxClient, [000001E5B3F33000][000001E5B4565600 49] LinuxAArch64Client, [000001E5B3F53B00][000001E5B4569740 49] LinuxServer, [000001E5B3F32D00][000001E5B45718C0 49] LinuxAArch64Server, [000001E5B3F51500][000001E5B4575A40 49] Android, [000001E5B3F33100][000001E5B4579BC0 49] Android_Low, [000001E5B3F50D00][000001E5B457C1C0 49] Android_Mid, [000001E5B3F31700][000001E5B4580340 49] Android_High, [000001E5B3F52800][000001E5B45844C0 49] Android_Default, [000001E5B3F31200][000001E5B4588640 49] Android_Adreno4xx, [000001E5B3F51F00][000001E5B458C7C0 49] Android_Adreno5xx_Low, [000001E5B3F31300][000001E5B4590940 49] Android_Adreno5xx, [000001E5B3F53700][000001E5B4594AC0 49] Android_Adreno6xx, [000001E5B3F30F00][000001E5B4598C40 49] Android_Adreno6xx_Vulkan, [000001E5B3F51700][000001E5B459CDC0 49] Android_Mali_T6xx, [000001E5B3F33800][000001E5B45A0F40 49] Android_Mali_T7xx, [000001E5B3F52A00][000001E5B45A50C0 49] Android_Mali_T8xx, [000001E5B3F31800][000001E5B45A9240 49] Android_Mali_G71, [000001E5B3F52900][000001E5B45AD3C0 49] Android_Mali_G72, [000001E5B3F33D00][000001E5B45B1540 49] Android_Mali_G72_Vulkan, [000001E5B3F53900][000001E5B456D680 49] Android_Mali_G76, [000001E5B4010200][000001E5B45B57C0 49] Android_Mali_G76_Vulkan, [000001E5B3F50F00][000001E5B45B9900 49] Android_Mali_G77, [000001E5B4010900][000001E5B45C1A80 49] Android_Mali_G77_Vulkan, [000001E5B3F52B00][000001E5B45C5C00 49] Android_Mali_G78, [000001E5B4010600][000001E5B4624200 49] Android_Mali_G78_Vulkan, [000001E5B3F50C00][000001E5B4628380 49] Android_Mali_G710, [000001E5B3F33300][000001E5B462C500 49] Android_Mali_G710_Vulkan, [000001E5B3F51600][000001E5B4630680 49] Android_Vulkan_SM5, [000001E5B3F30800][000001E5B4634800 49] Android_PowerVR_G6xxx, [000001E5B3F50700][000001E5B4638980 49] Android_PowerVR_GT7xxx, [000001E5B3F30E00][000001E5B463CB00 49] Android_PowerVR_GE8xxx, [000001E5B3F53F00][000001E5B4640C80 49] Android_PowerVR_GM9xxx, [000001E5B3F31600][000001E5B4644E00 49] Android_PowerVR_GM9xxx_Vulkan, [000001E5B3F52600][000001E5B4648F80 49] Android_TegraK1, [000001E5B3F32400][000001E5B464D100 49] Android_Unknown_Vulkan, [000001E5B3F51300][000001E5B4651280 49] Lumin, [000001E5B3F31000][000001E5B4655400 49] Lumin_Desktop, [000001E5B3F53100][000001E5B4659580 49] HoloLens, 
[2022.03.29-13.26.24:722][  0]LogMeshReduction: Using QuadricMeshReduction for automatic static mesh reduction
[2022.03.29-13.26.24:722][  0]LogMeshReduction: Using SimplygonMeshReduction for automatic skeletal mesh reduction
[2022.03.29-13.26.24:722][  0]LogMeshReduction: Using ProxyLODMeshReduction for automatic mesh merging
[2022.03.29-13.26.24:722][  0]LogMeshReduction: No distributed automatic mesh merging module available
[2022.03.29-13.26.24:722][  0]LogMeshMerging: No distributed automatic mesh merging module available
[2022.03.29-13.26.24:745][  0]LogNetVersion: Team6_LevelBlockout 1.0.0, NetCL: 17155196, EngineNetVer: 17, GameNetVer: 0 (Checksum: 442227803)
[2022.03.29-13.26.25:372][  0]LogTexture: Default maximum texture size for cubemaps generated from long-lat sources has been changed from 512 to unlimited. In order to preserve old behaiour for '/Engine/MapTemplates/Sky/DaylightAmbientCubemap.DaylightAmbientCubemap', its maximum texture size has been explicitly set to 512.
[2022.03.29-13.26.25:459][  0]LogHMD: PokeAHoleMaterial loaded successfully
[2022.03.29-13.26.25:467][  0]LogUObjectArray: 17178 objects as part of root set at end of initial load.
[2022.03.29-13.26.25:467][  0]LogUObjectAllocator: 4302048 out of 0 bytes used by permanent object pool.
[2022.03.29-13.26.25:467][  0]LogUObjectArray: CloseDisregardForGC: 0/0 objects in disregard for GC pool
[2022.03.29-13.26.26:711][  0]LogNiagaraDebuggerClient: Niagara Debugger Client Initialized | Session: 708650CE4F6833B5E7B0528A20512796 | Instance: 987F69CB46D46D3C1E522EBFF8C46183 (DESKTOP-0R11B1V-6320).
[2022.03.29-13.26.26:756][  0]LogPython: Using Python 3.7.7
[2022.03.29-13.26.27:736][  0]LogTcpMessaging: Initializing TcpMessaging bridge
[2022.03.29-13.26.27:743][  0]LogUdpMessaging: Initializing bridge on interface 0.0.0.0:0 to multicast group 230.0.0.1:6666.
[2022.03.29-13.26.27:948][  0]SourceControl: Source control is disabled
[2022.03.29-13.26.27:948][  0]SourceControl: Source control is disabled
[2022.03.29-13.26.27:953][  0]SourceControl: Source control is disabled
[2022.03.29-13.26.27:956][  0]SourceControl: Source control is disabled
[2022.03.29-13.26.27:969][  0]SourceControl: Source control is disabled
[2022.03.29-13.26.27:977][  0]LogUProjectInfo: Found projects:
[2022.03.29-13.26.28:252][  0]LogOpenImageDenoise: OIDN starting up
[2022.03.29-13.26.28:515][  0]LogAndroidPermission: UAndroidPermissionCallbackProxy::GetInstance
[2022.03.29-13.26.28:543][  0]LogAudioCaptureCore: Display: No Audio Capture implementations found. Audio input will be silent.
[2022.03.29-13.26.28:543][  0]LogAudioCaptureCore: Display: No Audio Capture implementations found. Audio input will be silent.
[2022.03.29-13.26.28:694][  0]LogCollectionManager: Loaded 0 collections in 0.000930 seconds
[2022.03.29-13.26.28:724][  0]LogFileCache: Scanning file cache for directory 'D:/Dokument/Github/urban-factory-doodle/Team6_LevelBlockout/Saved/Collections/' took 0.00s
[2022.03.29-13.26.28:724][  0]LogFileCache: Scanning file cache for directory 'D:/Dokument/Github/urban-factory-doodle/Team6_LevelBlockout/Content/Developers/Madmin/Collections/' took 0.00s
[2022.03.29-13.26.28:724][  0]LogFileCache: Scanning file cache for directory 'D:/Dokument/Github/urban-factory-doodle/Team6_LevelBlockout/Content/Collections/' took 0.00s
[2022.03.29-13.26.28:724][  0]LogOcInput: OculusInput pre-init called
[2022.03.29-13.26.29:047][  0]LogEngine: Initializing Engine...
[2022.03.29-13.26.29:050][  0]LogHMD: Failed to enumerate extensions. Please check that you have a valid OpenXR runtime installed.
[2022.03.29-13.26.29:051][  0]LogHMD: Failed to initialize OpenVR with code 110
[2022.03.29-13.26.29:051][  0]LogMagicLeap: Warning: VR disabled because ZI is not enabled.  To enable, in the editor, Edit -> Project Settings -> Plugins -> Magic Leap Plugin -> Enable Zero Iteration
[2022.03.29-13.26.29:052][  0]LogStats: UGameplayTagsManager::InitializeManager -  0.000 s
[2022.03.29-13.26.29:234][  0]LogInit: Initializing FReadOnlyCVARCache
[2022.03.29-13.26.29:245][  0]LogAIModule: Creating AISystem for world Untitled
[2022.03.29-13.26.29:248][  0]LogAudio: Display: Initializing Audio Device Manager...
[2022.03.29-13.26.29:252][  0]LogAudio: Display: Loading Default Audio Settings Objects...
[2022.03.29-13.26.29:253][  0]LogAudio: Display: No default SoundConcurrencyObject specified (or failed to load).
[2022.03.29-13.26.29:254][  0]LogAudio: Display: Audio Device Manager Initialized
[2022.03.29-13.26.29:254][  0]LogAudio: Display: Creating Audio Device:                 Id: 1, Scope: Shared, Realtime: True
[2022.03.29-13.26.29:254][  0]LogAudioMixer: Display: Audio Mixer Platform Settings:
[2022.03.29-13.26.29:254][  0]LogAudioMixer: Display: 	Sample Rate:						  48000
[2022.03.29-13.26.29:254][  0]LogAudioMixer: Display: 	Callback Buffer Frame Size Requested: 1024
[2022.03.29-13.26.29:254][  0]LogAudioMixer: Display: 	Callback Buffer Frame Size To Use:	  1024
[2022.03.29-13.26.29:254][  0]LogAudioMixer: Display: 	Number of buffers to queue:			  2
[2022.03.29-13.26.29:254][  0]LogAudioMixer: Display: 	Max Channels (voices):				  32
[2022.03.29-13.26.29:254][  0]LogAudioMixer: Display: 	Number of Async Source Workers:		  0
[2022.03.29-13.26.29:254][  0]LogAudio: Display: AudioDevice MaxSources: 32
[2022.03.29-13.26.29:254][  0]LogAudio: Display: Audio Spatialization Plugin: None (built-in).
[2022.03.29-13.26.29:254][  0]LogAudio: Display: Audio Reverb Plugin: None (built-in).
[2022.03.29-13.26.29:254][  0]LogAudio: Display: Audio Occlusion Plugin: None (built-in).
[2022.03.29-13.26.29:254][  0]LogAudioMixer: Display: Initializing audio mixer.
[2022.03.29-13.26.29:271][  0]LogAudioMixer: Display: 0: FrontLeft
[2022.03.29-13.26.29:271][  0]LogAudioMixer: Display: 1: FrontRight
[2022.03.29-13.26.29:299][  0]LogAudioMixer: Display: Using Audio Device Headset Earphone (HyperX Virtual Surround Sound)
[2022.03.29-13.26.29:301][  0]LogAudioMixer: Display: Initializing Sound Submixes...
[2022.03.29-13.26.29:305][  0]LogAudioMixer: Display: Creating Master Submix 'MasterSubmixDefault'
[2022.03.29-13.26.29:305][  0]LogAudioMixer: Display: Creating Master Submix 'MasterReverbSubmixDefault'
[2022.03.29-13.26.29:306][  0]LogAudioMixer: Display: Creating Master Submix 'MasterEQSubmixDefault'
[2022.03.29-13.26.29:306][  0]LogAudioMixer: FMixerPlatformXAudio2::StartAudioStream() called
[2022.03.29-13.26.29:306][  0]LogAudioMixer: Display: Output buffers initialized: Frames=1024, Channels=2, Samples=2048
[2022.03.29-13.26.29:307][  0]LogAudioMixer: Display: Starting AudioMixerPlatformInterface::RunInternal()
[2022.03.29-13.26.29:307][  0]LogAudioMixer: Display: FMixerPlatformXAudio2::SubmitBuffer() called for the first time
[2022.03.29-13.26.29:307][  0]LogInit: FAudioDevice initialized.
[2022.03.29-13.26.29:308][  0]LogAudio: Display: Audio Device (ID: 1) registered with world 'Untitled'.
[2022.03.29-13.26.29:308][  0]LogNetVersion: Set ProjectVersion to 1.0.0.0. Version Checksum will be recalculated on next use.
[2022.03.29-13.26.29:396][  0]LogDerivedDataCache: Saved boot cache 0.09s 94MB C:/Users/Madmin/AppData/Local/UnrealEngine/4.27/DerivedDataCache/Boot.ddc.
[2022.03.29-13.26.29:397][  0]LogInit: Texture streaming: Enabled
[2022.03.29-13.26.29:413][  0]LogAnalytics: Display: [UEEditor.Rocket.Release] APIServer = https://datarouter.ol.epicgames.com/. AppVersion = 4.27.2-18319896+++UE4+Release-4.27
[2022.03.29-13.26.29:418][  0]LogEngineSessionManager: EngineSessionManager initialized
[2022.03.29-13.26.29:418][  0]LogEditorSessionSummary: Verbose: Initializing EditorSessionSummaryWriter for editor session tracking
[2022.03.29-13.26.29:421][  0]LogEditorSessionSummary: EditorSessionSummaryWriter initialized
[2022.03.29-13.26.29:453][  0]LogInit: Transaction tracking system initialized
[2022.03.29-13.26.29:481][  0]BlueprintLog: New page: Editor Load
[2022.03.29-13.26.29:559][  0]LocalizationService: Localization service is disabled
[2022.03.29-13.26.29:591][  0]TimingProfiler: Initialize
[2022.03.29-13.26.29:591][  0]TimingProfiler: OnSessionChanged
[2022.03.29-13.26.29:591][  0]LoadingProfiler: Initialize
[2022.03.29-13.26.29:591][  0]LoadingProfiler: OnSessionChanged
[2022.03.29-13.26.29:591][  0]NetworkingProfiler: Initialize
[2022.03.29-13.26.29:591][  0]NetworkingProfiler: OnSessionChanged
[2022.03.29-13.26.29:591][  0]MemoryProfiler: Initialize
[2022.03.29-13.26.29:591][  0]MemoryProfiler: OnSessionChanged
[2022.03.29-13.26.29:780][  0]LogCook: Display: CookSettings for Memory: MemoryMaxUsedVirtual 0MiB, MemoryMaxUsedPhysical 16384MiB, MemoryMinFreeVirtual 0MiB, MemoryMinFreePhysical 1024MiB
[2022.03.29-13.26.29:781][  0]LogCook: Display: Mobile HDR setting 1
[2022.03.29-13.26.29:857][  0]LogFileCache: Scanning file cache for directory 'D:/Dokument/Github/urban-factory-doodle/Team6_LevelBlockout/Content/' took 0.01s
[2022.03.29-13.26.31:449][  0]LogInit: Display: Engine is initialized. Leaving FEngineLoop::Init()
[2022.03.29-13.26.31:454][  0]SourceControl: Source control is disabled
[2022.03.29-13.26.31:454][  0]LogUnrealEdMisc: Loading editor; pre map load, took 14.051
[2022.03.29-13.26.31:454][  0]Cmd: MAP LOAD FILE="../../../../../Dokument/Github/urban-factory-doodle/Team6_LevelBlockout/Content/ThirdPersonBP/Maps/ThirdPersonExampleMap.umap" TEMPLATE=0 SHOWPROGRESS=1 FEATURELEVEL=3
[2022.03.29-13.26.31:454][  0]LightingResults: New page: Lighting Build
[2022.03.29-13.26.31:456][  0]LogWorld: UWorld::CleanupWorld for Untitled, bSessionEnded=true, bCleanupResources=true
[2022.03.29-13.26.31:456][  0]LogSlate: InvalidateAllWidgets triggered.  All widgets were invalidated
[2022.03.29-13.26.31:456][  0]MapCheck: New page: Map Check
[2022.03.29-13.26.31:456][  0]LightingResults: New page: Lighting Build
[2022.03.29-13.26.31:467][  0]LogAudio: Display: Audio Device unregistered from world 'None'.
[2022.03.29-13.26.31:476][  0]LogUObjectHash: Compacting FUObjectHashTables data took   1.11ms
[2022.03.29-13.26.31:830][  0]LogAudio: Display: Audio Device (ID: 1) registered with world 'ThirdPersonExampleMap'.
[2022.03.29-13.26.31:831][  0]LogAIModule: Creating AISystem for world ThirdPersonExampleMap
[2022.03.29-13.26.31:849][  0]LogEditorServer: Finished looking for orphan Actors (0.000 secs)
[2022.03.29-13.26.31:867][  0]LogUObjectHash: Compacting FUObjectHashTables data took   1.17ms
[2022.03.29-13.26.31:869][  0]Cmd: MAP CHECKDEP NOCLEARLOG
[2022.03.29-13.26.31:869][  0]MapCheck: Map check complete: 0 Error(s), 0 Warning(s), took 0,119ms to complete.
[2022.03.29-13.26.31:869][  0]LogFileHelpers: Loading map 'ThirdPersonExampleMap' took 0.415
[2022.03.29-13.26.31:888][  0]LogUnrealEdMisc: Total Editor Startup Time, took 14.486
[2022.03.29-13.26.32:009][  0]LogSlate: Updating window title bar state: overlay mode, drag disabled, window buttons hidden, title bar hidden
[2022.03.29-13.26.32:016][  0]LogSlate: Updating window title bar state: overlay mode, drag disabled, window buttons hidden, title bar hidden
[2022.03.29-13.26.32:025][  0]LogSlate: Updating window title bar state: overlay mode, drag disabled, window buttons hidden, title bar hidden
[2022.03.29-13.26.32:033][  0]LogSlate: Updating window title bar state: overlay mode, drag disabled, window buttons hidden, title bar hidden
[2022.03.29-13.26.32:050][  0]LogNativeClassHierarchy: Verbose: Native class hierarchy populated in 0.0114 seconds. Added 3899 classes and 965 folders.
[2022.03.29-13.26.32:052][  0]LogNativeClassHierarchy: Verbose: Native class hierarchy updated for 'WidgetCarousel' in 0.0003 seconds. Added 0 classes and 0 folders.
[2022.03.29-13.26.32:054][  0]LogPakFile: PakFile PrimaryIndexSize=187
[2022.03.29-13.26.32:054][  0]LogPakFile: PakFile PathHashIndexSize=101
[2022.03.29-13.26.32:054][  0]LogPakFile: PakFile FullDirectoryIndexSize=148
[2022.03.29-13.26.32:055][  0]LogShaderLibrary: Display: ShaderCodeLibraryPakFileMountedCallback: PakFile 'D:/Program/UE_4.27/FeaturePacks/FP_FirstPerson.upack' (chunk index -1, root 'root:/') mounted
[2022.03.29-13.26.32:055][  0]LogShaderLibrary: Display: ShaderCodeLibraryPakFileMountedCallback: pending pak file info (ChunkID:-1 Root:root:/ File:D:/Program/UE_4.27/FeaturePacks/FP_FirstPerson.upack)
[2022.03.29-13.26.32:055][  0]LogPakFile: OnPakFileMounted2Time == 0.000069
[2022.03.29-13.26.32:056][  0]LogPakFile: PakFile PrimaryIndexSize=189
[2022.03.29-13.26.32:056][  0]LogPakFile: PakFile PathHashIndexSize=101
[2022.03.29-13.26.32:056][  0]LogPakFile: PakFile FullDirectoryIndexSize=152
[2022.03.29-13.26.32:056][  0]LogShaderLibrary: Display: ShaderCodeLibraryPakFileMountedCallback: PakFile 'D:/Program/UE_4.27/FeaturePacks/FP_FirstPersonBP.upack' (chunk index -1, root 'root:/') mounted
[2022.03.29-13.26.32:056][  0]LogShaderLibrary: Display: ShaderCodeLibraryPakFileMountedCallback: pending pak file info (ChunkID:-1 Root:root:/ File:D:/Program/UE_4.27/FeaturePacks/FP_FirstPersonBP.upack)
[2022.03.29-13.26.32:056][  0]LogPakFile: OnPakFileMounted2Time == 0.000056
[2022.03.29-13.26.32:057][  0]LogPakFile: PakFile PrimaryIndexSize=191
[2022.03.29-13.26.32:057][  0]LogPakFile: PakFile PathHashIndexSize=101
[2022.03.29-13.26.32:057][  0]LogPakFile: PakFile FullDirectoryIndexSize=160
[2022.03.29-13.26.32:057][  0]LogShaderLibrary: Display: ShaderCodeLibraryPakFileMountedCallback: PakFile 'D:/Program/UE_4.27/FeaturePacks/MobileStarterContent.upack' (chunk index -1, root 'root:/') mounted
[2022.03.29-13.26.32:057][  0]LogShaderLibrary: Display: ShaderCodeLibraryPakFileMountedCallback: pending pak file info (ChunkID:-1 Root:root:/ File:D:/Program/UE_4.27/FeaturePacks/MobileStarterContent.upack)
[2022.03.29-13.26.32:057][  0]LogPakFile: OnPakFileMounted2Time == 0.000046
[2022.03.29-13.26.32:058][  0]LogPakFile: PakFile PrimaryIndexSize=185
[2022.03.29-13.26.32:059][  0]LogPakFile: PakFile PathHashIndexSize=101
[2022.03.29-13.26.32:059][  0]LogPakFile: PakFile FullDirectoryIndexSize=148
[2022.03.29-13.26.32:059][  0]LogShaderLibrary: Display: ShaderCodeLibraryPakFileMountedCallback: PakFile 'D:/Program/UE_4.27/FeaturePacks/StarterContent.upack' (chunk index -1, root 'root:/') mounted
[2022.03.29-13.26.32:059][  0]LogShaderLibrary: Display: ShaderCodeLibraryPakFileMountedCallback: pending pak file info (ChunkID:-1 Root:root:/ File:D:/Program/UE_4.27/FeaturePacks/StarterContent.upack)
[2022.03.29-13.26.32:059][  0]LogPakFile: OnPakFileMounted2Time == 0.000047
[2022.03.29-13.26.32:060][  0]LogPakFile: PakFile PrimaryIndexSize=190
[2022.03.29-13.26.32:060][  0]LogPakFile: PakFile PathHashIndexSize=101
[2022.03.29-13.26.32:060][  0]LogPakFile: PakFile FullDirectoryIndexSize=154
[2022.03.29-13.26.32:060][  0]LogShaderLibrary: Display: ShaderCodeLibraryPakFileMountedCallback: PakFile 'D:/Program/UE_4.27/FeaturePacks/TP_2DSideScroller.upack' (chunk index -1, root 'root:/') mounted
[2022.03.29-13.26.32:060][  0]LogShaderLibrary: Display: ShaderCodeLibraryPakFileMountedCallback: pending pak file info (ChunkID:-1 Root:root:/ File:D:/Program/UE_4.27/FeaturePacks/TP_2DSideScroller.upack)
[2022.03.29-13.26.32:060][  0]LogPakFile: OnPakFileMounted2Time == 0.000043
[2022.03.29-13.26.32:061][  0]LogPakFile: PakFile PrimaryIndexSize=192
[2022.03.29-13.26.32:061][  0]LogPakFile: PakFile PathHashIndexSize=101
[2022.03.29-13.26.32:061][  0]LogPakFile: PakFile FullDirectoryIndexSize=158
[2022.03.29-13.26.32:061][  0]LogShaderLibrary: Display: ShaderCodeLibraryPakFileMountedCallback: PakFile 'D:/Program/UE_4.27/FeaturePacks/TP_2DSideScrollerBP.upack' (chunk index -1, root 'root:/') mounted
[2022.03.29-13.26.32:061][  0]LogShaderLibrary: Display: ShaderCodeLibraryPakFileMountedCallback: pending pak file info (ChunkID:-1 Root:root:/ File:D:/Program/UE_4.27/FeaturePacks/TP_2DSideScrollerBP.upack)
[2022.03.29-13.26.32:061][  0]LogPakFile: OnPakFileMounted2Time == 0.000043
[2022.03.29-13.26.32:062][  0]LogPakFile: PakFile PrimaryIndexSize=182
[2022.03.29-13.26.32:062][  0]LogPakFile: PakFile PathHashIndexSize=101
[2022.03.29-13.26.32:062][  0]LogPakFile: PakFile FullDirectoryIndexSize=138
[2022.03.29-13.26.32:062][  0]LogShaderLibrary: Display: ShaderCodeLibraryPakFileMountedCallback: PakFile 'D:/Program/UE_4.27/FeaturePacks/TP_Flying.upack' (chunk index -1, root 'root:/') mounted
[2022.03.29-13.26.32:062][  0]LogShaderLibrary: Display: ShaderCodeLibraryPakFileMountedCallback: pending pak file info (ChunkID:-1 Root:root:/ File:D:/Program/UE_4.27/FeaturePacks/TP_Flying.upack)
[2022.03.29-13.26.32:062][  0]LogPakFile: OnPakFileMounted2Time == 0.000052
[2022.03.29-13.26.32:063][  0]LogPakFile: PakFile PrimaryIndexSize=184
[2022.03.29-13.26.32:063][  0]LogPakFile: PakFile PathHashIndexSize=101
[2022.03.29-13.26.32:063][  0]LogPakFile: PakFile FullDirectoryIndexSize=142
[2022.03.29-13.26.32:063][  0]LogShaderLibrary: Display: ShaderCodeLibraryPakFileMountedCallback: PakFile 'D:/Program/UE_4.27/FeaturePacks/TP_FlyingBP.upack' (chunk index -1, root 'root:/') mounted
[2022.03.29-13.26.32:063][  0]LogShaderLibrary: Display: ShaderCodeLibraryPakFileMountedCallback: pending pak file info (ChunkID:-1 Root:root:/ File:D:/Program/UE_4.27/FeaturePacks/TP_FlyingBP.upack)
[2022.03.29-13.26.32:064][  0]LogPakFile: OnPakFileMounted2Time == 0.000059
[2022.03.29-13.26.32:065][  0]LogPakFile: PakFile PrimaryIndexSize=188
[2022.03.29-13.26.32:065][  0]LogPakFile: PakFile PathHashIndexSize=101
[2022.03.29-13.26.32:065][  0]LogPakFile: PakFile FullDirectoryIndexSize=150
[2022.03.29-13.26.32:065][  0]LogShaderLibrary: Display: ShaderCodeLibraryPakFileMountedCallback: PakFile 'D:/Program/UE_4.27/FeaturePacks/TP_HandheldARBP.upack' (chunk index -1, root 'root:/') mounted
[2022.03.29-13.26.32:065][  0]LogShaderLibrary: Display: ShaderCodeLibraryPakFileMountedCallback: pending pak file info (ChunkID:-1 Root:root:/ File:D:/Program/UE_4.27/FeaturePacks/TP_HandheldARBP.upack)
[2022.03.29-13.26.32:065][  0]LogPakFile: OnPakFileMounted2Time == 0.000046
[2022.03.29-13.26.32:066][  0]LogPakFile: PakFile PrimaryIndexSize=182
[2022.03.29-13.26.32:066][  0]LogPakFile: PakFile PathHashIndexSize=101
[2022.03.29-13.26.32:066][  0]LogPakFile: PakFile FullDirectoryIndexSize=138
[2022.03.29-13.26.32:066][  0]LogShaderLibrary: Display: ShaderCodeLibraryPakFileMountedCallback: PakFile 'D:/Program/UE_4.27/FeaturePacks/TP_Puzzle.upack' (chunk index -1, root 'root:/') mounted
[2022.03.29-13.26.32:066][  0]LogShaderLibrary: Display: ShaderCodeLibraryPakFileMountedCallback: pending pak file info (ChunkID:-1 Root:root:/ File:D:/Program/UE_4.27/FeaturePacks/TP_Puzzle.upack)
[2022.03.29-13.26.32:066][  0]LogPakFile: OnPakFileMounted2Time == 0.000045
[2022.03.29-13.26.32:067][  0]LogPakFile: PakFile PrimaryIndexSize=184
[2022.03.29-13.26.32:067][  0]LogPakFile: PakFile PathHashIndexSize=101
[2022.03.29-13.26.32:067][  0]LogPakFile: PakFile FullDirectoryIndexSize=142
[2022.03.29-13.26.32:067][  0]LogShaderLibrary: Display: ShaderCodeLibraryPakFileMountedCallback: PakFile 'D:/Program/UE_4.27/FeaturePacks/TP_PuzzleBP.upack' (chunk index -1, root 'root:/') mounted
[2022.03.29-13.26.32:067][  0]LogShaderLibrary: Display: ShaderCodeLibraryPakFileMountedCallback: pending pak file info (ChunkID:-1 Root:root:/ File:D:/Program/UE_4.27/FeaturePacks/TP_PuzzleBP.upack)
[2022.03.29-13.26.32:067][  0]LogPakFile: OnPakFileMounted2Time == 0.000046
[2022.03.29-13.26.32:068][  0]LogPakFile: PakFile PrimaryIndexSize=183
[2022.03.29-13.26.32:068][  0]LogPakFile: PakFile PathHashIndexSize=101
[2022.03.29-13.26.32:068][  0]LogPakFile: PakFile FullDirectoryIndexSize=140
[2022.03.29-13.26.32:068][  0]LogShaderLibrary: Display: ShaderCodeLibraryPakFileMountedCallback: PakFile 'D:/Program/UE_4.27/FeaturePacks/TP_Rolling.upack' (chunk index -1, root 'root:/') mounted
[2022.03.29-13.26.32:068][  0]LogShaderLibrary: Display: ShaderCodeLibraryPakFileMountedCallback: pending pak file info (ChunkID:-1 Root:root:/ File:D:/Program/UE_4.27/FeaturePacks/TP_Rolling.upack)
[2022.03.29-13.26.32:068][  0]LogPakFile: OnPakFileMounted2Time == 0.000085
[2022.03.29-13.26.32:070][  0]LogPakFile: PakFile PrimaryIndexSize=185
[2022.03.29-13.26.32:070][  0]LogPakFile: PakFile PathHashIndexSize=101
[2022.03.29-13.26.32:070][  0]LogPakFile: PakFile FullDirectoryIndexSize=144
[2022.03.29-13.26.32:070][  0]LogShaderLibrary: Display: ShaderCodeLibraryPakFileMountedCallback: PakFile 'D:/Program/UE_4.27/FeaturePacks/TP_RollingBP.upack' (chunk index -1, root 'root:/') mounted
[2022.03.29-13.26.32:070][  0]LogShaderLibrary: Display: ShaderCodeLibraryPakFileMountedCallback: pending pak file info (ChunkID:-1 Root:root:/ File:D:/Program/UE_4.27/FeaturePacks/TP_RollingBP.upack)
[2022.03.29-13.26.32:070][  0]LogPakFile: OnPakFileMounted2Time == 0.000050
[2022.03.29-13.26.32:071][  0]LogPakFile: PakFile PrimaryIndexSize=188
[2022.03.29-13.26.32:071][  0]LogPakFile: PakFile PathHashIndexSize=101
[2022.03.29-13.26.32:071][  0]LogPakFile: PakFile FullDirectoryIndexSize=150
[2022.03.29-13.26.32:071][  0]LogShaderLibrary: Display: ShaderCodeLibraryPakFileMountedCallback: PakFile 'D:/Program/UE_4.27/FeaturePacks/TP_SideScroller.upack' (chunk index -1, root 'root:/') mounted
[2022.03.29-13.26.32:071][  0]LogShaderLibrary: Display: ShaderCodeLibraryPakFileMountedCallback: pending pak file info (ChunkID:-1 Root:root:/ File:D:/Program/UE_4.27/FeaturePacks/TP_SideScroller.upack)
[2022.03.29-13.26.32:071][  0]LogPakFile: OnPakFileMounted2Time == 0.000047
[2022.03.29-13.26.32:072][  0]LogPakFile: PakFile PrimaryIndexSize=190
[2022.03.29-13.26.32:072][  0]LogPakFile: PakFile PathHashIndexSize=101
[2022.03.29-13.26.32:072][  0]LogPakFile: PakFile FullDirectoryIndexSize=154
[2022.03.29-13.26.32:072][  0]LogShaderLibrary: Display: ShaderCodeLibraryPakFileMountedCallback: PakFile 'D:/Program/UE_4.27/FeaturePacks/TP_SideScrollerBP.upack' (chunk index -1, root 'root:/') mounted
[2022.03.29-13.26.32:072][  0]LogShaderLibrary: Display: ShaderCodeLibraryPakFileMountedCallback: pending pak file info (ChunkID:-1 Root:root:/ File:D:/Program/UE_4.27/FeaturePacks/TP_SideScrollerBP.upack)
[2022.03.29-13.26.32:072][  0]LogPakFile: OnPakFileMounted2Time == 0.000046
[2022.03.29-13.26.32:073][  0]LogPakFile: PakFile PrimaryIndexSize=187
[2022.03.29-13.26.32:073][  0]LogPakFile: PakFile PathHashIndexSize=101
[2022.03.29-13.26.32:073][  0]LogPakFile: PakFile FullDirectoryIndexSize=148
[2022.03.29-13.26.32:073][  0]LogShaderLibrary: Display: ShaderCodeLibraryPakFileMountedCallback: PakFile 'D:/Program/UE_4.27/FeaturePacks/TP_ThirdPerson.upack' (chunk index -1, root 'root:/') mounted
[2022.03.29-13.26.32:073][  0]LogShaderLibrary: Display: ShaderCodeLibraryPakFileMountedCallback: pending pak file info (ChunkID:-1 Root:root:/ File:D:/Program/UE_4.27/FeaturePacks/TP_ThirdPerson.upack)
[2022.03.29-13.26.32:073][  0]LogPakFile: OnPakFileMounted2Time == 0.000044
[2022.03.29-13.26.32:074][  0]LogPakFile: PakFile PrimaryIndexSize=189
[2022.03.29-13.26.32:074][  0]LogPakFile: PakFile PathHashIndexSize=101
[2022.03.29-13.26.32:074][  0]LogPakFile: PakFile FullDirectoryIndexSize=152
[2022.03.29-13.26.32:074][  0]LogShaderLibrary: Display: ShaderCodeLibraryPakFileMountedCallback: PakFile 'D:/Program/UE_4.27/FeaturePacks/TP_ThirdPersonBP.upack' (chunk index -1, root 'root:/') mounted
[2022.03.29-13.26.32:074][  0]LogShaderLibrary: Display: ShaderCodeLibraryPakFileMountedCallback: pending pak file info (ChunkID:-1 Root:root:/ File:D:/Program/UE_4.27/FeaturePacks/TP_ThirdPersonBP.upack)
[2022.03.29-13.26.32:074][  0]LogPakFile: OnPakFileMounted2Time == 0.000043
[2022.03.29-13.26.32:076][  0]LogPakFile: PakFile PrimaryIndexSize=183
[2022.03.29-13.26.32:076][  0]LogPakFile: PakFile PathHashIndexSize=101
[2022.03.29-13.26.32:076][  0]LogPakFile: PakFile FullDirectoryIndexSize=140
[2022.03.29-13.26.32:076][  0]LogShaderLibrary: Display: ShaderCodeLibraryPakFileMountedCallback: PakFile 'D:/Program/UE_4.27/FeaturePacks/TP_TopDown.upack' (chunk index -1, root 'root:/') mounted
[2022.03.29-13.26.32:076][  0]LogShaderLibrary: Display: ShaderCodeLibraryPakFileMountedCallback: pending pak file info (ChunkID:-1 Root:root:/ File:D:/Program/UE_4.27/FeaturePacks/TP_TopDown.upack)
[2022.03.29-13.26.32:076][  0]LogPakFile: OnPakFileMounted2Time == 0.000059
[2022.03.29-13.26.32:077][  0]LogPakFile: PakFile PrimaryIndexSize=185
[2022.03.29-13.26.32:077][  0]LogPakFile: PakFile PathHashIndexSize=101
[2022.03.29-13.26.32:077][  0]LogPakFile: PakFile FullDirectoryIndexSize=144
[2022.03.29-13.26.32:077][  0]LogShaderLibrary: Display: ShaderCodeLibraryPakFileMountedCallback: PakFile 'D:/Program/UE_4.27/FeaturePacks/TP_TopDownBP.upack' (chunk index -1, root 'root:/') mounted
[2022.03.29-13.26.32:077][  0]LogShaderLibrary: Display: ShaderCodeLibraryPakFileMountedCallback: pending pak file info (ChunkID:-1 Root:root:/ File:D:/Program/UE_4.27/FeaturePacks/TP_TopDownBP.upack)
[2022.03.29-13.26.32:077][  0]LogPakFile: OnPakFileMounted2Time == 0.000052
[2022.03.29-13.26.32:078][  0]LogPakFile: PakFile PrimaryIndexSize=185
[2022.03.29-13.26.32:078][  0]LogPakFile: PakFile PathHashIndexSize=101
[2022.03.29-13.26.32:078][  0]LogPakFile: PakFile FullDirectoryIndexSize=144
[2022.03.29-13.26.32:078][  0]LogShaderLibrary: Display: ShaderCodeLibraryPakFileMountedCallback: PakFile 'D:/Program/UE_4.27/FeaturePacks/TP_TwinStick.upack' (chunk index -1, root 'root:/') mounted
[2022.03.29-13.26.32:078][  0]LogShaderLibrary: Display: ShaderCodeLibraryPakFileMountedCallback: pending pak file info (ChunkID:-1 Root:root:/ File:D:/Program/UE_4.27/FeaturePacks/TP_TwinStick.upack)
[2022.03.29-13.26.32:078][  0]LogPakFile: OnPakFileMounted2Time == 0.000048
[2022.03.29-13.26.32:079][  0]LogPakFile: PakFile PrimaryIndexSize=187
[2022.03.29-13.26.32:079][  0]LogPakFile: PakFile PathHashIndexSize=101
[2022.03.29-13.26.32:080][  0]LogPakFile: PakFile FullDirectoryIndexSize=148
[2022.03.29-13.26.32:080][  0]LogShaderLibrary: Display: ShaderCodeLibraryPakFileMountedCallback: PakFile 'D:/Program/UE_4.27/FeaturePacks/TP_TwinStickBP.upack' (chunk index -1, root 'root:/') mounted
[2022.03.29-13.26.32:080][  0]LogShaderLibrary: Display: ShaderCodeLibraryPakFileMountedCallback: pending pak file info (ChunkID:-1 Root:root:/ File:D:/Program/UE_4.27/FeaturePacks/TP_TwinStickBP.upack)
[2022.03.29-13.26.32:080][  0]LogPakFile: OnPakFileMounted2Time == 0.000057
[2022.03.29-13.26.32:081][  0]LogPakFile: PakFile PrimaryIndexSize=183
[2022.03.29-13.26.32:081][  0]LogPakFile: PakFile PathHashIndexSize=101
[2022.03.29-13.26.32:081][  0]LogPakFile: PakFile FullDirectoryIndexSize=140
[2022.03.29-13.26.32:081][  0]LogShaderLibrary: Display: ShaderCodeLibraryPakFileMountedCallback: PakFile 'D:/Program/UE_4.27/FeaturePacks/TP_Vehicle.upack' (chunk index -1, root 'root:/') mounted
[2022.03.29-13.26.32:081][  0]LogShaderLibrary: Display: ShaderCodeLibraryPakFileMountedCallback: pending pak file info (ChunkID:-1 Root:root:/ File:D:/Program/UE_4.27/FeaturePacks/TP_Vehicle.upack)
[2022.03.29-13.26.32:081][  0]LogPakFile: OnPakFileMounted2Time == 0.000043
[2022.03.29-13.26.32:082][  0]LogPakFile: PakFile PrimaryIndexSize=186
[2022.03.29-13.26.32:082][  0]LogPakFile: PakFile PathHashIndexSize=101
[2022.03.29-13.26.32:082][  0]LogPakFile: PakFile FullDirectoryIndexSize=146
[2022.03.29-13.26.32:082][  0]LogShaderLibrary: Display: ShaderCodeLibraryPakFileMountedCallback: PakFile 'D:/Program/UE_4.27/FeaturePacks/TP_VehicleAdv.upack' (chunk index -1, root 'root:/') mounted
[2022.03.29-13.26.32:082][  0]LogShaderLibrary: Display: ShaderCodeLibraryPakFileMountedCallback: pending pak file info (ChunkID:-1 Root:root:/ File:D:/Program/UE_4.27/FeaturePacks/TP_VehicleAdv.upack)
[2022.03.29-13.26.32:082][  0]LogPakFile: OnPakFileMounted2Time == 0.000057
[2022.03.29-13.26.32:083][  0]LogPakFile: PakFile PrimaryIndexSize=188
[2022.03.29-13.26.32:083][  0]LogPakFile: PakFile PathHashIndexSize=101
[2022.03.29-13.26.32:083][  0]LogPakFile: PakFile FullDirectoryIndexSize=150
[2022.03.29-13.26.32:083][  0]LogShaderLibrary: Display: ShaderCodeLibraryPakFileMountedCallback: PakFile 'D:/Program/UE_4.27/FeaturePacks/TP_VehicleAdvBP.upack' (chunk index -1, root 'root:/') mounted
[2022.03.29-13.26.32:083][  0]LogShaderLibrary: Display: ShaderCodeLibraryPakFileMountedCallback: pending pak file info (ChunkID:-1 Root:root:/ File:D:/Program/UE_4.27/FeaturePacks/TP_VehicleAdvBP.upack)
[2022.03.29-13.26.32:083][  0]LogPakFile: OnPakFileMounted2Time == 0.000083
[2022.03.29-13.26.32:084][  0]LogPakFile: PakFile PrimaryIndexSize=185
[2022.03.29-13.26.32:084][  0]LogPakFile: PakFile PathHashIndexSize=101
[2022.03.29-13.26.32:084][  0]LogPakFile: PakFile FullDirectoryIndexSize=144
[2022.03.29-13.26.32:084][  0]LogShaderLibrary: Display: ShaderCodeLibraryPakFileMountedCallback: PakFile 'D:/Program/UE_4.27/FeaturePacks/TP_VehicleBP.upack' (chunk index -1, root 'root:/') mounted
[2022.03.29-13.26.32:084][  0]LogShaderLibrary: Display: ShaderCodeLibraryPakFileMountedCallback: pending pak file info (ChunkID:-1 Root:root:/ File:D:/Program/UE_4.27/FeaturePacks/TP_VehicleBP.upack)
[2022.03.29-13.26.32:085][  0]LogPakFile: OnPakFileMounted2Time == 0.000061
[2022.03.29-13.26.32:086][  0]LogPakFile: PakFile PrimaryIndexSize=192
[2022.03.29-13.26.32:086][  0]LogPakFile: PakFile PathHashIndexSize=101
[2022.03.29-13.26.32:086][  0]LogPakFile: PakFile FullDirectoryIndexSize=158
[2022.03.29-13.26.32:086][  0]LogShaderLibrary: Display: ShaderCodeLibraryPakFileMountedCallback: PakFile 'D:/Program/UE_4.27/FeaturePacks/TP_VirtualRealityBP.upack' (chunk index -1, root 'root:/') mounted
[2022.03.29-13.26.32:086][  0]LogShaderLibrary: Display: ShaderCodeLibraryPakFileMountedCallback: pending pak file info (ChunkID:-1 Root:root:/ File:D:/Program/UE_4.27/FeaturePacks/TP_VirtualRealityBP.upack)
[2022.03.29-13.26.32:086][  0]LogPakFile: OnPakFileMounted2Time == 0.000044
[2022.03.29-13.26.32:174][  0]LogNativeClassHierarchy: Verbose: Native class hierarchy updated for 'AddContentDialog' in 0.0003 seconds. Added 0 classes and 0 folders.
[2022.03.29-13.26.32:175][  0]LogNativeClassHierarchy: Verbose: Native class hierarchy updated for 'SceneOutliner' in 0.0003 seconds. Added 2 classes and 0 folders.
[2022.03.29-13.26.32:312][  0]LogSlate: Took 0.000265 seconds to synchronously load lazily loaded font '../../../Engine/Content/Slate/Fonts/Roboto-Regular.ttf' (155K)
[2022.03.29-13.26.32:314][  0]LogSlate: Took 0.000262 seconds to synchronously load lazily loaded font '../../../Engine/Content/Editor/Slate/Fonts/FontAwesome.ttf' (139K)
[2022.03.29-13.26.32:316][  0]LogSlate: Took 0.000222 seconds to synchronously load lazily loaded font '../../../Engine/Content/Slate/Fonts/Roboto-Bold.ttf' (160K)
[2022.03.29-13.26.32:431][  0]LogRenderer: Reallocating scene render targets to support 1032x640 Format 10 NumSamples 1 (Frame:1).
[2022.03.29-13.26.32:724][  0]LogNativeClassHierarchy: Verbose: Native class hierarchy updated for 'HierarchicalLODOutliner' in 0.0003 seconds. Added 0 classes and 0 folders.
[2022.03.29-13.26.32:724][  0]LogInput: Warning: Action Jump uses invalid key OculusGo_Left_Trigger_Click.
[2022.03.29-13.26.32:724][  0]LogInput: Warning: Action ResetVR uses invalid key OculusGo_Left_Trackpad_Click.
[2022.03.29-13.26.32:724][  0]LogInput: Warning: Use -RemoveInvalidKeys to remove instances of these keys from the action mapping.
[2022.03.29-13.26.32:724][  0]LogLoad: (Engine Initialization) Total time: 15.32 seconds
[2022.03.29-13.26.32:724][  0]LogLoad: (Engine Initialization) Total Blueprint compile time: 0.00 seconds
[2022.03.29-13.26.32:777][  0]LogAssetRegistry: Asset discovery search completed in 8.5819 seconds
[2022.03.29-13.26.32:784][  0]LogCollectionManager: Fixed up redirectors for 0 collections in 0.000004 seconds (updated 0 objects)
[2022.03.29-13.26.32:786][  0]LogContentStreaming: Texture pool size now 1000 MB
[2022.03.29-13.26.32:885][  3]LogSlate: Took 0.000280 seconds to synchronously load lazily loaded font '../../../Engine/Content/Slate/Fonts/Roboto-Light.ttf' (167K)
[2022.03.29-13.26.40:069][838]LogSlate: Window 'Plugins' being destroyed
[2022.03.29-13.26.40:074][838]LogSlate: Window 'Plugins' being destroyed
[2022.03.29-13.26.40:074][838]LogDirectoryWatcher: A directory notification for '../../../Engine/Plugins/' was aborted.
[2022.03.29-13.26.42:445][108]Cmd: SELECT NONE
[2022.03.29-13.26.43:398][215]LogEditorViewport: Clicking on Actor (LMB): StaticMeshActor (Floor)
[2022.03.29-13.26.44:171][216]LogEditorViewport: Clicking on Actor (LMB): StaticMeshActor (Floor)
[2022.03.29-13.26.44:781][283]LogEditorViewport: Clicking on Actor (LMB): StaticMeshActor (Floor)
[2022.03.29-13.26.45:317][345]LogEditorViewport: Clicking on Actor (LMB): StaticMeshActor (Floor)
[2022.03.29-13.26.45:681][387]LogEditorViewport: Clicking on Actor (LMB): StaticMeshActor (Floor)
[2022.03.29-13.26.46:029][427]LogEditorViewport: Clicking on Actor (LMB): StaticMeshActor (Floor)
[2022.03.29-13.26.46:292][457]LogEditorViewport: Clicking on Actor (LMB): StaticMeshActor (Floor)
[2022.03.29-13.26.46:574][489]LogEditorViewport: Clicking on Actor (LMB): StaticMeshActor (Floor)
[2022.03.29-13.26.46:762][510]LogEditorViewport: Clicking on Component (LMB): StaticMeshComponent (StaticMeshComponent0)
[2022.03.29-13.26.47:791][621]LogEditorViewport: Clicking on Actor (LMB): TextRenderActor (TextRenderActor)
[2022.03.29-13.26.48:900][734]Cmd: DELETE
[2022.03.29-13.26.48:900][734]Cmd: ACTOR DELETE
[2022.03.29-13.26.48:947][734]LogEditorActor: Deleted Actor: TextRenderActor
[2022.03.29-13.26.48:999][734]LogUObjectHash: Compacting FUObjectHashTables data took   0.67ms
[2022.03.29-13.26.49:000][734]LogEditorActor: Deleted 1 Actors (0.098 secs)
