Log file open, 03/30/22 15:22:26
LogWindows: Failed to load 'aqProf.dll' (GetLastError=126)
LogWindows: File 'aqProf.dll' does not exist
LogWindows: Failed to load 'VtuneApi.dll' (GetLastError=126)
LogWindows: File 'VtuneApi.dll' does not exist
LogWindows: Failed to load 'VtuneApi32e.dll' (GetLastError=126)
LogWindows: File 'VtuneApi32e.dll' does not exist
LogConsoleResponse: Display: Failed to find resolution value strings in scalability ini. Falling back to default.
LogConsoleResponse: Display: Failed to find resolution value strings in scalability ini. Falling back to default.
LogInit: Display: Running engine for game: Team6_LevelBlockout
LogPlatformFile: Not using cached read wrapper
LogTaskGraph: Started task graph with 5 named threads and 14 total threads with 3 sets of task threads.
LogStats: Stats thread started at 7.648958
LogICUInternationalization: ICU TimeZone Detection - Raw Offset: +1:00, Platform Override: ''
LogInit: Display: Loading text-based GConfig....
LogPluginManager: Mounting plugin MeshPainting
LogPluginManager: Mounting plugin XGEController
LogPluginManager: Mounting plugin EnvironmentQueryEditor
LogPluginManager: Mounting plugin AISupport
LogPluginManager: Mounting plugin LightPropagationVolume
LogPluginManager: Mounting plugin Paper2D
LogPluginManager: Mounting plugin LiveLink
LogPluginManager: Mounting plugin CameraShakePreviewer
LogPluginManager: Mounting plugin GameplayCameras
LogPluginManager: Mounting plugin OodleData
LogPluginManager: Mounting plugin OodleNetwork
LogPluginManager: Mounting plugin AnimationSharing
LogPluginManager: Mounting plugin CLionSourceCodeAccess
LogPluginManager: Mounting plugin CodeLiteSourceCodeAccess
LogPluginManager: Mounting plugin GitSourceControl
LogPluginManager: Mounting plugin KDevelopSourceCodeAccess
LogPluginManager: Mounting plugin NullSourceCodeAccess
LogPluginManager: Mounting plugin PerforceSourceControl
LogPluginManager: Mounting plugin PixWinPlugin
LogPluginManager: Mounting plugin PlasticSourceControl
LogPluginManager: Mounting plugin PluginUtils
LogPluginManager: Mounting plugin PropertyAccessNode
LogPluginManager: Mounting plugin RiderSourceCodeAccess
LogPluginManager: Mounting plugin SubversionSourceControl
LogPluginManager: Mounting plugin TextureFormatOodle
LogPluginManager: Mounting plugin UObjectPlugin
LogPluginManager: Mounting plugin VisualStudioCodeSourceCodeAccess
LogPluginManager: Mounting plugin VisualStudioSourceCodeAccess
LogPluginManager: Mounting plugin XCodeSourceCodeAccess
LogPluginManager: Mounting plugin Niagara
LogPluginManager: Mounting plugin DatasmithContent
LogPluginManager: Mounting plugin AssetManagerEditor
LogPluginManager: Mounting plugin VariantManagerContent
LogPluginManager: Mounting plugin CryptoKeys
LogPluginManager: Mounting plugin CurveEditorTools
LogPluginManager: Mounting plugin FacialAnimation
LogPluginManager: Mounting plugin DataValidation
LogPluginManager: Mounting plugin GameplayTagsEditor
LogPluginManager: Mounting plugin GeometryMode
LogPluginManager: Mounting plugin MaterialAnalyzer
LogPluginManager: Mounting plugin MacGraphicsSwitching
LogPluginManager: Mounting plugin MobileLauncherProfileWizard
LogPluginManager: Mounting plugin SpeedTreeImporter
LogPluginManager: Mounting plugin PluginBrowser
LogPluginManager: Mounting plugin AlembicImporter
LogPluginManager: Mounting plugin AutomationUtils
LogPluginManager: Mounting plugin BackChannel
LogPluginManager: Mounting plugin ChaosClothEditor
LogPluginManager: Mounting plugin ChaosCloth
LogPluginManager: Mounting plugin ChaosEditor
LogPluginManager: Mounting plugin ChaosSolverPlugin
LogPluginManager: Mounting plugin CharacterAI
LogPluginManager: Mounting plugin ChaosNiagara
LogPluginManager: Mounting plugin ControlRig
LogPluginManager: Mounting plugin GeometryCache
LogPluginManager: Mounting plugin BlockoutToolsPlugin
LogPluginManager: Mounting plugin TcpMessaging
LogPluginManager: Mounting plugin UdpMessaging
LogPluginManager: Mounting plugin LuminPlatformFeatures
LogPluginManager: Mounting plugin GeometryCollectionPlugin
LogPluginManager: Mounting plugin ElectronicNodes
LogPluginManager: Mounting plugin MagicLeap
LogPluginManager: Mounting plugin MagicLeapMedia
LogPluginManager: Mounting plugin MagicLeapLightEstimation
LogPluginManager: Mounting plugin MagicLeapPassableWorld
LogPluginManager: Mounting plugin MLSDK
LogPluginManager: Mounting plugin AndroidMedia
LogPluginManager: Mounting plugin AvfMedia
LogPluginManager: Mounting plugin ImgMedia
LogPluginManager: Mounting plugin MediaCompositing
LogPluginManager: Mounting plugin MediaPlayerEditor
LogPluginManager: Mounting plugin WebMMedia
LogPluginManager: Mounting plugin ActorSequence
LogPluginManager: Mounting plugin WmfMedia
LogPluginManager: Mounting plugin LevelSequenceEditor
LogPluginManager: Mounting plugin MatineeToLevelSequence
LogPluginManager: Mounting plugin LauncherChunkInstaller
LogPluginManager: Mounting plugin TemplateSequence
LogPluginManager: Mounting plugin OnlineSubsystem
LogPluginManager: Mounting plugin OnlineSubsystemNull
LogPluginManager: Mounting plugin OnlineSubsystemUtils
LogPluginManager: Mounting plugin ActorLayerUtilities
LogPluginManager: Mounting plugin AndroidDeviceProfileSelector
LogPluginManager: Mounting plugin AndroidMoviePlayer
LogPluginManager: Mounting plugin AndroidPermission
LogPluginManager: Mounting plugin AppleMoviePlayer
LogPluginManager: Mounting plugin AppleImageUtils
LogPluginManager: Mounting plugin ArchVisCharacter
LogPluginManager: Mounting plugin AssetTags
LogPluginManager: Mounting plugin AudioCapture
LogPluginManager: Mounting plugin AudioSynesthesia
LogPluginManager: Mounting plugin CableComponent
LogPluginManager: Mounting plugin ChunkDownloader
LogPluginManager: Mounting plugin CustomMeshComponent
LogPluginManager: Mounting plugin ExampleDeviceProfileSelector
LogPluginManager: Mounting plugin EditableMesh
LogPluginManager: Mounting plugin GooglePAD
LogPluginManager: Mounting plugin GoogleCloudMessaging
LogPluginManager: Mounting plugin IOSDeviceProfileSelector
LogPluginManager: Mounting plugin LinuxDeviceProfileSelector
LogPluginManager: Mounting plugin LocationServicesBPLibrary
LogPluginManager: Mounting plugin MobilePatchingUtils
LogPluginManager: Mounting plugin OpenXR
LogPluginManager: Mounting plugin OpenXREyeTracker
LogPluginManager: Mounting plugin OpenXRHandTracking
LogPluginManager: Mounting plugin PhysXVehicles
LogPluginManager: Mounting plugin PostSplashScreen
LogPluginManager: Mounting plugin ProceduralMeshComponent
LogPluginManager: Mounting plugin PropertyAccessEditor
LogPluginManager: Mounting plugin SignificanceManager
LogPluginManager: Mounting plugin RuntimePhysXCooking
LogPluginManager: Mounting plugin SoundFields
LogPluginManager: Mounting plugin WebMMoviePlayer
LogPluginManager: Mounting plugin WindowsMoviePlayer
LogPluginManager: Mounting plugin Synthesis
LogPluginManager: Mounting plugin OpenImageDenoise
LogPluginManager: Mounting plugin MotoSynth
LogPluginManager: Mounting plugin PlanarCut
LogPluginManager: Mounting plugin GeometryProcessing
LogPluginManager: Mounting plugin ProxyLODPlugin
LogPluginManager: Mounting plugin PlatformCrypto
LogPluginManager: Mounting plugin PythonScriptPlugin
LogPluginManager: Mounting plugin SkeletalReduction
LogPluginManager: Mounting plugin ScreenshotTools
LogPluginManager: Mounting plugin Takes
LogPluginManager: Mounting plugin ContentBrowserAssetDataSource
LogPluginManager: Mounting plugin ContentBrowserClassDataSource
LogPluginManager: Mounting plugin ContentBrowserFileDataSource
LogPluginManager: Mounting plugin OnlineSubsystemGooglePlay
LogPluginManager: Mounting plugin OnlineSubsystemIOS
LogPluginManager: Mounting plugin OculusVR
LogPluginManager: Mounting plugin SteamVR
PixWinPlugin: PIX capture plugin failed to initialize! Check that the process is launched from PIX.
LogInit: Using libcurl 7.55.1-DEV
LogInit:  - built for x86_64-pc-win32
LogInit:  - supports SSL with OpenSSL/1.1.1
LogInit:  - supports HTTP deflate (compression) using libz 1.2.8
LogInit:  - other features:
LogInit:      CURL_VERSION_SSL
LogInit:      CURL_VERSION_LIBZ
LogInit:      CURL_VERSION_IPV6
LogInit:      CURL_VERSION_ASYNCHDNS
LogInit:      CURL_VERSION_LARGEFILE
LogInit:      CURL_VERSION_IDN
LogInit:  CurlRequestOptions (configurable via config and command line):
LogInit:  - bVerifyPeer = true  - Libcurl will verify peer certificate
LogInit:  - bUseHttpProxy = false  - Libcurl will NOT use HTTP proxy
LogInit:  - bDontReuseConnections = false  - Libcurl will reuse connections
LogInit:  - MaxHostConnections = 16  - Libcurl will limit the number of connections to a host
LogInit:  - LocalHostAddr = Default
LogInit:  - BufferSize = 65536
LogOnline: OSS: Creating online subsystem instance for: NULL
LogInit: WinSock: version 1.1 (2.2), MaxSocks=32767, MaxUdp=65467
LogOnline: OSS: TryLoadSubsystemAndSetDefault: Loaded subsystem for module [NULL]
LogOculusPluginWrapper: OculusPlugin initialized successfully
LogHMD: Failed initializing OVRPlugin 1.59.0
LogInit: Build: ++UE4+Release-4.27-CL-18319896
LogInit: Engine Version: 4.27.2-18319896+++UE4+Release-4.27
LogInit: Compatible Engine Version: 4.27.0-17155196+++UE4+Release-4.27
LogInit: Net CL: 17155196
LogInit: OS: Windows 10 (Release 2009) (), CPU: Intel(R) Core(TM) i5-6600 CPU @ 3.30GHz, GPU: NVIDIA GeForce GTX 1070
LogInit: Compiled (64-bit): Nov 30 2021 07:12:08
LogInit: Compiled with Visual C++: 19.24.28315.00
LogInit: Build Configuration: Development
LogInit: Branch Name: ++UE4+Release-4.27
LogInit: Command Line: 
LogInit: Base Directory: D:/Program/UE_4.27/Engine/Binaries/Win64/
LogInit: Allocator: TBB
LogInit: Installed Engine Build: 1
LogDevObjectVersion: Number of dev versions registered: 29
LogDevObjectVersion:   Dev-Blueprints (B0D832E4-1F89-4F0D-ACCF-7EB736FD4AA2): 10
LogDevObjectVersion:   Dev-Build (E1C64328-A22C-4D53-A36C-8E866417BD8C): 0
LogDevObjectVersion:   Dev-Core (375EC13C-06E4-48FB-B500-84F0262A717E): 4
LogDevObjectVersion:   Dev-Editor (E4B068ED-F494-42E9-A231-DA0B2E46BB41): 40
LogDevObjectVersion:   Dev-Framework (CFFC743F-43B0-4480-9391-14DF171D2073): 37
LogDevObjectVersion:   Dev-Mobile (B02B49B5-BB20-44E9-A304-32B752E40360): 3
LogDevObjectVersion:   Dev-Networking (A4E4105C-59A1-49B5-A7C5-40C4547EDFEE): 0
LogDevObjectVersion:   Dev-Online (39C831C9-5AE6-47DC-9A44-9C173E1C8E7C): 0
LogDevObjectVersion:   Dev-Physics (78F01B33-EBEA-4F98-B9B4-84EACCB95AA2): 14
LogDevObjectVersion:   Dev-Platform (6631380F-2D4D-43E0-8009-CF276956A95A): 0
LogDevObjectVersion:   Dev-Rendering (12F88B9F-8875-4AFC-A67C-D90C383ABD29): 45
LogDevObjectVersion:   Dev-Sequencer (7B5AE74C-D270-4C10-A958-57980B212A5A): 13
LogDevObjectVersion:   Dev-VR (D7296918-1DD6-4BDD-9DE2-64A83CC13884): 3
LogDevObjectVersion:   Dev-LoadTimes (C2A15278-BFE7-4AFE-6C17-90FF531DF755): 1
LogDevObjectVersion:   Private-Geometry (6EACA3D4-40EC-4CC1-B786-8BED09428FC5): 3
LogDevObjectVersion:   Dev-AnimPhys (29E575DD-E0A3-4627-9D10-D276232CDCEA): 17
LogDevObjectVersion:   Dev-Anim (AF43A65D-7FD3-4947-9873-3E8ED9C1BB05): 15
LogDevObjectVersion:   Dev-ReflectionCapture (6B266CEC-1EC7-4B8F-A30B-E4D90942FC07): 1
LogDevObjectVersion:   Dev-Automation (0DF73D61-A23F-47EA-B727-89E90C41499A): 1
LogDevObjectVersion:   FortniteMain (601D1886-AC64-4F84-AA16-D3DE0DEAC7D6): 47
LogDevObjectVersion:   FortniteRelease (E7086368-6B23-4C58-8439-1B7016265E91): 1
LogDevObjectVersion:   Dev-Enterprise (9DFFBCD6-494F-0158-E221-12823C92A888): 10
LogDevObjectVersion:   Dev-Niagara (F2AED0AC-9AFE-416F-8664-AA7FFA26D6FC): 1
LogDevObjectVersion:   Dev-Destruction (174F1F0B-B4C6-45A5-B13F-2EE8D0FB917D): 10
LogDevObjectVersion:   Dev-Physics-Ext (35F94A83-E258-406C-A318-09F59610247C): 41
LogDevObjectVersion:   Dev-PhysicsMaterial-Chaos (B68FC16E-8B1B-42E2-B453-215C058844FE): 1
LogDevObjectVersion:   Dev-CineCamera (B2E18506-4273-CFC2-A54E-F4BB758BBA07): 1
LogDevObjectVersion:   Dev-VirtualProduction (64F58936-FD1B-42BA-BA96-7289D5D0FA4E): 1
LogDevObjectVersion:   Dev-MediaFramework (6F0ED827-A609-4895-9C91-998D90180EA4): 2
LogInit: Presizing for max 25165824 objects, including 0 objects not considered by GC, pre-allocating 0 bytes for permanent pool.
LogConfig: Applying CVar settings from Section [/Script/Engine.StreamingSettings] File [D:/Dokument/Github/urban-factory-doodle/Team6_LevelBlockout/Saved/Config/Windows/Engine.ini]
LogConfig: Setting CVar [[s.MinBulkDataSizeForAsyncLoading:131072]]
LogConfig: Setting CVar [[s.AsyncLoadingThreadEnabled:0]]
LogConfig: Setting CVar [[s.EventDrivenLoaderEnabled:1]]
LogConfig: Setting CVar [[s.WarnIfTimeLimitExceeded:0]]
LogConfig: Setting CVar [[s.TimeLimitExceededMultiplier:1.5]]
LogConfig: Setting CVar [[s.TimeLimitExceededMinTime:0.005]]
LogConfig: Setting CVar [[s.UseBackgroundLevelStreaming:1]]
LogConfig: Setting CVar [[s.PriorityAsyncLoadingExtraTime:15.0]]
LogConfig: Setting CVar [[s.LevelStreamingActorsUpdateTimeLimit:5.0]]
LogConfig: Setting CVar [[s.PriorityLevelStreamingActorsUpdateExtraTime:5.0]]
LogConfig: Setting CVar [[s.LevelStreamingComponentsRegistrationGranularity:10]]
LogConfig: Setting CVar [[s.UnregisterComponentsTimeLimit:1.0]]
LogConfig: Setting CVar [[s.LevelStreamingComponentsUnregistrationGranularity:5]]
LogConfig: Setting CVar [[s.FlushStreamingOnExit:1]]
LogInit: Object subsystem initialized
LogConfig: Setting CVar [[con.DebugEarlyDefault:1]]
LogConfig: Setting CVar [[r.setres:1280x720]]
[2022.03.30-13.22.33:958][  0]LogConfig: Setting CVar [[r.VSync:0]]
[2022.03.30-13.22.33:958][  0]LogConfig: Setting CVar [[r.RHICmdBypass:0]]
[2022.03.30-13.22.33:958][  0]LogConfig: Applying CVar settings from Section [/Script/Engine.RendererSettings] File [D:/Dokument/Github/urban-factory-doodle/Team6_LevelBlockout/Saved/Config/Windows/Engine.ini]
[2022.03.30-13.22.33:958][  0]LogConfig: Setting CVar [[r.GPUCrashDebugging:0]]
[2022.03.30-13.22.33:958][  0]LogConfig: Applying CVar settings from Section [/Script/Engine.RendererOverrideSettings] File [D:/Dokument/Github/urban-factory-doodle/Team6_LevelBlockout/Saved/Config/Windows/Engine.ini]
[2022.03.30-13.22.33:958][  0]LogConfig: Applying CVar settings from Section [/Script/Engine.StreamingSettings] File [D:/Dokument/Github/urban-factory-doodle/Team6_LevelBlockout/Saved/Config/Windows/Engine.ini]
[2022.03.30-13.22.33:958][  0]LogConfig: Setting CVar [[s.MinBulkDataSizeForAsyncLoading:131072]]
[2022.03.30-13.22.33:958][  0]LogConfig: Setting CVar [[s.AsyncLoadingThreadEnabled:0]]
[2022.03.30-13.22.33:958][  0]LogConfig: Setting CVar [[s.EventDrivenLoaderEnabled:1]]
[2022.03.30-13.22.33:958][  0]LogConfig: Setting CVar [[s.WarnIfTimeLimitExceeded:0]]
[2022.03.30-13.22.33:958][  0]LogConfig: Setting CVar [[s.TimeLimitExceededMultiplier:1.5]]
[2022.03.30-13.22.33:958][  0]LogConfig: Setting CVar [[s.TimeLimitExceededMinTime:0.005]]
[2022.03.30-13.22.33:958][  0]LogConfig: Setting CVar [[s.UseBackgroundLevelStreaming:1]]
[2022.03.30-13.22.33:958][  0]LogConfig: Setting CVar [[s.PriorityAsyncLoadingExtraTime:15.0]]
[2022.03.30-13.22.33:958][  0]LogConfig: Setting CVar [[s.LevelStreamingActorsUpdateTimeLimit:5.0]]
[2022.03.30-13.22.33:958][  0]LogConfig: Setting CVar [[s.PriorityLevelStreamingActorsUpdateExtraTime:5.0]]
[2022.03.30-13.22.33:958][  0]LogConfig: Setting CVar [[s.LevelStreamingComponentsRegistrationGranularity:10]]
[2022.03.30-13.22.33:958][  0]LogConfig: Setting CVar [[s.UnregisterComponentsTimeLimit:1.0]]
[2022.03.30-13.22.33:958][  0]LogConfig: Setting CVar [[s.LevelStreamingComponentsUnregistrationGranularity:5]]
[2022.03.30-13.22.33:958][  0]LogConfig: Setting CVar [[s.FlushStreamingOnExit:1]]
[2022.03.30-13.22.33:958][  0]LogConfig: Applying CVar settings from Section [/Script/Engine.GarbageCollectionSettings] File [D:/Dokument/Github/urban-factory-doodle/Team6_LevelBlockout/Saved/Config/Windows/Engine.ini]
[2022.03.30-13.22.33:958][  0]LogConfig: Setting CVar [[gc.MaxObjectsNotConsideredByGC:1]]
[2022.03.30-13.22.33:958][  0]LogConfig: Setting CVar [[gc.SizeOfPermanentObjectPool:0]]
[2022.03.30-13.22.33:958][  0]LogConfig: Setting CVar [[gc.FlushStreamingOnGC:0]]
[2022.03.30-13.22.33:958][  0]LogConfig: Setting CVar [[gc.NumRetriesBeforeForcingGC:10]]
[2022.03.30-13.22.33:958][  0]LogConfig: Setting CVar [[gc.AllowParallelGC:1]]
[2022.03.30-13.22.33:958][  0]LogConfig: Setting CVar [[gc.TimeBetweenPurgingPendingKillObjects:61.1]]
[2022.03.30-13.22.33:958][  0]LogConfig: Setting CVar [[gc.MaxObjectsInEditor:25165824]]
[2022.03.30-13.22.33:958][  0]LogConfig: Setting CVar [[gc.IncrementalBeginDestroyEnabled:1]]
[2022.03.30-13.22.33:958][  0]LogConfig: Setting CVar [[gc.CreateGCClusters:1]]
[2022.03.30-13.22.33:959][  0]LogConfig: Setting CVar [[gc.MinGCClusterSize:5]]
[2022.03.30-13.22.33:959][  0]LogConfig: Setting CVar [[gc.ActorClusteringEnabled:0]]
[2022.03.30-13.22.33:959][  0]LogConfig: Setting CVar [[gc.BlueprintClusteringEnabled:0]]
[2022.03.30-13.22.33:959][  0]LogConfig: Setting CVar [[gc.UseDisregardForGCOnDedicatedServers:0]]
[2022.03.30-13.22.33:959][  0]LogConfig: Setting CVar [[gc.MultithreadedDestructionEnabled:1]]
[2022.03.30-13.22.33:959][  0]LogConfig: Applying CVar settings from Section [/Script/Engine.NetworkSettings] File [D:/Dokument/Github/urban-factory-doodle/Team6_LevelBlockout/Saved/Config/Windows/Engine.ini]
[2022.03.30-13.22.33:959][  0]LogConfig: Applying CVar settings from Section [/Script/UnrealEd.CookerSettings] File [D:/Dokument/Github/urban-factory-doodle/Team6_LevelBlockout/Saved/Config/Windows/Engine.ini]
[2022.03.30-13.22.34:126][  0]LogConfig: Applying CVar settings from Section [ViewDistanceQuality@3] File [D:/Dokument/Github/urban-factory-doodle/Team6_LevelBlockout/Saved/Config/Windows/Scalability.ini]
[2022.03.30-13.22.34:126][  0]LogConfig: Setting CVar [[r.SkeletalMeshLODBias:0]]
[2022.03.30-13.22.34:126][  0]LogConfig: Setting CVar [[r.ViewDistanceScale:1.0]]
[2022.03.30-13.22.34:126][  0]LogConfig: Applying CVar settings from Section [AntiAliasingQuality@3] File [D:/Dokument/Github/urban-factory-doodle/Team6_LevelBlockout/Saved/Config/Windows/Scalability.ini]
[2022.03.30-13.22.34:126][  0]LogConfig: Setting CVar [[r.PostProcessAAQuality:4]]
[2022.03.30-13.22.34:127][  0]LogConfig: Applying CVar settings from Section [ShadowQuality@3] File [D:/Dokument/Github/urban-factory-doodle/Team6_LevelBlockout/Saved/Config/Windows/Scalability.ini]
[2022.03.30-13.22.34:127][  0]LogConfig: Setting CVar [[r.LightFunctionQuality:1]]
[2022.03.30-13.22.34:127][  0]LogConfig: Setting CVar [[r.ShadowQuality:5]]
[2022.03.30-13.22.34:127][  0]LogConfig: Setting CVar [[r.Shadow.CSM.MaxCascades:10]]
[2022.03.30-13.22.34:127][  0]LogConfig: Setting CVar [[r.Shadow.MaxResolution:2048]]
[2022.03.30-13.22.34:127][  0]LogConfig: Setting CVar [[r.Shadow.MaxCSMResolution:2048]]
[2022.03.30-13.22.34:127][  0]LogConfig: Setting CVar [[r.Shadow.RadiusThreshold:0.01]]
[2022.03.30-13.22.34:127][  0]LogConfig: Setting CVar [[r.Shadow.DistanceScale:1.0]]
[2022.03.30-13.22.34:127][  0]LogConfig: Setting CVar [[r.Shadow.CSM.TransitionScale:1.0]]
[2022.03.30-13.22.34:127][  0]LogConfig: Setting CVar [[r.Shadow.PreShadowResolutionFactor:1.0]]
[2022.03.30-13.22.34:127][  0]LogConfig: Setting CVar [[r.DistanceFieldShadowing:1]]
[2022.03.30-13.22.34:127][  0]LogConfig: Setting CVar [[r.DistanceFieldAO:1]]
[2022.03.30-13.22.34:127][  0]LogConfig: Setting CVar [[r.AOQuality:2]]
[2022.03.30-13.22.34:127][  0]LogConfig: Setting CVar [[r.VolumetricFog:1]]
[2022.03.30-13.22.34:127][  0]LogConfig: Setting CVar [[r.VolumetricFog.GridPixelSize:8]]
[2022.03.30-13.22.34:127][  0]LogConfig: Setting CVar [[r.VolumetricFog.GridSizeZ:128]]
[2022.03.30-13.22.34:127][  0]LogConfig: Setting CVar [[r.VolumetricFog.HistoryMissSupersampleCount:4]]
[2022.03.30-13.22.34:127][  0]LogConfig: Setting CVar [[r.LightMaxDrawDistanceScale:1]]
[2022.03.30-13.22.34:127][  0]LogConfig: Setting CVar [[r.CapsuleShadows:1]]
[2022.03.30-13.22.34:127][  0]LogConfig: Applying CVar settings from Section [PostProcessQuality@3] File [D:/Dokument/Github/urban-factory-doodle/Team6_LevelBlockout/Saved/Config/Windows/Scalability.ini]
[2022.03.30-13.22.34:127][  0]LogConfig: Setting CVar [[r.MotionBlurQuality:4]]
[2022.03.30-13.22.34:127][  0]LogConfig: Setting CVar [[r.AmbientOcclusionMipLevelFactor:0.4]]
[2022.03.30-13.22.34:127][  0]LogConfig: Setting CVar [[r.AmbientOcclusionMaxQuality:100]]
[2022.03.30-13.22.34:127][  0]LogConfig: Setting CVar [[r.AmbientOcclusionLevels:-1]]
[2022.03.30-13.22.34:127][  0]LogConfig: Setting CVar [[r.AmbientOcclusionRadiusScale:1.0]]
[2022.03.30-13.22.34:127][  0]LogConfig: Setting CVar [[r.DepthOfFieldQuality:2]]
[2022.03.30-13.22.34:127][  0]LogConfig: Setting CVar [[r.RenderTargetPoolMin:400]]
[2022.03.30-13.22.34:127][  0]LogConfig: Setting CVar [[r.LensFlareQuality:2]]
[2022.03.30-13.22.34:127][  0]LogConfig: Setting CVar [[r.SceneColorFringeQuality:1]]
[2022.03.30-13.22.34:127][  0]LogConfig: Setting CVar [[r.EyeAdaptationQuality:2]]
[2022.03.30-13.22.34:127][  0]LogConfig: Setting CVar [[r.BloomQuality:5]]
[2022.03.30-13.22.34:127][  0]LogConfig: Setting CVar [[r.FastBlurThreshold:100]]
[2022.03.30-13.22.34:127][  0]LogConfig: Setting CVar [[r.Upscale.Quality:3]]
[2022.03.30-13.22.34:127][  0]LogConfig: Setting CVar [[r.Tonemapper.GrainQuantization:1]]
[2022.03.30-13.22.34:127][  0]LogConfig: Setting CVar [[r.LightShaftQuality:1]]
[2022.03.30-13.22.34:127][  0]LogConfig: Setting CVar [[r.Filter.SizeScale:1]]
[2022.03.30-13.22.34:127][  0]LogConfig: Setting CVar [[r.Tonemapper.Quality:5]]
[2022.03.30-13.22.34:127][  0]LogConfig: Setting CVar [[r.DOF.Gather.AccumulatorQuality:1        ; higher gathering accumulator quality]]
[2022.03.30-13.22.34:127][  0]LogConfig: Setting CVar [[r.DOF.Gather.PostfilterMethod:1          ; Median3x3 postfilering method]]
[2022.03.30-13.22.34:127][  0]LogConfig: Setting CVar [[r.DOF.Gather.EnableBokehSettings:0       ; no bokeh simulation when gathering]]
[2022.03.30-13.22.34:127][  0]LogConfig: Setting CVar [[r.DOF.Gather.RingCount:4                 ; medium number of samples when gathering]]
[2022.03.30-13.22.34:127][  0]LogConfig: Setting CVar [[r.DOF.Scatter.ForegroundCompositing:1    ; additive foreground scattering]]
[2022.03.30-13.22.34:127][  0]LogConfig: Setting CVar [[r.DOF.Scatter.BackgroundCompositing:2    ; additive background scattering]]
[2022.03.30-13.22.34:127][  0]LogConfig: Setting CVar [[r.DOF.Scatter.EnableBokehSettings:1      ; bokeh simulation when scattering]]
[2022.03.30-13.22.34:127][  0]LogConfig: Setting CVar [[r.DOF.Scatter.MaxSpriteRatio:0.1         ; only a maximum of 10% of scattered bokeh]]
[2022.03.30-13.22.34:127][  0]LogConfig: Setting CVar [[r.DOF.Recombine.Quality:1                ; cheap slight out of focus]]
[2022.03.30-13.22.34:127][  0]LogConfig: Setting CVar [[r.DOF.Recombine.EnableBokehSettings:0    ; no bokeh simulation on slight out of focus]]
[2022.03.30-13.22.34:127][  0]LogConfig: Setting CVar [[r.DOF.TemporalAAQuality:1                ; more stable temporal accumulation]]
[2022.03.30-13.22.34:127][  0]LogConfig: Setting CVar [[r.DOF.Kernel.MaxForegroundRadius:0.025]]
[2022.03.30-13.22.34:127][  0]LogConfig: Setting CVar [[r.DOF.Kernel.MaxBackgroundRadius:0.025]]
[2022.03.30-13.22.34:127][  0]LogConfig: Applying CVar settings from Section [TextureQuality@3] File [D:/Dokument/Github/urban-factory-doodle/Team6_LevelBlockout/Saved/Config/Windows/Scalability.ini]
[2022.03.30-13.22.34:127][  0]LogConfig: Setting CVar [[r.Streaming.MipBias:0]]
[2022.03.30-13.22.34:127][  0]LogConfig: Setting CVar [[r.Streaming.AmortizeCPUToGPUCopy:0]]
[2022.03.30-13.22.34:127][  0]LogConfig: Setting CVar [[r.Streaming.MaxNumTexturesToStreamPerFrame:0]]
[2022.03.30-13.22.34:127][  0]LogConfig: Setting CVar [[r.Streaming.Boost:1]]
[2022.03.30-13.22.34:127][  0]LogConfig: Setting CVar [[r.MaxAnisotropy:8]]
[2022.03.30-13.22.34:127][  0]LogConfig: Setting CVar [[r.VT.MaxAnisotropy:8]]
[2022.03.30-13.22.34:127][  0]LogConfig: Setting CVar [[r.Streaming.LimitPoolSizeToVRAM:0]]
[2022.03.30-13.22.34:128][  0]LogConfig: Setting CVar [[r.Streaming.PoolSize:1000]]
[2022.03.30-13.22.34:128][  0]LogConfig: Setting CVar [[r.Streaming.MaxEffectiveScreenSize:0]]
[2022.03.30-13.22.34:128][  0]LogConfig: Applying CVar settings from Section [EffectsQuality@3] File [D:/Dokument/Github/urban-factory-doodle/Team6_LevelBlockout/Saved/Config/Windows/Scalability.ini]
[2022.03.30-13.22.34:128][  0]LogConfig: Setting CVar [[r.TranslucencyLightingVolumeDim:64]]
[2022.03.30-13.22.34:128][  0]LogConfig: Setting CVar [[r.RefractionQuality:2]]
[2022.03.30-13.22.34:128][  0]LogConfig: Setting CVar [[r.SSR.Quality:3]]
[2022.03.30-13.22.34:128][  0]LogConfig: Setting CVar [[r.SSR.HalfResSceneColor:0]]
[2022.03.30-13.22.34:128][  0]LogConfig: Setting CVar [[r.SceneColorFormat:4]]
[2022.03.30-13.22.34:128][  0]LogConfig: Setting CVar [[r.DetailMode:2]]
[2022.03.30-13.22.34:128][  0]LogConfig: Setting CVar [[r.TranslucencyVolumeBlur:1]]
[2022.03.30-13.22.34:128][  0]LogConfig: Setting CVar [[r.MaterialQualityLevel:1 ; High quality]]
[2022.03.30-13.22.34:128][  0]LogConfig: Setting CVar [[r.AnisotropicMaterials:1]]
[2022.03.30-13.22.34:128][  0]LogConfig: Setting CVar [[r.SSS.Scale:1]]
[2022.03.30-13.22.34:128][  0]LogConfig: Setting CVar [[r.SSS.SampleSet:2]]
[2022.03.30-13.22.34:128][  0]LogConfig: Setting CVar [[r.SSS.Quality:1]]
[2022.03.30-13.22.34:128][  0]LogConfig: Setting CVar [[r.SSS.HalfRes:0]]
[2022.03.30-13.22.34:128][  0]LogConfig: Setting CVar [[r.SSGI.Quality:3]]
[2022.03.30-13.22.34:128][  0]LogConfig: Setting CVar [[r.EmitterSpawnRateScale:1.0]]
[2022.03.30-13.22.34:128][  0]LogConfig: Setting CVar [[r.ParticleLightQuality:2]]
[2022.03.30-13.22.34:128][  0]LogConfig: Setting CVar [[r.SkyAtmosphere.AerialPerspectiveLUT.FastApplyOnOpaque:1 ; Always have FastSkyLUT 1 in this case to avoid wrong sky]]
[2022.03.30-13.22.34:128][  0]LogConfig: Setting CVar [[r.SkyAtmosphere.AerialPerspectiveLUT.SampleCountMaxPerSlice:4]]
[2022.03.30-13.22.34:128][  0]LogConfig: Setting CVar [[r.SkyAtmosphere.AerialPerspectiveLUT.DepthResolution:16.0]]
[2022.03.30-13.22.34:128][  0]LogConfig: Setting CVar [[r.SkyAtmosphere.FastSkyLUT:1]]
[2022.03.30-13.22.34:128][  0]LogConfig: Setting CVar [[r.SkyAtmosphere.FastSkyLUT.SampleCountMin:4.0]]
[2022.03.30-13.22.34:128][  0]LogConfig: Setting CVar [[r.SkyAtmosphere.FastSkyLUT.SampleCountMax:128.0]]
[2022.03.30-13.22.34:128][  0]LogConfig: Setting CVar [[r.SkyAtmosphere.SampleCountMin:4.0]]
[2022.03.30-13.22.34:128][  0]LogConfig: Setting CVar [[r.SkyAtmosphere.SampleCountMax:128.0]]
[2022.03.30-13.22.34:128][  0]LogConfig: Setting CVar [[r.SkyAtmosphere.TransmittanceLUT.UseSmallFormat:0]]
[2022.03.30-13.22.34:128][  0]LogConfig: Setting CVar [[r.SkyAtmosphere.TransmittanceLUT.SampleCount:10.0]]
[2022.03.30-13.22.34:128][  0]LogConfig: Setting CVar [[r.SkyAtmosphere.MultiScatteringLUT.SampleCount:15.0]]
[2022.03.30-13.22.34:128][  0]LogConfig: Setting CVar [[r.SkyLight.RealTimeReflectionCapture:1]]
[2022.03.30-13.22.34:128][  0]LogConfig: Applying CVar settings from Section [FoliageQuality@3] File [D:/Dokument/Github/urban-factory-doodle/Team6_LevelBlockout/Saved/Config/Windows/Scalability.ini]
[2022.03.30-13.22.34:128][  0]LogConfig: Setting CVar [[foliage.DensityScale:1.0]]
[2022.03.30-13.22.34:128][  0]LogConfig: Setting CVar [[grass.DensityScale:1.0]]
[2022.03.30-13.22.34:128][  0]LogConfig: Applying CVar settings from Section [ShadingQuality@3] File [D:/Dokument/Github/urban-factory-doodle/Team6_LevelBlockout/Saved/Config/Windows/Scalability.ini]
[2022.03.30-13.22.34:128][  0]LogConfig: Setting CVar [[r.HairStrands.SkyLighting.IntegrationType:2]]
[2022.03.30-13.22.34:128][  0]LogConfig: Setting CVar [[r.HairStrands.SkyAO.SampleCount:4]]
[2022.03.30-13.22.34:128][  0]LogConfig: Setting CVar [[r.HairStrands.Visibility.MSAA.SamplePerPixel:4]]
[2022.03.30-13.22.34:134][  0]LogInit: Selected Device Profile: [Windows]
[2022.03.30-13.22.34:134][  0]LogInit: Applying CVar settings loaded from the selected device profile: [Windows]
[2022.03.30-13.22.34:137][  0]LogHAL: Display: Platform has ~ 16 GB [17110474752 / 17179869184 / 16], which maps to Larger [LargestMinGB=32, LargerMinGB=12, DefaultMinGB=8, SmallerMinGB=6, SmallestMinGB=0)
[2022.03.30-13.22.34:155][  0]LogInit: Going up to parent DeviceProfile []
[2022.03.30-13.22.34:159][  0]LogConfig: Applying CVar settings from Section [ViewDistanceQuality@3] File [D:/Dokument/Github/urban-factory-doodle/Team6_LevelBlockout/Saved/Config/Windows/Scalability.ini]
[2022.03.30-13.22.34:159][  0]LogConfig: Setting CVar [[r.SkeletalMeshLODBias:0]]
[2022.03.30-13.22.34:159][  0]LogConfig: Setting CVar [[r.ViewDistanceScale:1.0]]
[2022.03.30-13.22.34:159][  0]LogConfig: Applying CVar settings from Section [AntiAliasingQuality@3] File [D:/Dokument/Github/urban-factory-doodle/Team6_LevelBlockout/Saved/Config/Windows/Scalability.ini]
[2022.03.30-13.22.34:159][  0]LogConfig: Setting CVar [[r.PostProcessAAQuality:4]]
[2022.03.30-13.22.34:159][  0]LogConfig: Applying CVar settings from Section [ShadowQuality@3] File [D:/Dokument/Github/urban-factory-doodle/Team6_LevelBlockout/Saved/Config/Windows/Scalability.ini]
[2022.03.30-13.22.34:159][  0]LogConfig: Setting CVar [[r.LightFunctionQuality:1]]
[2022.03.30-13.22.34:159][  0]LogConfig: Setting CVar [[r.ShadowQuality:5]]
[2022.03.30-13.22.34:159][  0]LogConfig: Setting CVar [[r.Shadow.CSM.MaxCascades:10]]
[2022.03.30-13.22.34:159][  0]LogConfig: Setting CVar [[r.Shadow.MaxResolution:2048]]
[2022.03.30-13.22.34:159][  0]LogConfig: Setting CVar [[r.Shadow.MaxCSMResolution:2048]]
[2022.03.30-13.22.34:159][  0]LogConfig: Setting CVar [[r.Shadow.RadiusThreshold:0.01]]
[2022.03.30-13.22.34:159][  0]LogConfig: Setting CVar [[r.Shadow.DistanceScale:1.0]]
[2022.03.30-13.22.34:159][  0]LogConfig: Setting CVar [[r.Shadow.CSM.TransitionScale:1.0]]
[2022.03.30-13.22.34:159][  0]LogConfig: Setting CVar [[r.Shadow.PreShadowResolutionFactor:1.0]]
[2022.03.30-13.22.34:159][  0]LogConfig: Setting CVar [[r.DistanceFieldShadowing:1]]
[2022.03.30-13.22.34:159][  0]LogConfig: Setting CVar [[r.DistanceFieldAO:1]]
[2022.03.30-13.22.34:159][  0]LogConfig: Setting CVar [[r.AOQuality:2]]
[2022.03.30-13.22.34:159][  0]LogConfig: Setting CVar [[r.VolumetricFog:1]]
[2022.03.30-13.22.34:159][  0]LogConfig: Setting CVar [[r.VolumetricFog.GridPixelSize:8]]
[2022.03.30-13.22.34:159][  0]LogConfig: Setting CVar [[r.VolumetricFog.GridSizeZ:128]]
[2022.03.30-13.22.34:159][  0]LogConfig: Setting CVar [[r.VolumetricFog.HistoryMissSupersampleCount:4]]
[2022.03.30-13.22.34:159][  0]LogConfig: Setting CVar [[r.LightMaxDrawDistanceScale:1]]
[2022.03.30-13.22.34:159][  0]LogConfig: Setting CVar [[r.CapsuleShadows:1]]
[2022.03.30-13.22.34:159][  0]LogConfig: Applying CVar settings from Section [PostProcessQuality@3] File [D:/Dokument/Github/urban-factory-doodle/Team6_LevelBlockout/Saved/Config/Windows/Scalability.ini]
[2022.03.30-13.22.34:159][  0]LogConfig: Setting CVar [[r.MotionBlurQuality:4]]
[2022.03.30-13.22.34:159][  0]LogConfig: Setting CVar [[r.AmbientOcclusionMipLevelFactor:0.4]]
[2022.03.30-13.22.34:159][  0]LogConfig: Setting CVar [[r.AmbientOcclusionMaxQuality:100]]
[2022.03.30-13.22.34:159][  0]LogConfig: Setting CVar [[r.AmbientOcclusionLevels:-1]]
[2022.03.30-13.22.34:159][  0]LogConfig: Setting CVar [[r.AmbientOcclusionRadiusScale:1.0]]
[2022.03.30-13.22.34:159][  0]LogConfig: Setting CVar [[r.DepthOfFieldQuality:2]]
[2022.03.30-13.22.34:159][  0]LogConfig: Setting CVar [[r.RenderTargetPoolMin:400]]
[2022.03.30-13.22.34:159][  0]LogConfig: Setting CVar [[r.LensFlareQuality:2]]
[2022.03.30-13.22.34:159][  0]LogConfig: Setting CVar [[r.SceneColorFringeQuality:1]]
[2022.03.30-13.22.34:159][  0]LogConfig: Setting CVar [[r.EyeAdaptationQuality:2]]
[2022.03.30-13.22.34:159][  0]LogConfig: Setting CVar [[r.BloomQuality:5]]
[2022.03.30-13.22.34:159][  0]LogConfig: Setting CVar [[r.FastBlurThreshold:100]]
[2022.03.30-13.22.34:159][  0]LogConfig: Setting CVar [[r.Upscale.Quality:3]]
[2022.03.30-13.22.34:159][  0]LogConfig: Setting CVar [[r.Tonemapper.GrainQuantization:1]]
[2022.03.30-13.22.34:159][  0]LogConfig: Setting CVar [[r.LightShaftQuality:1]]
[2022.03.30-13.22.34:159][  0]LogConfig: Setting CVar [[r.Filter.SizeScale:1]]
[2022.03.30-13.22.34:159][  0]LogConfig: Setting CVar [[r.Tonemapper.Quality:5]]
[2022.03.30-13.22.34:159][  0]LogConfig: Setting CVar [[r.DOF.Gather.AccumulatorQuality:1        ; higher gathering accumulator quality]]
[2022.03.30-13.22.34:159][  0]LogConfig: Setting CVar [[r.DOF.Gather.PostfilterMethod:1          ; Median3x3 postfilering method]]
[2022.03.30-13.22.34:159][  0]LogConfig: Setting CVar [[r.DOF.Gather.EnableBokehSettings:0       ; no bokeh simulation when gathering]]
[2022.03.30-13.22.34:159][  0]LogConfig: Setting CVar [[r.DOF.Gather.RingCount:4                 ; medium number of samples when gathering]]
[2022.03.30-13.22.34:159][  0]LogConfig: Setting CVar [[r.DOF.Scatter.ForegroundCompositing:1    ; additive foreground scattering]]
[2022.03.30-13.22.34:159][  0]LogConfig: Setting CVar [[r.DOF.Scatter.BackgroundCompositing:2    ; additive background scattering]]
[2022.03.30-13.22.34:159][  0]LogConfig: Setting CVar [[r.DOF.Scatter.EnableBokehSettings:1      ; bokeh simulation when scattering]]
[2022.03.30-13.22.34:159][  0]LogConfig: Setting CVar [[r.DOF.Scatter.MaxSpriteRatio:0.1         ; only a maximum of 10% of scattered bokeh]]
[2022.03.30-13.22.34:159][  0]LogConfig: Setting CVar [[r.DOF.Recombine.Quality:1                ; cheap slight out of focus]]
[2022.03.30-13.22.34:159][  0]LogConfig: Setting CVar [[r.DOF.Recombine.EnableBokehSettings:0    ; no bokeh simulation on slight out of focus]]
[2022.03.30-13.22.34:160][  0]LogConfig: Setting CVar [[r.DOF.TemporalAAQuality:1                ; more stable temporal accumulation]]
[2022.03.30-13.22.34:160][  0]LogConfig: Setting CVar [[r.DOF.Kernel.MaxForegroundRadius:0.025]]
[2022.03.30-13.22.34:160][  0]LogConfig: Setting CVar [[r.DOF.Kernel.MaxBackgroundRadius:0.025]]
[2022.03.30-13.22.34:160][  0]LogConfig: Applying CVar settings from Section [TextureQuality@3] File [D:/Dokument/Github/urban-factory-doodle/Team6_LevelBlockout/Saved/Config/Windows/Scalability.ini]
[2022.03.30-13.22.34:160][  0]LogConfig: Setting CVar [[r.Streaming.MipBias:0]]
[2022.03.30-13.22.34:160][  0]LogConfig: Setting CVar [[r.Streaming.AmortizeCPUToGPUCopy:0]]
[2022.03.30-13.22.34:160][  0]LogConfig: Setting CVar [[r.Streaming.MaxNumTexturesToStreamPerFrame:0]]
[2022.03.30-13.22.34:160][  0]LogConfig: Setting CVar [[r.Streaming.Boost:1]]
[2022.03.30-13.22.34:160][  0]LogConfig: Setting CVar [[r.MaxAnisotropy:8]]
[2022.03.30-13.22.34:160][  0]LogConfig: Setting CVar [[r.VT.MaxAnisotropy:8]]
[2022.03.30-13.22.34:160][  0]LogConfig: Setting CVar [[r.Streaming.LimitPoolSizeToVRAM:0]]
[2022.03.30-13.22.34:160][  0]LogConfig: Setting CVar [[r.Streaming.PoolSize:1000]]
[2022.03.30-13.22.34:160][  0]LogConfig: Setting CVar [[r.Streaming.MaxEffectiveScreenSize:0]]
[2022.03.30-13.22.34:160][  0]LogConfig: Applying CVar settings from Section [EffectsQuality@3] File [D:/Dokument/Github/urban-factory-doodle/Team6_LevelBlockout/Saved/Config/Windows/Scalability.ini]
[2022.03.30-13.22.34:160][  0]LogConfig: Setting CVar [[r.TranslucencyLightingVolumeDim:64]]
[2022.03.30-13.22.34:160][  0]LogConfig: Setting CVar [[r.RefractionQuality:2]]
[2022.03.30-13.22.34:160][  0]LogConfig: Setting CVar [[r.SSR.Quality:3]]
[2022.03.30-13.22.34:160][  0]LogConfig: Setting CVar [[r.SSR.HalfResSceneColor:0]]
[2022.03.30-13.22.34:160][  0]LogConfig: Setting CVar [[r.SceneColorFormat:4]]
[2022.03.30-13.22.34:160][  0]LogConfig: Setting CVar [[r.DetailMode:2]]
[2022.03.30-13.22.34:160][  0]LogConfig: Setting CVar [[r.TranslucencyVolumeBlur:1]]
[2022.03.30-13.22.34:160][  0]LogConfig: Setting CVar [[r.MaterialQualityLevel:1 ; High quality]]
[2022.03.30-13.22.34:160][  0]LogConfig: Setting CVar [[r.AnisotropicMaterials:1]]
[2022.03.30-13.22.34:160][  0]LogConfig: Setting CVar [[r.SSS.Scale:1]]
[2022.03.30-13.22.34:160][  0]LogConfig: Setting CVar [[r.SSS.SampleSet:2]]
[2022.03.30-13.22.34:160][  0]LogConfig: Setting CVar [[r.SSS.Quality:1]]
[2022.03.30-13.22.34:160][  0]LogConfig: Setting CVar [[r.SSS.HalfRes:0]]
[2022.03.30-13.22.34:160][  0]LogConfig: Setting CVar [[r.SSGI.Quality:3]]
[2022.03.30-13.22.34:160][  0]LogConfig: Setting CVar [[r.EmitterSpawnRateScale:1.0]]
[2022.03.30-13.22.34:160][  0]LogConfig: Setting CVar [[r.ParticleLightQuality:2]]
[2022.03.30-13.22.34:160][  0]LogConfig: Setting CVar [[r.SkyAtmosphere.AerialPerspectiveLUT.FastApplyOnOpaque:1 ; Always have FastSkyLUT 1 in this case to avoid wrong sky]]
[2022.03.30-13.22.34:160][  0]LogConfig: Setting CVar [[r.SkyAtmosphere.AerialPerspectiveLUT.SampleCountMaxPerSlice:4]]
[2022.03.30-13.22.34:160][  0]LogConfig: Setting CVar [[r.SkyAtmosphere.AerialPerspectiveLUT.DepthResolution:16.0]]
[2022.03.30-13.22.34:160][  0]LogConfig: Setting CVar [[r.SkyAtmosphere.FastSkyLUT:1]]
[2022.03.30-13.22.34:160][  0]LogConfig: Setting CVar [[r.SkyAtmosphere.FastSkyLUT.SampleCountMin:4.0]]
[2022.03.30-13.22.34:160][  0]LogConfig: Setting CVar [[r.SkyAtmosphere.FastSkyLUT.SampleCountMax:128.0]]
[2022.03.30-13.22.34:160][  0]LogConfig: Setting CVar [[r.SkyAtmosphere.SampleCountMin:4.0]]
[2022.03.30-13.22.34:160][  0]LogConfig: Setting CVar [[r.SkyAtmosphere.SampleCountMax:128.0]]
[2022.03.30-13.22.34:160][  0]LogConfig: Setting CVar [[r.SkyAtmosphere.TransmittanceLUT.UseSmallFormat:0]]
[2022.03.30-13.22.34:160][  0]LogConfig: Setting CVar [[r.SkyAtmosphere.TransmittanceLUT.SampleCount:10.0]]
[2022.03.30-13.22.34:160][  0]LogConfig: Setting CVar [[r.SkyAtmosphere.MultiScatteringLUT.SampleCount:15.0]]
[2022.03.30-13.22.34:160][  0]LogConfig: Setting CVar [[r.SkyLight.RealTimeReflectionCapture:1]]
[2022.03.30-13.22.34:160][  0]LogConfig: Applying CVar settings from Section [FoliageQuality@3] File [D:/Dokument/Github/urban-factory-doodle/Team6_LevelBlockout/Saved/Config/Windows/Scalability.ini]
[2022.03.30-13.22.34:160][  0]LogConfig: Setting CVar [[foliage.DensityScale:1.0]]
[2022.03.30-13.22.34:160][  0]LogConfig: Setting CVar [[grass.DensityScale:1.0]]
[2022.03.30-13.22.34:160][  0]LogConfig: Applying CVar settings from Section [ShadingQuality@3] File [D:/Dokument/Github/urban-factory-doodle/Team6_LevelBlockout/Saved/Config/Windows/Scalability.ini]
[2022.03.30-13.22.34:160][  0]LogConfig: Setting CVar [[r.HairStrands.SkyLighting.IntegrationType:2]]
[2022.03.30-13.22.34:160][  0]LogConfig: Setting CVar [[r.HairStrands.SkyAO.SampleCount:4]]
[2022.03.30-13.22.34:160][  0]LogConfig: Setting CVar [[r.HairStrands.Visibility.MSAA.SamplePerPixel:4]]
[2022.03.30-13.22.34:160][  0]LogConfig: Applying CVar settings from Section [Startup] File [../../../Engine/Config/ConsoleVariables.ini]
[2022.03.30-13.22.34:175][  0]LogConfig: Setting CVar [[net.UseAdaptiveNetUpdateFrequency:0]]
[2022.03.30-13.22.34:175][  0]LogConfig: Setting CVar [[p.chaos.AllowCreatePhysxBodies:1]]
[2022.03.30-13.22.34:175][  0]LogConfig: Setting CVar [[fx.SkipVectorVMBackendOptimizations:1]]
[2022.03.30-13.22.34:175][  0]LogConfig: Applying CVar settings from Section [ConsoleVariables] File [D:/Dokument/Github/urban-factory-doodle/Team6_LevelBlockout/Saved/Config/Windows/Engine.ini]
[2022.03.30-13.22.34:175][  0]LogConfig: Applying CVar settings from Section [ConsoleVariables] File [D:/Dokument/Github/urban-factory-doodle/Team6_LevelBlockout/Saved/Config/Windows/Editor.ini]
[2022.03.30-13.22.34:202][  0]LogInit: Computer: DESKTOP-0R11B1V
[2022.03.30-13.22.34:202][  0]LogInit: User: Madmin
[2022.03.30-13.22.34:202][  0]LogInit: CPU Page size=4096, Cores=4
[2022.03.30-13.22.34:202][  0]LogInit: High frequency timer resolution =10.000000 MHz
[2022.03.30-13.22.34:203][  0]LogMemory: Memory total: Physical=15.9GB (16GB approx)
[2022.03.30-13.22.34:209][  0]LogMemory: Platform Memory Stats for Windows
[2022.03.30-13.22.34:209][  0]LogMemory: Process Physical Memory: 145.14 MB used, 145.14 MB peak
[2022.03.30-13.22.34:209][  0]LogMemory: Process Virtual Memory: 125.23 MB used, 125.23 MB peak
[2022.03.30-13.22.34:209][  0]LogMemory: Physical Memory: 9445.03 MB used,  6872.79 MB free, 16317.82 MB total
[2022.03.30-13.22.34:209][  0]LogMemory: Virtual Memory: 134199352.00 MB used,  18379.23 MB free, 134217728.00 MB total
[2022.03.30-13.22.34:221][  0]LogWindows: WindowsPlatformFeatures enabled
[2022.03.30-13.22.34:956][  0]LogInit: Physics initialised using underlying interface: PhysX
[2022.03.30-13.22.34:984][  0]LogInit: Using OS detected language (sv-SE).
[2022.03.30-13.22.34:984][  0]LogInit: Using OS detected locale (sv-SE).
[2022.03.30-13.22.35:265][  0]LogTextLocalizationManager: No localization for 'sv-SE' exists, so 'en' will be used for the language.
[2022.03.30-13.22.36:146][  0]LogInit: Setting process to per monitor DPI aware
[2022.03.30-13.22.36:444][  0]LogWindowsTextInputMethodSystem: Display: IME system deactivated.
[2022.03.30-13.22.36:865][  0]LogSlate: New Slate User Created.  User Index 0, Is Virtual User: 0
[2022.03.30-13.22.36:866][  0]LogSlate: Slate User Registered.  User Index 0, Is Virtual User: 0
[2022.03.30-13.22.39:906][  0]LogD3D11RHI: Loaded GFSDK_Aftermath_Lib.x64.dll
[2022.03.30-13.22.39:937][  0]LogHMD: Failed to initialize OpenVR with code 110
[2022.03.30-13.22.39:937][  0]LogD3D11RHI: D3D11 min allowed feature level: 11_0
[2022.03.30-13.22.39:937][  0]LogD3D11RHI: D3D11 max allowed feature level: 11_0
[2022.03.30-13.22.39:937][  0]LogD3D11RHI: D3D11 adapters:
[2022.03.30-13.22.40:082][  0]LogD3D11RHI:    0. 'NVIDIA GeForce GTX 1070' (Feature Level 11_0)
[2022.03.30-13.22.40:082][  0]LogD3D11RHI:       8088/0/8158 MB DedicatedVideo/DedicatedSystem/SharedSystem, Outputs:2, VendorId:0x10de
[2022.03.30-13.22.40:085][  0]LogD3D11RHI:    1. 'Microsoft Basic Render Driver' (Feature Level 11_0)
[2022.03.30-13.22.40:086][  0]LogD3D11RHI:       0/0/8158 MB DedicatedVideo/DedicatedSystem/SharedSystem, Outputs:0, VendorId:0x1414
[2022.03.30-13.22.40:086][  0]LogD3D11RHI: Chosen D3D11 Adapter:
[2022.03.30-13.22.40:086][  0]LogD3D11RHI:     Description : NVIDIA GeForce GTX 1070
[2022.03.30-13.22.40:086][  0]LogD3D11RHI:     VendorId    : 10de
[2022.03.30-13.22.40:086][  0]LogD3D11RHI:     DeviceId    : 1b81
[2022.03.30-13.22.40:086][  0]LogD3D11RHI:     SubSysId    : 859f1043
[2022.03.30-13.22.40:086][  0]LogD3D11RHI:     Revision    : 00a1
[2022.03.30-13.22.40:086][  0]LogD3D11RHI:     DedicatedVideoMemory : 8480882688 bytes
[2022.03.30-13.22.40:086][  0]LogD3D11RHI:     DedicatedSystemMemory : 0 bytes
[2022.03.30-13.22.40:086][  0]LogD3D11RHI:     SharedSystemMemory : 8555237376 bytes
[2022.03.30-13.22.40:086][  0]LogD3D11RHI:     AdapterLuid : 0 41568
[2022.03.30-13.22.40:125][  0]LogD3D11RHI: Creating new Direct3DDevice
[2022.03.30-13.22.40:125][  0]LogD3D11RHI:     GPU DeviceId: 0x1b81 (for the marketing name, search the web for "GPU Device Id")
[2022.03.30-13.22.40:125][  0]LogWindows: EnumDisplayDevices:
[2022.03.30-13.22.40:125][  0]LogWindows:    0. 'NVIDIA GeForce GTX 1070' (P:1 D:1)
[2022.03.30-13.22.40:126][  0]LogWindows:    1. 'NVIDIA GeForce GTX 1070' (P:0 D:1)
[2022.03.30-13.22.40:126][  0]LogWindows:    2. 'NVIDIA GeForce GTX 1070' (P:0 D:0)
[2022.03.30-13.22.40:126][  0]LogWindows:    3. 'NVIDIA GeForce GTX 1070' (P:0 D:0)
[2022.03.30-13.22.40:126][  0]LogWindows: DebugString: FoundDriverCount:4 
[2022.03.30-13.22.40:126][  0]LogD3D11RHI:     Adapter Name: NVIDIA GeForce GTX 1070
[2022.03.30-13.22.40:127][  0]LogD3D11RHI:   Driver Version: 511.79 (internal:30.0.15.1179, unified:511.79)
[2022.03.30-13.22.40:127][  0]LogD3D11RHI:      Driver Date: 2-10-2022
[2022.03.30-13.22.40:127][  0]LogRHI: Texture pool is 5661 MB (70% of 8088 MB)
[2022.03.30-13.22.40:127][  0]LogD3D11RHI: Creating D3DDevice using adapter:
[2022.03.30-13.22.40:127][  0]LogD3D11RHI:     Description : NVIDIA GeForce GTX 1070
[2022.03.30-13.22.40:127][  0]LogD3D11RHI:     VendorId    : 10de
[2022.03.30-13.22.40:127][  0]LogD3D11RHI:     DeviceId    : 1b81
[2022.03.30-13.22.40:127][  0]LogD3D11RHI:     SubSysId    : 859f1043
[2022.03.30-13.22.40:127][  0]LogD3D11RHI:     Revision    : 00a1
[2022.03.30-13.22.40:127][  0]LogD3D11RHI:     DedicatedVideoMemory : 8480882688 bytes
[2022.03.30-13.22.40:127][  0]LogD3D11RHI:     DedicatedSystemMemory : 0 bytes
[2022.03.30-13.22.40:127][  0]LogD3D11RHI:     SharedSystemMemory : 8555237376 bytes
[2022.03.30-13.22.40:127][  0]LogD3D11RHI:     AdapterLuid : 0 41568
[2022.03.30-13.22.40:212][  0]LogD3D11RHI: RHI has support for 64 bit atomics
[2022.03.30-13.22.40:213][  0]LogD3D11RHI: Async texture creation enabled
[2022.03.30-13.22.40:213][  0]LogD3D11RHI: Array index from any shader is supported
[2022.03.30-13.22.40:712][  0]LogD3D11RHI: GPU Timing Frequency: 1000.000000 (Debug: 2 1)
[2022.03.30-13.22.40:822][  0]LogRHI: GeForceNow SDK initialized: 1
[2022.03.30-13.22.42:112][  0]LogTargetPlatformManager: Display: Loaded TargetPlatform 'AllDesktop'
[2022.03.30-13.22.42:186][  0]LogTargetPlatformManager: Display: Loaded TargetPlatform 'Android'
[2022.03.30-13.22.42:186][  0]LogTargetPlatformManager: Display: Loaded TargetPlatform 'Android_ASTC'
[2022.03.30-13.22.42:186][  0]LogTargetPlatformManager: Display: Loaded TargetPlatform 'Android_DXT'
[2022.03.30-13.22.42:186][  0]LogTargetPlatformManager: Display: Loaded TargetPlatform 'Android_ETC2'
[2022.03.30-13.22.42:186][  0]LogTargetPlatformManager: Display: Loaded TargetPlatform 'AndroidClient'
[2022.03.30-13.22.42:186][  0]LogTargetPlatformManager: Display: Loaded TargetPlatform 'Android_ASTCClient'
[2022.03.30-13.22.42:186][  0]LogTargetPlatformManager: Display: Loaded TargetPlatform 'Android_DXTClient'
[2022.03.30-13.22.42:186][  0]LogTargetPlatformManager: Display: Loaded TargetPlatform 'Android_ETC2Client'
[2022.03.30-13.22.42:186][  0]LogTargetPlatformManager: Display: Loaded TargetPlatform 'Android_Multi'
[2022.03.30-13.22.42:186][  0]LogTargetPlatformManager: Display: Loaded TargetPlatform 'Android_MultiClient'
[2022.03.30-13.22.42:287][  0]LogTargetPlatformManager: Display: Loaded TargetPlatform 'IOSClient'
[2022.03.30-13.22.42:287][  0]LogTargetPlatformManager: Display: Loaded TargetPlatform 'IOS'
[2022.03.30-13.22.42:328][  0]LogTargetPlatformManager: Display: Loaded TargetPlatform 'Linux'
[2022.03.30-13.22.42:348][  0]LogTargetPlatformManager: Display: Loaded TargetPlatform 'LinuxNoEditor'
[2022.03.30-13.22.42:364][  0]LogTargetPlatformManager: Display: Loaded TargetPlatform 'LinuxClient'
[2022.03.30-13.22.42:375][  0]LogTargetPlatformManager: Display: Loaded TargetPlatform 'LinuxServer'
[2022.03.30-13.22.42:421][  0]LogTargetPlatformManager: Display: Loaded TargetPlatform 'LinuxAArch64NoEditor'
[2022.03.30-13.22.42:441][  0]LogTargetPlatformManager: Display: Loaded TargetPlatform 'LinuxAArch64Client'
[2022.03.30-13.22.42:494][  0]LogTargetPlatformManager: Display: Loaded TargetPlatform 'LinuxAArch64Server'
[2022.03.30-13.22.42:550][  0]LogTargetPlatformManager: Display: Loaded TargetPlatform 'Lumin'
[2022.03.30-13.22.42:550][  0]LogTargetPlatformManager: Display: Loaded TargetPlatform 'LuminClient'
[2022.03.30-13.22.42:591][  0]LogTargetPlatformManager: Display: Loaded TargetPlatform 'MacNoEditor'
[2022.03.30-13.22.42:607][  0]LogTargetPlatformManager: Display: Loaded TargetPlatform 'Mac'
[2022.03.30-13.22.42:624][  0]LogTargetPlatformManager: Display: Loaded TargetPlatform 'MacClient'
[2022.03.30-13.22.42:643][  0]LogTargetPlatformManager: Display: Loaded TargetPlatform 'MacServer'
[2022.03.30-13.22.42:670][  0]LogTargetPlatformManager: Display: Loaded TargetPlatform 'TVOSClient'
[2022.03.30-13.22.42:670][  0]LogTargetPlatformManager: Display: Loaded TargetPlatform 'TVOS'
[2022.03.30-13.22.42:742][  0]LogTargetPlatformManager: Display: Loaded TargetPlatform 'WindowsNoEditor'
[2022.03.30-13.22.42:765][  0]LogTargetPlatformManager: Display: Loaded TargetPlatform 'Windows'
[2022.03.30-13.22.42:778][  0]LogTargetPlatformManager: Display: Loaded TargetPlatform 'WindowsClient'
[2022.03.30-13.22.42:801][  0]LogTargetPlatformManager: Display: Loaded TargetPlatform 'WindowsServer'
[2022.03.30-13.22.42:801][  0]LogTargetPlatformManager: Display: Building Assets For Windows
[2022.03.30-13.22.43:044][  0]LogAudioDebug: Display: Lib vorbis DLL was dynamically loaded.
[2022.03.30-13.22.43:407][  0]LogTextureFormatOodle: Display: Oodle Texture 2.9.0 init RDO Off
[2022.03.30-13.22.44:053][  0]LogRendererCore: Ray tracing is disabled. Reason: r.RayTracing=0.
[2022.03.30-13.22.44:114][  0]LogShaderCompilers: Guid format shader working directory is -25 characters bigger than the processId version (../../../../../Dokument/Github/urban-factory-doodle/Team6_LevelBlockout/Intermediate/Shaders/WorkingDirectory/28284/).
[2022.03.30-13.22.44:115][  0]LogShaderCompilers: Cleaned the shader compiler working directory 'C:/Users/Madmin/AppData/Local/Temp/UnrealShaderWorkingDir/83C47E554962F99951E290B304B8DA71/'.
[2022.03.30-13.22.44:177][  0]LogXGEController: Cannot use XGE Controller as Incredibuild is not installed on this machine.
[2022.03.30-13.22.44:177][  0]LogShaderCompilers: Cannot use XGE Shader Compiler as Incredibuild is not installed on this machine.
[2022.03.30-13.22.44:177][  0]LogShaderCompilers: Display: Using Local Shader Compiler.
[2022.03.30-13.22.49:394][  0]LogDerivedDataCache: Display: Max Cache Size: 512 MB
[2022.03.30-13.22.49:662][  0]LogDerivedDataCache: Loaded boot cache 0.27s 94MB C:/Users/Madmin/AppData/Local/UnrealEngine/4.27/DerivedDataCache/Boot.ddc.
[2022.03.30-13.22.49:662][  0]LogDerivedDataCache: Display: Loaded Boot cache: C:/Users/Madmin/AppData/Local/UnrealEngine/4.27/DerivedDataCache/Boot.ddc
[2022.03.30-13.22.49:662][  0]LogDerivedDataCache: FDerivedDataBackendGraph:  Pak pak cache file ../../../../../Dokument/Github/urban-factory-doodle/Team6_LevelBlockout/DerivedDataCache/DDC.ddp not found, will not use a pak cache.
[2022.03.30-13.22.49:662][  0]LogDerivedDataCache: Unable to find inner node Pak for hierarchical cache Hierarchy.
[2022.03.30-13.22.49:662][  0]LogDerivedDataCache: FDerivedDataBackendGraph:  CompressedPak pak cache file ../../../../../Dokument/Github/urban-factory-doodle/Team6_LevelBlockout/DerivedDataCache/Compressed.ddp not found, will not use a pak cache.
[2022.03.30-13.22.49:662][  0]LogDerivedDataCache: Unable to find inner node CompressedPak for hierarchical cache Hierarchy.
[2022.03.30-13.22.49:819][  0]LogDerivedDataCache: Display: Pak cache opened for reading ../../../Engine/DerivedDataCache/Compressed.ddp.
[2022.03.30-13.22.49:819][  0]LogDerivedDataCache: FDerivedDataBackendGraph:  EnterprisePak pak cache file ../../../Enterprise/DerivedDataCache/Compressed.ddp not found, will not use a pak cache.
[2022.03.30-13.22.49:819][  0]LogDerivedDataCache: Unable to find inner node EnterprisePak for hierarchical cache Hierarchy.
[2022.03.30-13.22.49:846][  0]LogDerivedDataCache: Speed tests for C:/Users/Madmin/AppData/Local/UnrealEngine/Common/DerivedDataCache took 0.03 seconds
[2022.03.30-13.22.49:846][  0]LogDerivedDataCache: Display: Performance to C:/Users/Madmin/AppData/Local/UnrealEngine/Common/DerivedDataCache: Latency=0.25ms. RandomReadSpeed=58.29MBs, RandomWriteSpeed=115.38MBs. Assigned SpeedClass 'Local'
[2022.03.30-13.22.49:847][  0]LogDerivedDataCache: Using Local data cache path C:/Users/Madmin/AppData/Local/UnrealEngine/Common/DerivedDataCache: Writable
[2022.03.30-13.22.49:847][  0]LogDerivedDataCache: Shared data cache path not found in *engine.ini, will not use an Shared cache.
[2022.03.30-13.22.49:847][  0]LogDerivedDataCache: Unable to find inner node Shared for hierarchical cache Hierarchy.
[2022.03.30-13.22.50:063][  0]LogSlate: Using FreeType 2.10.0
[2022.03.30-13.22.50:177][  0]LogSlate: SlateFontServices - WITH_FREETYPE: 1, WITH_HARFBUZZ: 1
[2022.03.30-13.22.51:169][  0]LogAssetRegistry: FAssetRegistry took 0.0075 seconds to start up
[2022.03.30-13.22.58:012][  0]LogInit: Selected Device Profile: [Windows]
[2022.03.30-13.22.58:012][  0]LogInit: Active device profile: [00000158C13E4D00][00000158BF6E2140 49] Windows
[2022.03.30-13.22.58:012][  0]LogInit: Profiles: [00000158C13E4D00][00000158BF6E2140 49] Windows, [00000158C13AE300][00000158B96702C0 49] WindowsNoEditor, [00000158C13E5C00][00000158B9674440 49] WindowsServer, [00000158C13AF100][00000158B96785C0 49] WindowsClient, [00000158C13E6900][00000158B967C740 49] IOS, [00000158C13ADA00][00000158B96808C0 49] iPadAir, [00000158C13E7E00][00000158B9276A40 49] iPadAir2, [00000158C2359100][00000158B927AC80 49] IPadPro, [00000158C2359200][00000158BF6E6CC0 49] iPadAir3, [00000158C13ACC00][00000158B927EE00 49] iPadAir4, [00000158C2359E00][00000158B9282F40 49] iPadMini2, [00000158C13AF300][00000158B928B0C0 49] iPadMini3, [00000158C235B900][00000158B928F240 49] iPadMini4, [00000158C13AD000][00000158B92933C0 49] iPadMini5, [00000158C137CA00][00000158B9201680 49] iPhone6, [00000158C137CB00][00000158B92976C0 49] iPodTouch6, [00000158C13E6D00][00000158B9209980 49] iPhone7, [00000158C13E6E00][00000158B92059C0 49] iPodTouch7, [00000158C235BE00][00000158B920DB40 49] iPhone5S, [00000158C13E4E00][00000158B9210140 49] iPhone6Plus, [00000158C137C100][00000158B92142C0 49] iPhone6S, [00000158C2358300][00000158B9218440 49] iPhone6SPlus, [00000158C137E900][00000158B921C5C0 49] iPhone7Plus, [00000158C235A200][00000158B9220740 49] iPhoneSE, [00000158C137E700][00000158B92248C0 49] iPhone8, [00000158C2358700][00000158B9228A40 49] iPhone8Plus, [00000158C137F200][00000158BFE64BC0 49] iPhoneX, [00000158C13E5500][00000158BFE68D40 49] iPhoneXS, [00000158C137EC00][00000158B9286E80 49] iPhoneXSMax, [00000158C13E5A00][00000158BFE6CFC0 49] iPhoneXR, [00000158C137C600][00000158BFE71100 49] iPhone11, [00000158C13E4F00][00000158BFE79280 49] iPhone11Pro, [00000158C137DB00][00000158BFE7D400 49] iPhone11ProMax, [00000158C13E7300][00000158BFE81580 49] iPhoneSE2, [00000158C137FB00][00000158BFE85700 49] iPhone12Mini, [00000158C13E6300][00000158BFE89880 49] iPhone12, [00000158C137D000][00000158BFE8DA00 49] iPhone12Pro, [00000158C13E7F00][00000158BFE91B80 49] iPhone12ProMax, [00000158C137D600][00000158BFE94180 49] iPadPro105, [00000158C13E4900][00000158BFE98300 49] iPadPro129, [00000158C137FE00][00000158BFE9C480 49] iPadPro97, [00000158C13E7700][00000158B918E600 49] iPadPro2_129, [00000158C137CD00][00000158B9192780 49] iPad5, [00000158C13E5F00][00000158B9196900 49] iPad6, [00000158C137D200][00000158B919AA80 49] iPad7, [00000158C13E5100][00000158B919EC00 49] iPad8, [00000158C137C200][00000158B91A2D80 49] iPadPro11, [00000158C13E7200][00000158B91A6F00 49] iPadPro2_11, [00000158C137D700][00000158BFE75040 49] iPadPro3_129, [00000158C13E7800][00000158B91AB180 49] iPadPro4_129, [00000158C137CF00][00000158B91AF2C0 49] AppleTV, [00000158C13E6600][00000158B91B7440 49] AppleTV4K, [00000158C137E200][00000158B91BB5C0 49] TVOS, [00000158C13E7B00][00000158B91BF740 49] Mac, [00000158C137D400][00000158B91C38C0 49] MacClient, [00000158C13E6100][00000158B91C7A40 49] MacNoEditor, [00000158C137EF00][00000158C02CFBC0 49] MacServer, [00000158C13E5000][00000158C02D21C0 49] Linux, [00000158C137DF00][00000158C02D6340 49] LinuxAArch64, [00000158C13E7C00][00000158C02DA4C0 49] LinuxNoEditor, [00000158C137F300][00000158C02DE640 49] LinuxAArch64NoEditor, [00000158C13E5B00][00000158C02E27C0 49] LinuxClient, [00000158C137C800][00000158C02E6940 49] LinuxAArch64Client, [00000158C13E5400][00000158C02EAAC0 49] LinuxServer, [00000158C137D100][00000158C02EEC40 49] LinuxAArch64Server, [00000158C13E6F00][00000158C02F2DC0 49] Android, [00000158C137E400][00000158C02F6F40 49] Android_Low, [00000158C13E7D00][00000158C02FB0C0 49] Android_Mid, [00000158C137F900][00000158B91B3200 49] Android_High, [00000158C13E7400][00000158C02FF340 49] Android_Default, [00000158C137EA00][00000158C0303480 49] Android_Adreno4xx, [00000158C13E4300][00000158C03075C0 49] Android_Adreno5xx_Low, [00000158C137F700][00000158C030F740 49] Android_Adreno5xx, [00000158C13E5300][00000158C03138C0 49] Android_Adreno6xx, [00000158C13AC500][00000158C0317A40 49] Android_Adreno6xx_Vulkan, [00000158C2359F00][00000158C031BBC0 49] Android_Mali_T6xx, [00000158C13AC600][00000158C031E1C0 49] Android_Mali_T7xx, [00000158C235BA00][00000158C0322340 49] Android_Mali_T8xx, [00000158C13AC100][00000158C03264C0 49] Android_Mali_G71, [00000158C235B500][00000158BFB50640 49] Android_Mali_G72, [00000158C13AC400][00000158BFB547C0 49] Android_Mali_G72_Vulkan, [00000158C2359800][00000158BFB58940 49] Android_Mali_G76, [00000158C13AF800][00000158BFB5CAC0 49] Android_Mali_G76_Vulkan, [00000158C235AA00][00000158BFB60C40 49] Android_Mali_G77, [00000158C13AF200][00000158BFB64DC0 49] Android_Mali_G77_Vulkan, [00000158C2359600][00000158BFB68F40 49] Android_Mali_G78, [00000158C13AE200][00000158BFB6D0C0 49] Android_Mali_G78_Vulkan, [00000158C2358600][00000158BFB71240 49] Android_Mali_G710, [00000158C13AC300][00000158C030B380 49] Android_Mali_G710_Vulkan, [00000158C2358200][00000158BFB754C0 49] Android_Vulkan_SM5, [00000158C13AC200][00000158BFB79600 49] Android_PowerVR_G6xxx, [00000158C235A500][00000158BFB7D740 49] Android_PowerVR_GT7xxx, [00000158C13AE600][00000158BFB858C0 49] Android_PowerVR_GE8xxx, [00000158C2359300][00000158BFB89A40 49] Android_PowerVR_GM9xxx, [00000158C13ACD00][00000158BFB8DBC0 49] Android_PowerVR_GM9xxx_Vulkan, [00000158C235BD00][00000158BFB901C0 49] Android_TegraK1, [00000158C13AE900][00000158BFB94340 49] Android_Unknown_Vulkan, [00000158C235B200][00000158BFB984C0 49] Lumin, [00000158C13ACA00][00000158BFB9C640 49] Lumin_Desktop, [00000158C235B300][00000158BFBA07C0 49] HoloLens, 
[2022.03.30-13.23.00:138][  0]LogMeshReduction: Using QuadricMeshReduction for automatic static mesh reduction
[2022.03.30-13.23.00:138][  0]LogMeshReduction: Using SimplygonMeshReduction for automatic skeletal mesh reduction
[2022.03.30-13.23.00:138][  0]LogMeshReduction: Using ProxyLODMeshReduction for automatic mesh merging
[2022.03.30-13.23.00:138][  0]LogMeshReduction: No distributed automatic mesh merging module available
[2022.03.30-13.23.00:162][  0]LogMeshMerging: No distributed automatic mesh merging module available
[2022.03.30-13.23.00:803][  0]LogNetVersion: Team6_LevelBlockout 1.0.0, NetCL: 17155196, EngineNetVer: 17, GameNetVer: 0 (Checksum: 442227803)
[2022.03.30-13.23.15:281][  0]LogTexture: Default maximum texture size for cubemaps generated from long-lat sources has been changed from 512 to unlimited. In order to preserve old behaiour for '/Engine/MapTemplates/Sky/DaylightAmbientCubemap.DaylightAmbientCubemap', its maximum texture size has been explicitly set to 512.
[2022.03.30-13.23.16:126][  0]LogHMD: PokeAHoleMaterial loaded successfully
[2022.03.30-13.23.16:373][  0]LogUObjectArray: 17178 objects as part of root set at end of initial load.
[2022.03.30-13.23.16:373][  0]LogUObjectAllocator: 4302048 out of 0 bytes used by permanent object pool.
[2022.03.30-13.23.16:381][  0]LogUObjectArray: CloseDisregardForGC: 0/0 objects in disregard for GC pool
[2022.03.30-13.23.19:480][  0]LogNiagaraDebuggerClient: Niagara Debugger Client Initialized | Session: C246687D402318CCC02770A9699A595A | Instance: E49B6EB84F5D32E24E8E7EBE03FAE89E (DESKTOP-0R11B1V-28284).
[2022.03.30-13.23.22:450][  0]LogTcpMessaging: Initializing TcpMessaging bridge
[2022.03.30-13.23.22:495][  0]LogUdpMessaging: Initializing bridge on interface 0.0.0.0:0 to multicast group 230.0.0.1:6666.
[2022.03.30-13.23.24:379][  0]LogPython: Using Python 3.7.7
[2022.03.30-13.23.28:256][  0]SourceControl: Source control is disabled
[2022.03.30-13.23.28:309][  0]SourceControl: Source control is disabled
[2022.03.30-13.23.28:415][  0]SourceControl: Source control is disabled
[2022.03.30-13.23.28:473][  0]SourceControl: Source control is disabled
[2022.03.30-13.23.28:523][  0]SourceControl: Source control is disabled
[2022.03.30-13.23.28:561][  0]LogUProjectInfo: Found projects:
[2022.03.30-13.23.35:103][  0]LogAndroidPermission: UAndroidPermissionCallbackProxy::GetInstance
[2022.03.30-13.23.35:403][  0]LogAudioCaptureCore: Display: No Audio Capture implementations found. Audio input will be silent.
[2022.03.30-13.23.35:403][  0]LogAudioCaptureCore: Display: No Audio Capture implementations found. Audio input will be silent.
[2022.03.30-13.23.37:729][  0]LogOpenImageDenoise: OIDN starting up
[2022.03.30-13.23.38:963][  0]LogCollectionManager: Loaded 0 collections in 0.002693 seconds
[2022.03.30-13.23.39:403][  0]LogFileCache: Scanning file cache for directory 'D:/Dokument/Github/urban-factory-doodle/Team6_LevelBlockout/Saved/Collections/' took 0.04s
[2022.03.30-13.23.39:403][  0]LogFileCache: Scanning file cache for directory 'D:/Dokument/Github/urban-factory-doodle/Team6_LevelBlockout/Content/Developers/Madmin/Collections/' took 0.02s
[2022.03.30-13.23.39:403][  0]LogFileCache: Scanning file cache for directory 'D:/Dokument/Github/urban-factory-doodle/Team6_LevelBlockout/Content/Collections/' took 0.00s
[2022.03.30-13.23.40:119][  0]LogOcInput: OculusInput pre-init called
[2022.03.30-13.23.43:434][  0]LogEngine: Initializing Engine...
[2022.03.30-13.23.43:761][  0]LogHMD: Failed to enumerate extensions. Please check that you have a valid OpenXR runtime installed.
[2022.03.30-13.23.43:771][  0]LogHMD: Failed to initialize OpenVR with code 110
[2022.03.30-13.23.43:785][  0]LogMagicLeap: Warning: VR disabled because ZI is not enabled.  To enable, in the editor, Edit -> Project Settings -> Plugins -> Magic Leap Plugin -> Enable Zero Iteration
[2022.03.30-13.23.43:848][  0]LogStats: UGameplayTagsManager::InitializeManager -  0.002 s
[2022.03.30-13.23.44:832][  0]LogInit: Initializing FReadOnlyCVARCache
[2022.03.30-13.23.45:573][  0]LogAIModule: Creating AISystem for world Untitled
[2022.03.30-13.23.45:634][  0]LogAudio: Display: Initializing Audio Device Manager...
[2022.03.30-13.23.45:698][  0]LogAudio: Display: Loading Default Audio Settings Objects...
[2022.03.30-13.23.45:760][  0]LogAudio: Display: No default SoundConcurrencyObject specified (or failed to load).
[2022.03.30-13.23.45:837][  0]LogAudio: Display: Audio Device Manager Initialized
[2022.03.30-13.23.45:837][  0]LogAudio: Display: Creating Audio Device:                 Id: 1, Scope: Shared, Realtime: True
[2022.03.30-13.23.45:855][  0]LogAudioMixer: Display: Audio Mixer Platform Settings:
[2022.03.30-13.23.45:855][  0]LogAudioMixer: Display: 	Sample Rate:						  48000
[2022.03.30-13.23.45:855][  0]LogAudioMixer: Display: 	Callback Buffer Frame Size Requested: 1024
[2022.03.30-13.23.45:855][  0]LogAudioMixer: Display: 	Callback Buffer Frame Size To Use:	  1024
[2022.03.30-13.23.45:855][  0]LogAudioMixer: Display: 	Number of buffers to queue:			  2
[2022.03.30-13.23.45:855][  0]LogAudioMixer: Display: 	Max Channels (voices):				  32
[2022.03.30-13.23.45:855][  0]LogAudioMixer: Display: 	Number of Async Source Workers:		  0
[2022.03.30-13.23.45:855][  0]LogAudio: Display: AudioDevice MaxSources: 32
[2022.03.30-13.23.45:860][  0]LogAudio: Display: Audio Spatialization Plugin: None (built-in).
[2022.03.30-13.23.45:860][  0]LogAudio: Display: Audio Reverb Plugin: None (built-in).
[2022.03.30-13.23.45:860][  0]LogAudio: Display: Audio Occlusion Plugin: None (built-in).
[2022.03.30-13.23.45:861][  0]LogAudioMixer: Display: Initializing audio mixer.
[2022.03.30-13.23.45:985][  0]LogAudioMixer: Display: 0: FrontLeft
[2022.03.30-13.23.45:985][  0]LogAudioMixer: Display: 1: FrontRight
[2022.03.30-13.23.46:018][  0]LogAudioMixer: Display: Using Audio Device Headset Earphone (HyperX Virtual Surround Sound)
[2022.03.30-13.23.46:156][  0]LogAudioMixer: Display: Initializing Sound Submixes...
[2022.03.30-13.23.46:189][  0]LogAudioMixer: Display: Creating Master Submix 'MasterSubmixDefault'
[2022.03.30-13.23.46:189][  0]LogAudioMixer: Display: Creating Master Submix 'MasterReverbSubmixDefault'
[2022.03.30-13.23.46:191][  0]LogAudioMixer: Display: Creating Master Submix 'MasterEQSubmixDefault'
[2022.03.30-13.23.46:191][  0]LogAudioMixer: FMixerPlatformXAudio2::StartAudioStream() called
[2022.03.30-13.23.46:191][  0]LogAudioMixer: Display: Output buffers initialized: Frames=1024, Channels=2, Samples=2048
[2022.03.30-13.23.46:192][  0]LogAudioMixer: Display: Starting AudioMixerPlatformInterface::RunInternal()
[2022.03.30-13.23.46:193][  0]LogAudioMixer: Display: FMixerPlatformXAudio2::SubmitBuffer() called for the first time
[2022.03.30-13.23.46:193][  0]LogInit: FAudioDevice initialized.
[2022.03.30-13.23.46:193][  0]LogAudio: Display: Audio Device (ID: 1) registered with world 'Untitled'.
[2022.03.30-13.23.46:204][  0]LogNetVersion: Set ProjectVersion to 1.0.0.0. Version Checksum will be recalculated on next use.
[2022.03.30-13.23.46:291][  0]LogDerivedDataCache: Saved boot cache 0.09s 94MB C:/Users/Madmin/AppData/Local/UnrealEngine/4.27/DerivedDataCache/Boot.ddc.
[2022.03.30-13.23.46:292][  0]LogInit: Texture streaming: Enabled
[2022.03.30-13.23.46:482][  0]LogAnalytics: Display: [UEEditor.Rocket.Release] APIServer = https://datarouter.ol.epicgames.com/. AppVersion = 4.27.2-18319896+++UE4+Release-4.27
[2022.03.30-13.23.46:543][  0]LogEngineSessionManager: EngineSessionManager initialized
[2022.03.30-13.23.46:554][  0]LogEditorSessionSummary: Verbose: Initializing EditorSessionSummaryWriter for editor session tracking
[2022.03.30-13.23.46:584][  0]LogEditorSessionSummary: EditorSessionSummaryWriter initialized
[2022.03.30-13.23.46:937][  0]LogInit: Transaction tracking system initialized
[2022.03.30-13.23.47:344][  0]BlueprintLog: New page: Editor Load
[2022.03.30-13.23.48:691][  0]LocalizationService: Localization service is disabled
[2022.03.30-13.23.49:141][  0]TimingProfiler: Initialize
[2022.03.30-13.23.49:143][  0]TimingProfiler: OnSessionChanged
[2022.03.30-13.23.49:143][  0]LoadingProfiler: Initialize
[2022.03.30-13.23.49:143][  0]LoadingProfiler: OnSessionChanged
[2022.03.30-13.23.49:143][  0]NetworkingProfiler: Initialize
[2022.03.30-13.23.49:144][  0]NetworkingProfiler: OnSessionChanged
[2022.03.30-13.23.49:144][  0]MemoryProfiler: Initialize
[2022.03.30-13.23.49:144][  0]MemoryProfiler: OnSessionChanged
[2022.03.30-13.23.51:954][  0]LogFileCache: Scanning file cache for directory 'D:/Dokument/Github/urban-factory-doodle/Team6_LevelBlockout/Content/' took 0.04s
[2022.03.30-13.23.51:954][  0]LogCook: Display: CookSettings for Memory: MemoryMaxUsedVirtual 0MiB, MemoryMaxUsedPhysical 16384MiB, MemoryMinFreeVirtual 0MiB, MemoryMinFreePhysical 1024MiB
[2022.03.30-13.23.51:954][  0]LogCook: Display: Mobile HDR setting 1
[2022.03.30-13.23.58:122][  0]LogInit: Display: Engine is initialized. Leaving FEngineLoop::Init()
[2022.03.30-13.23.58:271][  0]SourceControl: Source control is disabled
[2022.03.30-13.23.58:278][  0]LogUnrealEdMisc: Loading editor; pre map load, took 127.779
[2022.03.30-13.23.58:380][  0]Cmd: MAP LOAD FILE="../../../../../Dokument/Github/urban-factory-doodle/Team6_LevelBlockout/Content/ThirdPersonBP/Maps/ThirdPersonExampleMap.umap" TEMPLATE=0 SHOWPROGRESS=1 FEATURELEVEL=3
[2022.03.30-13.23.58:395][  0]LightingResults: New page: Lighting Build
[2022.03.30-13.23.58:651][  0]LogWorld: UWorld::CleanupWorld for Untitled, bSessionEnded=true, bCleanupResources=true
[2022.03.30-13.23.58:748][  0]LogSlate: InvalidateAllWidgets triggered.  All widgets were invalidated
[2022.03.30-13.23.58:941][  0]MapCheck: New page: Map Check
[2022.03.30-13.23.58:941][  0]LightingResults: New page: Lighting Build
[2022.03.30-13.23.59:623][  0]LogAudio: Display: Audio Device unregistered from world 'None'.
[2022.03.30-13.24.00:066][  0]LogUObjectHash: Compacting FUObjectHashTables data took   1.44ms
[2022.03.30-13.24.02:414][  0]LogAudio: Display: Audio Device (ID: 1) registered with world 'ThirdPersonExampleMap'.
[2022.03.30-13.24.02:428][  0]LogAIModule: Creating AISystem for world ThirdPersonExampleMap
[2022.03.30-13.24.03:499][  0]LogEditorServer: Finished looking for orphan Actors (0.000 secs)
[2022.03.30-13.24.03:718][  0]LogUObjectHash: Compacting FUObjectHashTables data took   1.51ms
[2022.03.30-13.24.03:736][  0]Cmd: MAP CHECKDEP NOCLEARLOG
[2022.03.30-13.24.03:749][  0]MapCheck: Map check complete: 0 Error(s), 0 Warning(s), took 12,547ms to complete.
[2022.03.30-13.24.03:749][  0]LogFileHelpers: Loading map 'ThirdPersonExampleMap' took 5.441
[2022.03.30-13.24.06:154][  0]LogUnrealEdMisc: Total Editor Startup Time, took 135.655
[2022.03.30-13.24.07:455][  0]LogSlate: Updating window title bar state: overlay mode, drag disabled, window buttons hidden, title bar hidden
[2022.03.30-13.24.07:473][  0]LogSlate: Updating window title bar state: overlay mode, drag disabled, window buttons hidden, title bar hidden
[2022.03.30-13.24.07:481][  0]LogSlate: Updating window title bar state: overlay mode, drag disabled, window buttons hidden, title bar hidden
[2022.03.30-13.24.07:489][  0]LogSlate: Updating window title bar state: overlay mode, drag disabled, window buttons hidden, title bar hidden
[2022.03.30-13.24.07:857][  0]LogNativeClassHierarchy: Verbose: Native class hierarchy populated in 0.0132 seconds. Added 3899 classes and 965 folders.
[2022.03.30-13.24.08:381][  0]LogNativeClassHierarchy: Verbose: Native class hierarchy updated for 'WidgetCarousel' in 0.0003 seconds. Added 0 classes and 0 folders.
[2022.03.30-13.24.08:492][  0]LogPakFile: PakFile PrimaryIndexSize=187
[2022.03.30-13.24.08:492][  0]LogPakFile: PakFile PathHashIndexSize=101
[2022.03.30-13.24.08:492][  0]LogPakFile: PakFile FullDirectoryIndexSize=148
[2022.03.30-13.24.08:529][  0]LogShaderLibrary: Display: ShaderCodeLibraryPakFileMountedCallback: PakFile 'D:/Program/UE_4.27/FeaturePacks/FP_FirstPerson.upack' (chunk index -1, root 'root:/') mounted
[2022.03.30-13.24.08:529][  0]LogShaderLibrary: Display: ShaderCodeLibraryPakFileMountedCallback: pending pak file info (ChunkID:-1 Root:root:/ File:D:/Program/UE_4.27/FeaturePacks/FP_FirstPerson.upack)
[2022.03.30-13.24.08:537][  0]LogPakFile: OnPakFileMounted2Time == 0.043940
[2022.03.30-13.24.08:652][  0]LogPakFile: PakFile PrimaryIndexSize=189
[2022.03.30-13.24.08:652][  0]LogPakFile: PakFile PathHashIndexSize=101
[2022.03.30-13.24.08:652][  0]LogPakFile: PakFile FullDirectoryIndexSize=152
[2022.03.30-13.24.08:652][  0]LogShaderLibrary: Display: ShaderCodeLibraryPakFileMountedCallback: PakFile 'D:/Program/UE_4.27/FeaturePacks/FP_FirstPersonBP.upack' (chunk index -1, root 'root:/') mounted
[2022.03.30-13.24.08:652][  0]LogShaderLibrary: Display: ShaderCodeLibraryPakFileMountedCallback: pending pak file info (ChunkID:-1 Root:root:/ File:D:/Program/UE_4.27/FeaturePacks/FP_FirstPersonBP.upack)
[2022.03.30-13.24.08:652][  0]LogPakFile: OnPakFileMounted2Time == 0.000051
[2022.03.30-13.24.08:697][  0]LogPakFile: PakFile PrimaryIndexSize=191
[2022.03.30-13.24.08:697][  0]LogPakFile: PakFile PathHashIndexSize=101
[2022.03.30-13.24.08:697][  0]LogPakFile: PakFile FullDirectoryIndexSize=160
[2022.03.30-13.24.08:697][  0]LogShaderLibrary: Display: ShaderCodeLibraryPakFileMountedCallback: PakFile 'D:/Program/UE_4.27/FeaturePacks/MobileStarterContent.upack' (chunk index -1, root 'root:/') mounted
[2022.03.30-13.24.08:697][  0]LogShaderLibrary: Display: ShaderCodeLibraryPakFileMountedCallback: pending pak file info (ChunkID:-1 Root:root:/ File:D:/Program/UE_4.27/FeaturePacks/MobileStarterContent.upack)
[2022.03.30-13.24.08:697][  0]LogPakFile: OnPakFileMounted2Time == 0.000180
[2022.03.30-13.24.08:707][  0]LogPakFile: PakFile PrimaryIndexSize=185
[2022.03.30-13.24.08:707][  0]LogPakFile: PakFile PathHashIndexSize=101
[2022.03.30-13.24.08:707][  0]LogPakFile: PakFile FullDirectoryIndexSize=148
[2022.03.30-13.24.08:707][  0]LogShaderLibrary: Display: ShaderCodeLibraryPakFileMountedCallback: PakFile 'D:/Program/UE_4.27/FeaturePacks/StarterContent.upack' (chunk index -1, root 'root:/') mounted
[2022.03.30-13.24.08:707][  0]LogShaderLibrary: Display: ShaderCodeLibraryPakFileMountedCallback: pending pak file info (ChunkID:-1 Root:root:/ File:D:/Program/UE_4.27/FeaturePacks/StarterContent.upack)
[2022.03.30-13.24.08:707][  0]LogPakFile: OnPakFileMounted2Time == 0.000046
[2022.03.30-13.24.08:711][  0]LogPakFile: PakFile PrimaryIndexSize=190
[2022.03.30-13.24.08:711][  0]LogPakFile: PakFile PathHashIndexSize=101
[2022.03.30-13.24.08:711][  0]LogPakFile: PakFile FullDirectoryIndexSize=154
[2022.03.30-13.24.08:711][  0]LogShaderLibrary: Display: ShaderCodeLibraryPakFileMountedCallback: PakFile 'D:/Program/UE_4.27/FeaturePacks/TP_2DSideScroller.upack' (chunk index -1, root 'root:/') mounted
[2022.03.30-13.24.08:711][  0]LogShaderLibrary: Display: ShaderCodeLibraryPakFileMountedCallback: pending pak file info (ChunkID:-1 Root:root:/ File:D:/Program/UE_4.27/FeaturePacks/TP_2DSideScroller.upack)
[2022.03.30-13.24.08:711][  0]LogPakFile: OnPakFileMounted2Time == 0.000045
[2022.03.30-13.24.08:716][  0]LogPakFile: PakFile PrimaryIndexSize=192
[2022.03.30-13.24.08:716][  0]LogPakFile: PakFile PathHashIndexSize=101
[2022.03.30-13.24.08:716][  0]LogPakFile: PakFile FullDirectoryIndexSize=158
[2022.03.30-13.24.08:716][  0]LogShaderLibrary: Display: ShaderCodeLibraryPakFileMountedCallback: PakFile 'D:/Program/UE_4.27/FeaturePacks/TP_2DSideScrollerBP.upack' (chunk index -1, root 'root:/') mounted
[2022.03.30-13.24.08:716][  0]LogShaderLibrary: Display: ShaderCodeLibraryPakFileMountedCallback: pending pak file info (ChunkID:-1 Root:root:/ File:D:/Program/UE_4.27/FeaturePacks/TP_2DSideScrollerBP.upack)
[2022.03.30-13.24.08:716][  0]LogPakFile: OnPakFileMounted2Time == 0.000119
[2022.03.30-13.24.08:735][  0]LogPakFile: PakFile PrimaryIndexSize=182
[2022.03.30-13.24.08:735][  0]LogPakFile: PakFile PathHashIndexSize=101
[2022.03.30-13.24.08:735][  0]LogPakFile: PakFile FullDirectoryIndexSize=138
[2022.03.30-13.24.08:735][  0]LogShaderLibrary: Display: ShaderCodeLibraryPakFileMountedCallback: PakFile 'D:/Program/UE_4.27/FeaturePacks/TP_Flying.upack' (chunk index -1, root 'root:/') mounted
[2022.03.30-13.24.08:735][  0]LogShaderLibrary: Display: ShaderCodeLibraryPakFileMountedCallback: pending pak file info (ChunkID:-1 Root:root:/ File:D:/Program/UE_4.27/FeaturePacks/TP_Flying.upack)
[2022.03.30-13.24.08:735][  0]LogPakFile: OnPakFileMounted2Time == 0.000049
[2022.03.30-13.24.08:753][  0]LogPakFile: PakFile PrimaryIndexSize=184
[2022.03.30-13.24.08:753][  0]LogPakFile: PakFile PathHashIndexSize=101
[2022.03.30-13.24.08:753][  0]LogPakFile: PakFile FullDirectoryIndexSize=142
[2022.03.30-13.24.08:753][  0]LogShaderLibrary: Display: ShaderCodeLibraryPakFileMountedCallback: PakFile 'D:/Program/UE_4.27/FeaturePacks/TP_FlyingBP.upack' (chunk index -1, root 'root:/') mounted
[2022.03.30-13.24.08:753][  0]LogShaderLibrary: Display: ShaderCodeLibraryPakFileMountedCallback: pending pak file info (ChunkID:-1 Root:root:/ File:D:/Program/UE_4.27/FeaturePacks/TP_FlyingBP.upack)
[2022.03.30-13.24.08:753][  0]LogPakFile: OnPakFileMounted2Time == 0.000045
[2022.03.30-13.24.08:782][  0]LogPakFile: PakFile PrimaryIndexSize=188
[2022.03.30-13.24.08:782][  0]LogPakFile: PakFile PathHashIndexSize=101
[2022.03.30-13.24.08:782][  0]LogPakFile: PakFile FullDirectoryIndexSize=150
[2022.03.30-13.24.08:782][  0]LogShaderLibrary: Display: ShaderCodeLibraryPakFileMountedCallback: PakFile 'D:/Program/UE_4.27/FeaturePacks/TP_HandheldARBP.upack' (chunk index -1, root 'root:/') mounted
[2022.03.30-13.24.08:782][  0]LogShaderLibrary: Display: ShaderCodeLibraryPakFileMountedCallback: pending pak file info (ChunkID:-1 Root:root:/ File:D:/Program/UE_4.27/FeaturePacks/TP_HandheldARBP.upack)
[2022.03.30-13.24.08:782][  0]LogPakFile: OnPakFileMounted2Time == 0.000045
[2022.03.30-13.24.08:790][  0]LogPakFile: PakFile PrimaryIndexSize=182
[2022.03.30-13.24.08:790][  0]LogPakFile: PakFile PathHashIndexSize=101
[2022.03.30-13.24.08:790][  0]LogPakFile: PakFile FullDirectoryIndexSize=138
[2022.03.30-13.24.08:790][  0]LogShaderLibrary: Display: ShaderCodeLibraryPakFileMountedCallback: PakFile 'D:/Program/UE_4.27/FeaturePacks/TP_Puzzle.upack' (chunk index -1, root 'root:/') mounted
[2022.03.30-13.24.08:790][  0]LogShaderLibrary: Display: ShaderCodeLibraryPakFileMountedCallback: pending pak file info (ChunkID:-1 Root:root:/ File:D:/Program/UE_4.27/FeaturePacks/TP_Puzzle.upack)
[2022.03.30-13.24.08:790][  0]LogPakFile: OnPakFileMounted2Time == 0.000044
[2022.03.30-13.24.08:803][  0]LogPakFile: PakFile PrimaryIndexSize=184
[2022.03.30-13.24.08:803][  0]LogPakFile: PakFile PathHashIndexSize=101
[2022.03.30-13.24.08:803][  0]LogPakFile: PakFile FullDirectoryIndexSize=142
[2022.03.30-13.24.08:803][  0]LogShaderLibrary: Display: ShaderCodeLibraryPakFileMountedCallback: PakFile 'D:/Program/UE_4.27/FeaturePacks/TP_PuzzleBP.upack' (chunk index -1, root 'root:/') mounted
[2022.03.30-13.24.08:803][  0]LogShaderLibrary: Display: ShaderCodeLibraryPakFileMountedCallback: pending pak file info (ChunkID:-1 Root:root:/ File:D:/Program/UE_4.27/FeaturePacks/TP_PuzzleBP.upack)
[2022.03.30-13.24.08:803][  0]LogPakFile: OnPakFileMounted2Time == 0.000045
[2022.03.30-13.24.08:809][  0]LogPakFile: PakFile PrimaryIndexSize=183
[2022.03.30-13.24.08:809][  0]LogPakFile: PakFile PathHashIndexSize=101
[2022.03.30-13.24.08:809][  0]LogPakFile: PakFile FullDirectoryIndexSize=140
[2022.03.30-13.24.08:809][  0]LogShaderLibrary: Display: ShaderCodeLibraryPakFileMountedCallback: PakFile 'D:/Program/UE_4.27/FeaturePacks/TP_Rolling.upack' (chunk index -1, root 'root:/') mounted
[2022.03.30-13.24.08:809][  0]LogShaderLibrary: Display: ShaderCodeLibraryPakFileMountedCallback: pending pak file info (ChunkID:-1 Root:root:/ File:D:/Program/UE_4.27/FeaturePacks/TP_Rolling.upack)
[2022.03.30-13.24.08:809][  0]LogPakFile: OnPakFileMounted2Time == 0.000052
[2022.03.30-13.24.08:916][  0]LogPakFile: PakFile PrimaryIndexSize=185
[2022.03.30-13.24.08:916][  0]LogPakFile: PakFile PathHashIndexSize=101
[2022.03.30-13.24.08:916][  0]LogPakFile: PakFile FullDirectoryIndexSize=144
[2022.03.30-13.24.08:916][  0]LogShaderLibrary: Display: ShaderCodeLibraryPakFileMountedCallback: PakFile 'D:/Program/UE_4.27/FeaturePacks/TP_RollingBP.upack' (chunk index -1, root 'root:/') mounted
[2022.03.30-13.24.08:916][  0]LogShaderLibrary: Display: ShaderCodeLibraryPakFileMountedCallback: pending pak file info (ChunkID:-1 Root:root:/ File:D:/Program/UE_4.27/FeaturePacks/TP_RollingBP.upack)
[2022.03.30-13.24.08:916][  0]LogPakFile: OnPakFileMounted2Time == 0.000045
[2022.03.30-13.24.08:920][  0]LogPakFile: PakFile PrimaryIndexSize=188
[2022.03.30-13.24.08:920][  0]LogPakFile: PakFile PathHashIndexSize=101
[2022.03.30-13.24.08:920][  0]LogPakFile: PakFile FullDirectoryIndexSize=150
[2022.03.30-13.24.08:920][  0]LogShaderLibrary: Display: ShaderCodeLibraryPakFileMountedCallback: PakFile 'D:/Program/UE_4.27/FeaturePacks/TP_SideScroller.upack' (chunk index -1, root 'root:/') mounted
[2022.03.30-13.24.08:920][  0]LogShaderLibrary: Display: ShaderCodeLibraryPakFileMountedCallback: pending pak file info (ChunkID:-1 Root:root:/ File:D:/Program/UE_4.27/FeaturePacks/TP_SideScroller.upack)
[2022.03.30-13.24.08:920][  0]LogPakFile: OnPakFileMounted2Time == 0.000045
[2022.03.30-13.24.08:934][  0]LogPakFile: PakFile PrimaryIndexSize=190
[2022.03.30-13.24.08:934][  0]LogPakFile: PakFile PathHashIndexSize=101
[2022.03.30-13.24.08:934][  0]LogPakFile: PakFile FullDirectoryIndexSize=154
[2022.03.30-13.24.08:934][  0]LogShaderLibrary: Display: ShaderCodeLibraryPakFileMountedCallback: PakFile 'D:/Program/UE_4.27/FeaturePacks/TP_SideScrollerBP.upack' (chunk index -1, root 'root:/') mounted
[2022.03.30-13.24.08:934][  0]LogShaderLibrary: Display: ShaderCodeLibraryPakFileMountedCallback: pending pak file info (ChunkID:-1 Root:root:/ File:D:/Program/UE_4.27/FeaturePacks/TP_SideScrollerBP.upack)
[2022.03.30-13.24.08:934][  0]LogPakFile: OnPakFileMounted2Time == 0.000044
[2022.03.30-13.24.08:942][  0]LogPakFile: PakFile PrimaryIndexSize=187
[2022.03.30-13.24.08:942][  0]LogPakFile: PakFile PathHashIndexSize=101
[2022.03.30-13.24.08:942][  0]LogPakFile: PakFile FullDirectoryIndexSize=148
[2022.03.30-13.24.08:942][  0]LogShaderLibrary: Display: ShaderCodeLibraryPakFileMountedCallback: PakFile 'D:/Program/UE_4.27/FeaturePacks/TP_ThirdPerson.upack' (chunk index -1, root 'root:/') mounted
[2022.03.30-13.24.08:942][  0]LogShaderLibrary: Display: ShaderCodeLibraryPakFileMountedCallback: pending pak file info (ChunkID:-1 Root:root:/ File:D:/Program/UE_4.27/FeaturePacks/TP_ThirdPerson.upack)
[2022.03.30-13.24.08:942][  0]LogPakFile: OnPakFileMounted2Time == 0.000044
[2022.03.30-13.24.08:946][  0]LogPakFile: PakFile PrimaryIndexSize=189
[2022.03.30-13.24.08:946][  0]LogPakFile: PakFile PathHashIndexSize=101
[2022.03.30-13.24.08:946][  0]LogPakFile: PakFile FullDirectoryIndexSize=152
[2022.03.30-13.24.08:946][  0]LogShaderLibrary: Display: ShaderCodeLibraryPakFileMountedCallback: PakFile 'D:/Program/UE_4.27/FeaturePacks/TP_ThirdPersonBP.upack' (chunk index -1, root 'root:/') mounted
[2022.03.30-13.24.08:946][  0]LogShaderLibrary: Display: ShaderCodeLibraryPakFileMountedCallback: pending pak file info (ChunkID:-1 Root:root:/ File:D:/Program/UE_4.27/FeaturePacks/TP_ThirdPersonBP.upack)
[2022.03.30-13.24.08:946][  0]LogPakFile: OnPakFileMounted2Time == 0.000052
[2022.03.30-13.24.08:957][  0]LogPakFile: PakFile PrimaryIndexSize=183
[2022.03.30-13.24.08:957][  0]LogPakFile: PakFile PathHashIndexSize=101
[2022.03.30-13.24.08:957][  0]LogPakFile: PakFile FullDirectoryIndexSize=140
[2022.03.30-13.24.08:957][  0]LogShaderLibrary: Display: ShaderCodeLibraryPakFileMountedCallback: PakFile 'D:/Program/UE_4.27/FeaturePacks/TP_TopDown.upack' (chunk index -1, root 'root:/') mounted
[2022.03.30-13.24.08:957][  0]LogShaderLibrary: Display: ShaderCodeLibraryPakFileMountedCallback: pending pak file info (ChunkID:-1 Root:root:/ File:D:/Program/UE_4.27/FeaturePacks/TP_TopDown.upack)
[2022.03.30-13.24.08:957][  0]LogPakFile: OnPakFileMounted2Time == 0.000171
[2022.03.30-13.24.08:961][  0]LogPakFile: PakFile PrimaryIndexSize=185
[2022.03.30-13.24.08:961][  0]LogPakFile: PakFile PathHashIndexSize=101
[2022.03.30-13.24.08:961][  0]LogPakFile: PakFile FullDirectoryIndexSize=144
[2022.03.30-13.24.08:961][  0]LogShaderLibrary: Display: ShaderCodeLibraryPakFileMountedCallback: PakFile 'D:/Program/UE_4.27/FeaturePacks/TP_TopDownBP.upack' (chunk index -1, root 'root:/') mounted
[2022.03.30-13.24.08:961][  0]LogShaderLibrary: Display: ShaderCodeLibraryPakFileMountedCallback: pending pak file info (ChunkID:-1 Root:root:/ File:D:/Program/UE_4.27/FeaturePacks/TP_TopDownBP.upack)
[2022.03.30-13.24.08:961][  0]LogPakFile: OnPakFileMounted2Time == 0.000045
[2022.03.30-13.24.08:965][  0]LogPakFile: PakFile PrimaryIndexSize=185
[2022.03.30-13.24.08:965][  0]LogPakFile: PakFile PathHashIndexSize=101
[2022.03.30-13.24.08:965][  0]LogPakFile: PakFile FullDirectoryIndexSize=144
[2022.03.30-13.24.08:965][  0]LogShaderLibrary: Display: ShaderCodeLibraryPakFileMountedCallback: PakFile 'D:/Program/UE_4.27/FeaturePacks/TP_TwinStick.upack' (chunk index -1, root 'root:/') mounted
[2022.03.30-13.24.08:965][  0]LogShaderLibrary: Display: ShaderCodeLibraryPakFileMountedCallback: pending pak file info (ChunkID:-1 Root:root:/ File:D:/Program/UE_4.27/FeaturePacks/TP_TwinStick.upack)
[2022.03.30-13.24.08:965][  0]LogPakFile: OnPakFileMounted2Time == 0.000045
[2022.03.30-13.24.08:999][  0]LogPakFile: PakFile PrimaryIndexSize=187
[2022.03.30-13.24.08:999][  0]LogPakFile: PakFile PathHashIndexSize=101
[2022.03.30-13.24.08:999][  0]LogPakFile: PakFile FullDirectoryIndexSize=148
[2022.03.30-13.24.08:999][  0]LogShaderLibrary: Display: ShaderCodeLibraryPakFileMountedCallback: PakFile 'D:/Program/UE_4.27/FeaturePacks/TP_TwinStickBP.upack' (chunk index -1, root 'root:/') mounted
[2022.03.30-13.24.08:999][  0]LogShaderLibrary: Display: ShaderCodeLibraryPakFileMountedCallback: pending pak file info (ChunkID:-1 Root:root:/ File:D:/Program/UE_4.27/FeaturePacks/TP_TwinStickBP.upack)
[2022.03.30-13.24.08:999][  0]LogPakFile: OnPakFileMounted2Time == 0.000044
[2022.03.30-13.24.09:003][  0]LogPakFile: PakFile PrimaryIndexSize=183
[2022.03.30-13.24.09:003][  0]LogPakFile: PakFile PathHashIndexSize=101
[2022.03.30-13.24.09:003][  0]LogPakFile: PakFile FullDirectoryIndexSize=140
[2022.03.30-13.24.09:003][  0]LogShaderLibrary: Display: ShaderCodeLibraryPakFileMountedCallback: PakFile 'D:/Program/UE_4.27/FeaturePacks/TP_Vehicle.upack' (chunk index -1, root 'root:/') mounted
[2022.03.30-13.24.09:003][  0]LogShaderLibrary: Display: ShaderCodeLibraryPakFileMountedCallback: pending pak file info (ChunkID:-1 Root:root:/ File:D:/Program/UE_4.27/FeaturePacks/TP_Vehicle.upack)
[2022.03.30-13.24.09:003][  0]LogPakFile: OnPakFileMounted2Time == 0.000044
[2022.03.30-13.24.09:020][  0]LogPakFile: PakFile PrimaryIndexSize=186
[2022.03.30-13.24.09:020][  0]LogPakFile: PakFile PathHashIndexSize=101
[2022.03.30-13.24.09:020][  0]LogPakFile: PakFile FullDirectoryIndexSize=146
[2022.03.30-13.24.09:020][  0]LogShaderLibrary: Display: ShaderCodeLibraryPakFileMountedCallback: PakFile 'D:/Program/UE_4.27/FeaturePacks/TP_VehicleAdv.upack' (chunk index -1, root 'root:/') mounted
[2022.03.30-13.24.09:020][  0]LogShaderLibrary: Display: ShaderCodeLibraryPakFileMountedCallback: pending pak file info (ChunkID:-1 Root:root:/ File:D:/Program/UE_4.27/FeaturePacks/TP_VehicleAdv.upack)
[2022.03.30-13.24.09:020][  0]LogPakFile: OnPakFileMounted2Time == 0.000177
[2022.03.30-13.24.09:034][  0]LogPakFile: PakFile PrimaryIndexSize=188
[2022.03.30-13.24.09:035][  0]LogPakFile: PakFile PathHashIndexSize=101
[2022.03.30-13.24.09:035][  0]LogPakFile: PakFile FullDirectoryIndexSize=150
[2022.03.30-13.24.09:035][  0]LogShaderLibrary: Display: ShaderCodeLibraryPakFileMountedCallback: PakFile 'D:/Program/UE_4.27/FeaturePacks/TP_VehicleAdvBP.upack' (chunk index -1, root 'root:/') mounted
[2022.03.30-13.24.09:035][  0]LogShaderLibrary: Display: ShaderCodeLibraryPakFileMountedCallback: pending pak file info (ChunkID:-1 Root:root:/ File:D:/Program/UE_4.27/FeaturePacks/TP_VehicleAdvBP.upack)
[2022.03.30-13.24.09:035][  0]LogPakFile: OnPakFileMounted2Time == 0.000056
[2022.03.30-13.24.09:040][  0]LogPakFile: PakFile PrimaryIndexSize=185
[2022.03.30-13.24.09:040][  0]LogPakFile: PakFile PathHashIndexSize=101
[2022.03.30-13.24.09:040][  0]LogPakFile: PakFile FullDirectoryIndexSize=144
[2022.03.30-13.24.09:040][  0]LogShaderLibrary: Display: ShaderCodeLibraryPakFileMountedCallback: PakFile 'D:/Program/UE_4.27/FeaturePacks/TP_VehicleBP.upack' (chunk index -1, root 'root:/') mounted
[2022.03.30-13.24.09:040][  0]LogShaderLibrary: Display: ShaderCodeLibraryPakFileMountedCallback: pending pak file info (ChunkID:-1 Root:root:/ File:D:/Program/UE_4.27/FeaturePacks/TP_VehicleBP.upack)
[2022.03.30-13.24.09:040][  0]LogPakFile: OnPakFileMounted2Time == 0.000051
[2022.03.30-13.24.09:045][  0]LogPakFile: PakFile PrimaryIndexSize=192
[2022.03.30-13.24.09:045][  0]LogPakFile: PakFile PathHashIndexSize=101
[2022.03.30-13.24.09:045][  0]LogPakFile: PakFile FullDirectoryIndexSize=158
[2022.03.30-13.24.09:045][  0]LogShaderLibrary: Display: ShaderCodeLibraryPakFileMountedCallback: PakFile 'D:/Program/UE_4.27/FeaturePacks/TP_VirtualRealityBP.upack' (chunk index -1, root 'root:/') mounted
[2022.03.30-13.24.09:045][  0]LogShaderLibrary: Display: ShaderCodeLibraryPakFileMountedCallback: pending pak file info (ChunkID:-1 Root:root:/ File:D:/Program/UE_4.27/FeaturePacks/TP_VirtualRealityBP.upack)
[2022.03.30-13.24.09:045][  0]LogPakFile: OnPakFileMounted2Time == 0.000055
[2022.03.30-13.24.10:486][  0]LogNativeClassHierarchy: Verbose: Native class hierarchy updated for 'AddContentDialog' in 0.0005 seconds. Added 0 classes and 0 folders.
[2022.03.30-13.24.10:534][  0]LogNativeClassHierarchy: Verbose: Native class hierarchy updated for 'SceneOutliner' in 0.0003 seconds. Added 2 classes and 0 folders.
[2022.03.30-13.24.12:088][  0]LogNativeClassHierarchy: Verbose: Native class hierarchy updated for 'HierarchicalLODOutliner' in 0.0003 seconds. Added 0 classes and 0 folders.
[2022.03.30-13.24.12:100][  0]LogInput: Warning: Action Jump uses invalid key OculusGo_Left_Trigger_Click.
[2022.03.30-13.24.12:100][  0]LogInput: Warning: Action ResetVR uses invalid key OculusGo_Left_Trackpad_Click.
[2022.03.30-13.24.12:100][  0]LogInput: Warning: Use -RemoveInvalidKeys to remove instances of these keys from the action mapping.
[2022.03.30-13.24.12:100][  0]LogLoad: (Engine Initialization) Total time: 141.60 seconds
[2022.03.30-13.24.12:100][  0]LogLoad: (Engine Initialization) Total Blueprint compile time: 0.00 seconds
[2022.03.30-13.24.13:202][  0]LogContentStreaming: Texture pool size now 1000 MB
[2022.03.30-13.24.13:504][  0]LogSlate: Took 0.039017 seconds to synchronously load lazily loaded font '../../../Engine/Content/Slate/Fonts/Roboto-Regular.ttf' (155K)
[2022.03.30-13.24.13:589][  0]LogSlate: Took 0.022259 seconds to synchronously load lazily loaded font '../../../Engine/Content/Editor/Slate/Fonts/FontAwesome.ttf' (139K)
[2022.03.30-13.24.13:690][  0]LogSlate: Took 0.032093 seconds to synchronously load lazily loaded font '../../../Engine/Content/Slate/Fonts/Roboto-Bold.ttf' (160K)
[2022.03.30-13.24.15:170][  0]LogRenderer: Reallocating scene render targets to support 684x412 Format 10 NumSamples 1 (Frame:1).
[2022.03.30-13.24.15:170][  0]LogSlate: Took 0.041259 seconds to synchronously load lazily loaded font '../../../Engine/Content/Slate/Fonts/Roboto-Light.ttf' (167K)
[2022.03.30-13.24.15:812][  1]LogAssetRegistry: Asset discovery search completed in 84.6441 seconds
[2022.03.30-13.24.16:041][  1]LogCollectionManager: Fixed up redirectors for 0 collections in 0.013444 seconds (updated 0 objects)
